[Core] INFO: Trying to re-use existing login session...
[cli] INFO: Preparing download for "Saints Row IV Re-Elected" (0d35a1d0eade40c5ac0bea5eed8b5338)...
[Core] INFO: Parsing game manifest...
[Core] INFO: Install path: /mnt/GAMES/Games/Heroic/SaintsRowIV
[Core] INFO: Selected CDN: fastly-download.epicgames.com (https)
[DLM] INFO: Found 0 missing files.
[cli] INFO: Install size: 12945.57 MiB
[cli] INFO: Download size: 12151.45 MiB (Compression savings: 3.3%)
[cli] INFO: Reusable size: 0.00 MiB (chunks) / 0.00 MiB (unchanged / skipped)
[cli] INFO: Downloads are resumable, you can interrupt the download with CTRL-C and resume it using the same command later on.
[DLManager] INFO: Download Manager running with process-id: 54912
[DLManager] INFO: Starting download workers...
[DLManager] INFO: Starting file writing worker...
[DLManager] INFO: = Progress: 0.00% (0/13686), Running for 00:00:00, ETA: 00:00:00
[DLManager] INFO:  - Downloaded: 0.00 MiB, Written: 0.00 MiB
[DLManager] INFO:  - Cache usage: 3.00 MiB, active tasks: 2
[DLManager] INFO:  + Download	- 0.00 MiB/s (raw) / 0.00 MiB/s (decompressed)
[DLManager] INFO:  + Disk	- 0.00 MiB/s (write) / 0.00 MiB/s (read)
[DLManager] INFO: = Progress: 0.29% (40/13686), Running for 00:00:01, ETA: 00:05:42
[DLManager] INFO:  - Downloaded: 78.58 MiB, Written: 36.97 MiB
[DLManager] INFO:  - Cache usage: 86.00 MiB, active tasks: 32
[DLManager] INFO:  + Download	- 78.49 MiB/s (raw) / 89.90 MiB/s (decompressed)
[DLManager] INFO:  + Disk	- 36.92 MiB/s (write) / 0.00 MiB/s (read)
[DLManager] INFO: = Progress: 1.21% (166/13686), Running for 00:00:02, ETA: 00:02:43
[DLManager] INFO:  - Downloaded: 172.41 MiB, Written: 162.97 MiB
[DLManager] INFO:  - Cache usage: 54.00 MiB, active tasks: 32
[DLManager] INFO:  + Download	- 93.78 MiB/s (raw) / 93.95 MiB/s (decompressed)
[DLManager] INFO:  + Disk	- 125.93 MiB/s (write) / 0.00 MiB/s (read)
[DLManager] INFO: = Progress: 1.80% (246/13686), Running for 00:00:03, ETA: 00:02:44
[DLManager] INFO:  - Downloaded: 262.21 MiB, Written: 242.97 MiB
[DLManager] INFO:  - Cache usage: 64.00 MiB, active tasks: 32
[DLManager] INFO:  + Download	- 89.71 MiB/s (raw) / 89.91 MiB/s (decompressed)
[DLManager] INFO:  + Disk	- 79.92 MiB/s (write) / 0.00 MiB/s (read)
[DLManager] INFO: = Progress: 2.47% (338/13686), Running for 00:00:04, ETA: 00:02:38
[DLManager] INFO:  - Downloaded: 356.04 MiB, Written: 334.97 MiB
[DLManager] INFO:  - Cache usage: 66.00 MiB, active tasks: 32
[DLManager] INFO:  + Download	- 93.75 MiB/s (raw) / 93.91 MiB/s (decompressed)
[DLManager] INFO:  + Disk	- 91.91 MiB/s (write) / 0.00 MiB/s (read)
[DLManager] INFO: = Progress: 3.02% (414/13686), Running for 00:00:05, ETA: 00:02:40
[DLManager] INFO:  - Downloaded: 454.86 MiB, Written: 410.97 MiB
[DLManager] INFO:  - Cache usage: 89.00 MiB, active tasks: 32
[DLManager] INFO:  + Download	- 98.72 MiB/s (raw) / 98.90 MiB/s (decompressed)
[DLManager] INFO:  + Disk	- 75.92 MiB/s (write) / 0.00 MiB/s (read)
[DLManager] INFO: = Progress: 3.79% (519/13686), Running for 00:00:06, ETA: 00:02:32
[DLManager] INFO:  - Downloaded: 548.69 MiB, Written: 515.97 MiB
[DLManager] INFO:  - Cache usage: 78.00 MiB, active tasks: 32
[DLManager] INFO:  + Download	- 93.74 MiB/s (raw) / 93.91 MiB/s (decompressed)
[DLManager] INFO:  + Disk	- 104.90 MiB/s (write) / 0.00 MiB/s (read)
[DLManager] INFO: = Progress: 4.41% (604/13686), Running for 00:00:07, ETA: 00:02:31
[DLManager] INFO:  - Downloaded: 645.18 MiB, Written: 599.97 MiB
[DLManager] INFO:  - Cache usage: 91.00 MiB, active tasks: 32
[DLManager] INFO:  + Download	- 96.39 MiB/s (raw) / 96.90 MiB/s (decompressed)
[DLManager] INFO:  + Disk	- 83.92 MiB/s (write) / 0.00 MiB/s (read)
[DLManager] INFO: = Progress: 5.20% (712/13686), Running for 00:00:08, ETA: 00:02:25
[DLManager] INFO:  - Downloaded: 747.05 MiB, Written: 706.97 MiB
[DLManager] INFO:  - Cache usage: 86.00 MiB, active tasks: 32
[DLManager] INFO:  + Download	- 101.74 MiB/s (raw) / 101.87 MiB/s (decompressed)
[DLManager] INFO:  + Disk	- 106.87 MiB/s (write) / 0.00 MiB/s (read)
[DLManager] INFO: = Progress: 5.96% (816/13686), Running for 00:00:09, ETA: 00:02:22
[DLManager] INFO:  - Downloaded: 848.89 MiB, Written: 810.97 MiB
[DLManager] INFO:  - Cache usage: 84.00 MiB, active tasks: 32
[DLManager] INFO:  + Download	- 101.76 MiB/s (raw) / 101.92 MiB/s (decompressed)
[DLManager] INFO:  + Disk	- 103.92 MiB/s (write) / 0.00 MiB/s (read)
[DLManager] INFO: = Progress: 6.66% (911/13686), Running for 00:00:10, ETA: 00:02:20
[DLManager] INFO:  - Downloaded: 948.76 MiB, Written: 905.97 MiB
[DLManager] INFO:  - Cache usage: 89.00 MiB, active tasks: 32
[DLManager] INFO:  + Download	- 99.77 MiB/s (raw) / 99.90 MiB/s (decompressed)
[DLManager] INFO:  + Disk	- 94.91 MiB/s (write) / 0.00 MiB/s (read)
[DLManager] INFO: = Progress: 7.36% (1007/13686), Running for 00:00:11, ETA: 00:02:18
[DLManager] INFO:  - Downloaded: 1049.61 MiB, Written: 1001.97 MiB
[DLManager] INFO:  - Cache usage: 94.00 MiB, active tasks: 32
[DLManager] INFO:  + Download	- 100.75 MiB/s (raw) / 100.90 MiB/s (decompressed)
[DLManager] INFO:  + Disk	- 95.90 MiB/s (write) / 0.00 MiB/s (read)
[DLManager] INFO: = Progress: 8.12% (1111/13686), Running for 00:00:12, ETA: 00:02:15
[DLManager] INFO:  - Downloaded: 1148.47 MiB, Written: 1105.97 MiB
[DLManager] INFO:  - Cache usage: 89.00 MiB, active tasks: 32
[DLManager] INFO:  + Download	- 98.76 MiB/s (raw) / 98.90 MiB/s (decompressed)
[DLManager] INFO:  + Disk	- 103.90 MiB/s (write) / 0.00 MiB/s (read)
[DLManager] INFO: = Progress: 9.07% (1241/13686), Running for 00:00:13, ETA: 00:02:10
[DLManager] INFO:  - Downloaded: 1249.42 MiB, Written: 1235.97 MiB
[DLManager] INFO:  - Cache usage: 68.00 MiB, active tasks: 32
[DLManager] INFO:  + Download	- 100.84 MiB/s (raw) / 108.89 MiB/s (decompressed)
[DLManager] INFO:  + Disk	- 129.87 MiB/s (write) / 0.00 MiB/s (read)
[DLManager] INFO: = Progress: 9.97% (1365/13686), Running for 00:00:14, ETA: 00:02:06
[DLManager] INFO:  - Downloaded: 1344.87 MiB, Written: 1358.97 MiB
[DLManager] INFO:  - Cache usage: 68.00 MiB, active tasks: 32
[DLManager] INFO:  + Download	- 95.36 MiB/s (raw) / 122.88 MiB/s (decompressed)
[DLManager] INFO:  + Disk	- 122.88 MiB/s (write) / 0.00 MiB/s (read)
[DLManager] INFO: = Progress: 10.54% (1443/13686), Running for 00:00:15, ETA: 00:02:07
[DLManager] INFO:  - Downloaded: 1439.40 MiB, Written: 1434.97 MiB
[DLManager] INFO:  - Cache usage: 93.00 MiB, active tasks: 32
[DLManager] INFO:  + Download	- 94.44 MiB/s (raw) / 100.90 MiB/s (decompressed)
[DLManager] INFO:  + Disk	- 75.92 MiB/s (write) / 0.00 MiB/s (read)
[DLManager] INFO: = Progress: 11.46% (1569/13686), Running for 00:00:16, ETA: 00:02:03
[DLManager] INFO:  - Downloaded: 1540.77 MiB, Written: 1560.97 MiB
[DLManager] INFO:  - Cache usage: 72.00 MiB, active tasks: 32
[DLManager] INFO:  + Download	- 101.27 MiB/s (raw) / 104.90 MiB/s (decompressed)
[DLManager] INFO:  + Disk	- 125.87 MiB/s (write) / 0.00 MiB/s (read)
[DLManager] INFO: = Progress: 12.03% (1646/13686), Running for 00:00:17, ETA: 00:02:04
[DLManager] INFO:  - Downloaded: 1642.93 MiB, Written: 1631.97 MiB
[DLManager] INFO:  - Cache usage: 105.00 MiB, active tasks: 32
[DLManager] INFO:  + Download	- 102.05 MiB/s (raw) / 102.90 MiB/s (decompressed)
[DLManager] INFO:  + Disk	- 70.93 MiB/s (write) / 0.00 MiB/s (read)
[DLManager] INFO: = Progress: 12.89% (1764/13686), Running for 00:00:18, ETA: 00:02:01
[DLManager] INFO:  - Downloaded: 1741.22 MiB, Written: 1745.97 MiB
[DLManager] INFO:  - Cache usage: 106.00 MiB, active tasks: 32
[DLManager] INFO:  + Download	- 98.19 MiB/s (raw) / 98.90 MiB/s (decompressed)
[DLManager] INFO:  + Disk	- 113.88 MiB/s (write) / 0.00 MiB/s (read)
[DLManager] INFO: = Progress: 13.47% (1844/13686), Running for 00:00:19, ETA: 00:02:02
[DLManager] INFO:  - Downloaded: 1835.53 MiB, Written: 1825.97 MiB
[DLManager] INFO:  - Cache usage: 123.00 MiB, active tasks: 32
[DLManager] INFO:  + Download	- 94.22 MiB/s (raw) / 94.91 MiB/s (decompressed)
[DLManager] INFO:  + Disk	- 79.92 MiB/s (write) / 0.00 MiB/s (read)
[DLManager] INFO: = Progress: 14.74% (2017/13686), Running for 00:00:20, ETA: 00:01:55
[DLManager] INFO:  - Downloaded: 1939.50 MiB, Written: 1984.97 MiB
[DLManager] INFO:  - Cache usage: 88.00 MiB, active tasks: 32
[DLManager] INFO:  + Download	- 103.87 MiB/s (raw) / 104.90 MiB/s (decompressed)
[DLManager] INFO:  + Disk	- 158.84 MiB/s (write) / 0.00 MiB/s (read)
[DLManager] INFO: = Progress: 15.67% (2145/13686), Running for 00:00:21, ETA: 00:01:53
[DLManager] INFO:  - Downloaded: 2039.83 MiB, Written: 2094.97 MiB
[DLManager] INFO:  - Cache usage: 82.00 MiB, active tasks: 32
[DLManager] INFO:  + Download	- 100.23 MiB/s (raw) / 104.90 MiB/s (decompressed)
[DLManager] INFO:  + Disk	- 109.89 MiB/s (write) / 0.00 MiB/s (read)
[DLManager] INFO: = Progress: 16.28% (2228/13686), Running for 00:00:22, ETA: 00:01:53
[DLManager] INFO:  - Downloaded: 2135.22 MiB, Written: 2177.97 MiB
[DLManager] INFO:  - Cache usage: 99.00 MiB, active tasks: 32
[DLManager] INFO:  + Download	- 95.28 MiB/s (raw) / 99.89 MiB/s (decompressed)
[DLManager] INFO:  + Disk	- 82.91 MiB/s (write) / 0.00 MiB/s (read)
[DLManager] INFO: = Progress: 17.00% (2326/13686), Running for 00:00:23, ETA: 00:01:52
[DLManager] INFO:  - Downloaded: 2230.66 MiB, Written: 2273.34 MiB
[DLManager] INFO:  - Cache usage: 105.00 MiB, active tasks: 32
[DLManager] INFO:  + Download	- 95.35 MiB/s (raw) / 100.90 MiB/s (decompressed)
[DLManager] INFO:  + Disk	- 95.28 MiB/s (write) / 0.00 MiB/s (read)
[DLManager] INFO: = Progress: 17.62% (2412/13686), Running for 00:00:24, ETA: 00:01:52
[DLManager] INFO:  - Downloaded: 2326.92 MiB, Written: 2356.15 MiB
[DLManager] INFO:  - Cache usage: 122.00 MiB, active tasks: 32
[DLManager] INFO:  + Download	- 96.16 MiB/s (raw) / 97.91 MiB/s (decompressed)
[DLManager] INFO:  + Disk	- 82.73 MiB/s (write) / 0.00 MiB/s (read)
[DLManager] INFO: = Progress: 18.52% (2534/13686), Running for 00:00:25, ETA: 00:01:50
[DLManager] INFO:  - Downloaded: 2421.96 MiB, Written: 2470.19 MiB
[DLManager] INFO:  - Cache usage: 106.00 MiB, active tasks: 32
[DLManager] INFO:  + Download	- 94.96 MiB/s (raw) / 97.91 MiB/s (decompressed)
[DLManager] INFO:  + Disk	- 113.93 MiB/s (write) / 0.00 MiB/s (read)
[DLManager] INFO: = Progress: 19.23% (2632/13686), Running for 00:00:26, ETA: 00:01:49
[DLManager] INFO:  - Downloaded: 2523.95 MiB, Written: 2564.99 MiB
[DLManager] INFO:  - Cache usage: 116.00 MiB, active tasks: 32
[DLManager] INFO:  + Download	- 101.88 MiB/s (raw) / 104.89 MiB/s (decompressed)
[DLManager] INFO:  + Disk	- 94.71 MiB/s (write) / 0.00 MiB/s (read)
[DLManager] INFO: = Progress: 20.33% (2783/13686), Running for 00:00:27, ETA: 00:01:45
[DLManager] INFO:  - Downloaded: 2622.43 MiB, Written: 2709.26 MiB
[DLManager] INFO:  - Cache usage: 78.00 MiB, active tasks: 32
[DLManager] INFO:  + Download	- 98.37 MiB/s (raw) / 105.87 MiB/s (decompressed)
[DLManager] INFO:  + Disk	- 144.10 MiB/s (write) / 0.00 MiB/s (read)
[DLManager] INFO: = Progress: 21.12% (2891/13686), Running for 00:00:28, ETA: 00:01:44
[DLManager] INFO:  - Downloaded: 2725.56 MiB, Written: 2806.78 MiB
[DLManager] INFO:  - Cache usage: 94.00 MiB, active tasks: 32
[DLManager] INFO:  + Download	- 103.04 MiB/s (raw) / 104.92 MiB/s (decompressed)
[DLManager] INFO:  + Disk	- 97.44 MiB/s (write) / 0.00 MiB/s (read)
[DLManager] INFO: = Progress: 21.75% (2977/13686), Running for 00:00:29, ETA: 00:01:44
[DLManager] INFO:  - Downloaded: 2826.70 MiB, Written: 2880.26 MiB
[DLManager] INFO:  - Cache usage: 122.00 MiB, active tasks: 32
[DLManager] INFO:  + Download	- 101.04 MiB/s (raw) / 101.90 MiB/s (decompressed)
[DLManager] INFO:  + Disk	- 73.41 MiB/s (write) / 0.00 MiB/s (read)
[DLManager] INFO: = Progress: 22.72% (3110/13686), Running for 00:00:30, ETA: 00:01:42
[DLManager] INFO:  - Downloaded: 2926.68 MiB, Written: 3000.12 MiB
[DLManager] INFO:  - Cache usage: 112.00 MiB, active tasks: 32
[DLManager] INFO:  + Download	- 99.88 MiB/s (raw) / 103.90 MiB/s (decompressed)
[DLManager] INFO:  + Disk	- 119.74 MiB/s (write) / 0.00 MiB/s (read)
[DLManager] INFO: = Progress: 23.75% (3251/13686), Running for 00:00:31, ETA: 00:01:39
[DLManager] INFO:  - Downloaded: 3024.43 MiB, Written: 3131.45 MiB
[DLManager] INFO:  - Cache usage: 84.00 MiB, active tasks: 32
[DLManager] INFO:  + Download	- 97.65 MiB/s (raw) / 100.90 MiB/s (decompressed)
[DLManager] INFO:  + Disk	- 131.20 MiB/s (write) / 0.00 MiB/s (read)
[DLManager] INFO: = Progress: 24.34% (3331/13686), Running for 00:00:32, ETA: 00:01:39
[DLManager] INFO:  - Downloaded: 3119.10 MiB, Written: 3209.41 MiB
[DLManager] INFO:  - Cache usage: 104.00 MiB, active tasks: 32
[DLManager] INFO:  + Download	- 94.58 MiB/s (raw) / 97.90 MiB/s (decompressed)
[DLManager] INFO:  + Disk	- 77.88 MiB/s (write) / 0.00 MiB/s (read)
[DLManager] INFO: = Progress: 25.19% (3448/13686), Running for 00:00:33, ETA: 00:01:38
[DLManager] INFO:  - Downloaded: 3215.53 MiB, Written: 3316.42 MiB
[DLManager] INFO:  - Cache usage: 95.00 MiB, active tasks: 32
[DLManager] INFO:  + Download	- 96.33 MiB/s (raw) / 97.89 MiB/s (decompressed)
[DLManager] INFO:  + Disk	- 106.90 MiB/s (write) / 0.00 MiB/s (read)
[DLManager] INFO: = Progress: 26.15% (3579/13686), Running for 00:00:34, ETA: 00:01:36
[DLManager] INFO:  - Downloaded: 3315.36 MiB, Written: 3432.16 MiB
[DLManager] INFO:  - Cache usage: 81.00 MiB, active tasks: 32
[DLManager] INFO:  + Download	- 99.74 MiB/s (raw) / 100.91 MiB/s (decompressed)
[DLManager] INFO:  + Disk	- 115.63 MiB/s (write) / 0.00 MiB/s (read)
[DLManager] INFO: = Progress: 27.44% (3755/13686), Running for 00:00:35, ETA: 00:01:32
[DLManager] INFO:  - Downloaded: 3414.61 MiB, Written: 3584.40 MiB
[DLManager] INFO:  - Cache usage: 54.00 MiB, active tasks: 32
[DLManager] INFO:  + Download	- 99.14 MiB/s (raw) / 124.88 MiB/s (decompressed)
[DLManager] INFO:  + Disk	- 152.09 MiB/s (write) / 0.00 MiB/s (read)
[DLManager] INFO: = Progress: 28.22% (3862/13686), Running for 00:00:36, ETA: 00:01:31
[DLManager] INFO:  - Downloaded: 3510.78 MiB, Written: 3687.40 MiB
[DLManager] INFO:  - Cache usage: 52.00 MiB, active tasks: 32
[DLManager] INFO:  + Download	- 96.08 MiB/s (raw) / 100.90 MiB/s (decompressed)
[DLManager] INFO:  + Disk	- 102.90 MiB/s (write) / 0.00 MiB/s (read)
[DLManager] INFO: = Progress: 28.83% (3946/13686), Running for 00:00:37, ETA: 00:01:31
[DLManager] INFO:  - Downloaded: 3608.09 MiB, Written: 3771.40 MiB
[DLManager] INFO:  - Cache usage: 67.00 MiB, active tasks: 32
[DLManager] INFO:  + Download	- 97.21 MiB/s (raw) / 98.90 MiB/s (decompressed)
[DLManager] INFO:  + Disk	- 83.92 MiB/s (write) / 0.00 MiB/s (read)
[DLManager] INFO: = Progress: 29.51% (4039/13686), Running for 00:00:38, ETA: 00:01:30
[DLManager] INFO:  - Downloaded: 3707.76 MiB, Written: 3864.40 MiB
[DLManager] INFO:  - Cache usage: 75.00 MiB, active tasks: 32
[DLManager] INFO:  + Download	- 99.56 MiB/s (raw) / 100.88 MiB/s (decompressed)
[DLManager] INFO:  + Disk	- 92.89 MiB/s (write) / 0.00 MiB/s (read)
[DLManager] INFO: = Progress: 30.05% (4113/13686), Running for 00:00:39, ETA: 00:01:30
[DLManager] INFO:  - Downloaded: 3806.53 MiB, Written: 3938.40 MiB
[DLManager] INFO:  - Cache usage: 101.00 MiB, active tasks: 32
[DLManager] INFO:  + Download	- 98.69 MiB/s (raw) / 99.92 MiB/s (decompressed)
[DLManager] INFO:  + Disk	- 73.94 MiB/s (write) / 0.00 MiB/s (read)
[DLManager] INFO: = Progress: 30.81% (4216/13686), Running for 00:00:40, ETA: 00:01:29
[DLManager] INFO:  - Downloaded: 3905.38 MiB, Written: 4041.40 MiB
[DLManager] INFO:  - Cache usage: 98.00 MiB, active tasks: 32
[DLManager] INFO:  + Download	- 98.75 MiB/s (raw) / 99.90 MiB/s (decompressed)
[DLManager] INFO:  + Disk	- 102.90 MiB/s (write) / 0.00 MiB/s (read)
[DLManager] INFO: = Progress: 31.41% (4299/13686), Running for 00:00:41, ETA: 00:01:29
[DLManager] INFO:  - Downloaded: 4003.62 MiB, Written: 4124.40 MiB
[DLManager] INFO:  - Cache usage: 116.00 MiB, active tasks: 32
[DLManager] INFO:  + Download	- 98.14 MiB/s (raw) / 100.90 MiB/s (decompressed)
[DLManager] INFO:  + Disk	- 82.92 MiB/s (write) / 0.00 MiB/s (read)
[DLManager] INFO: = Progress: 32.41% (4436/13686), Running for 00:00:42, ETA: 00:01:27
[DLManager] INFO:  - Downloaded: 4104.58 MiB, Written: 4260.40 MiB
[DLManager] INFO:  - Cache usage: 83.00 MiB, active tasks: 32
[DLManager] INFO:  + Download	- 100.86 MiB/s (raw) / 102.90 MiB/s (decompressed)
[DLManager] INFO:  + Disk	- 135.86 MiB/s (write) / 0.00 MiB/s (read)
[DLManager] INFO: = Progress: 32.92% (4505/13686), Running for 00:00:43, ETA: 00:01:27
[DLManager] INFO:  - Downloaded: 4205.74 MiB, Written: 4329.40 MiB
[DLManager] INFO:  - Cache usage: 116.00 MiB, active tasks: 32
[DLManager] INFO:  + Download	- 101.06 MiB/s (raw) / 101.90 MiB/s (decompressed)
[DLManager] INFO:  + Disk	- 68.93 MiB/s (write) / 0.00 MiB/s (read)
[DLManager] INFO: = Progress: 33.91% (4641/13686), Running for 00:00:44, ETA: 00:01:25
[DLManager] INFO:  - Downloaded: 4303.90 MiB, Written: 4465.40 MiB
[DLManager] INFO:  - Cache usage: 79.00 MiB, active tasks: 32
[DLManager] INFO:  + Download	- 98.06 MiB/s (raw) / 98.90 MiB/s (decompressed)
[DLManager] INFO:  + Disk	- 135.86 MiB/s (write) / 0.00 MiB/s (read)
[DLManager] INFO: = Progress: 34.63% (4739/13686), Running for 00:00:45, ETA: 00:01:25
[DLManager] INFO:  - Downloaded: 4402.79 MiB, Written: 4563.40 MiB
[DLManager] INFO:  - Cache usage: 81.00 MiB, active tasks: 32
[DLManager] INFO:  + Download	- 98.79 MiB/s (raw) / 99.90 MiB/s (decompressed)
[DLManager] INFO:  + Disk	- 97.90 MiB/s (write) / 0.00 MiB/s (read)
[DLManager] INFO: = Progress: 35.42% (4848/13686), Running for 00:00:46, ETA: 00:01:23
[DLManager] INFO:  - Downloaded: 4497.65 MiB, Written: 4672.40 MiB
[DLManager] INFO:  - Cache usage: 68.00 MiB, active tasks: 32
[DLManager] INFO:  + Download	- 94.76 MiB/s (raw) / 95.90 MiB/s (decompressed)
[DLManager] INFO:  + Disk	- 108.89 MiB/s (write) / 0.00 MiB/s (read)
[DLManager] INFO: = Progress: 36.12% (4944/13686), Running for 00:00:47, ETA: 00:01:23
[DLManager] INFO:  - Downloaded: 4594.55 MiB, Written: 4768.40 MiB
[DLManager] INFO:  - Cache usage: 70.00 MiB, active tasks: 32
[DLManager] INFO:  + Download	- 96.81 MiB/s (raw) / 97.91 MiB/s (decompressed)
[DLManager] INFO:  + Disk	- 95.91 MiB/s (write) / 0.00 MiB/s (read)
[DLManager] INFO: = Progress: 36.75% (5029/13686), Running for 00:00:48, ETA: 00:01:22
[DLManager] INFO:  - Downloaded: 4693.62 MiB, Written: 4853.40 MiB
[DLManager] INFO:  - Cache usage: 85.00 MiB, active tasks: 32
[DLManager] INFO:  + Download	- 98.96 MiB/s (raw) / 99.90 MiB/s (decompressed)
[DLManager] INFO:  + Disk	- 84.92 MiB/s (write) / 0.00 MiB/s (read)
[DLManager] INFO: = Progress: 37.45% (5126/13686), Running for 00:00:49, ETA: 00:01:21
[DLManager] INFO:  - Downloaded: 4784.55 MiB, Written: 4950.40 MiB
[DLManager] INFO:  - Cache usage: 83.00 MiB, active tasks: 32
[DLManager] INFO:  + Download	- 90.85 MiB/s (raw) / 94.91 MiB/s (decompressed)
[DLManager] INFO:  + Disk	- 96.90 MiB/s (write) / 0.00 MiB/s (read)
[DLManager] INFO: = Progress: 37.95% (5194/13686), Running for 00:00:50, ETA: 00:01:21
[DLManager] INFO:  - Downloaded: 4877.03 MiB, Written: 5009.41 MiB
[DLManager] INFO:  - Cache usage: 118.00 MiB, active tasks: 32
[DLManager] INFO:  + Download	- 92.37 MiB/s (raw) / 93.89 MiB/s (decompressed)
[DLManager] INFO:  + Disk	- 58.94 MiB/s (write) / 0.00 MiB/s (read)
[DLManager] INFO: = Progress: 38.88% (5321/13686), Running for 00:00:51, ETA: 00:01:20
[DLManager] INFO:  - Downloaded: 4965.87 MiB, Written: 5121.45 MiB
[DLManager] INFO:  - Cache usage: 98.00 MiB, active tasks: 32
[DLManager] INFO:  + Download	- 88.77 MiB/s (raw) / 89.92 MiB/s (decompressed)
[DLManager] INFO:  + Disk	- 111.95 MiB/s (write) / 0.00 MiB/s (read)
[DLManager] INFO: = Progress: 39.78% (5444/13686), Running for 00:00:52, ETA: 00:01:18
[DLManager] INFO:  - Downloaded: 5062.74 MiB, Written: 5236.47 MiB
[DLManager] INFO:  - Cache usage: 84.00 MiB, active tasks: 32
[DLManager] INFO:  + Download	- 96.77 MiB/s (raw) / 97.90 MiB/s (decompressed)
[DLManager] INFO:  + Disk	- 114.90 MiB/s (write) / 0.00 MiB/s (read)
[DLManager] INFO: = Progress: 40.59% (5555/13686), Running for 00:00:53, ETA: 00:01:17
[DLManager] INFO:  - Downloaded: 5161.67 MiB, Written: 5334.51 MiB
[DLManager] INFO:  - Cache usage: 88.00 MiB, active tasks: 32
[DLManager] INFO:  + Download	- 98.84 MiB/s (raw) / 99.90 MiB/s (decompressed)
[DLManager] INFO:  + Disk	- 97.94 MiB/s (write) / 0.00 MiB/s (read)
[DLManager] INFO: = Progress: 41.47% (5675/13686), Running for 00:00:54, ETA: 00:01:16
[DLManager] INFO:  - Downloaded: 5263.61 MiB, Written: 5442.54 MiB
[DLManager] INFO:  - Cache usage: 86.00 MiB, active tasks: 32
[DLManager] INFO:  + Download	- 101.83 MiB/s (raw) / 103.90 MiB/s (decompressed)
[DLManager] INFO:  + Disk	- 107.92 MiB/s (write) / 0.00 MiB/s (read)
[DLManager] INFO: = Progress: 42.20% (5775/13686), Running for 00:00:55, ETA: 00:01:15
[DLManager] INFO:  - Downloaded: 5359.94 MiB, Written: 5537.58 MiB
[DLManager] INFO:  - Cache usage: 90.00 MiB, active tasks: 32
[DLManager] INFO:  + Download	- 96.22 MiB/s (raw) / 97.88 MiB/s (decompressed)
[DLManager] INFO:  + Disk	- 94.92 MiB/s (write) / 0.00 MiB/s (read)
[DLManager] INFO: = Progress: 42.92% (5874/13686), Running for 00:00:56, ETA: 00:01:14
[DLManager] INFO:  - Downloaded: 5453.04 MiB, Written: 5626.58 MiB
[DLManager] INFO:  - Cache usage: 97.00 MiB, active tasks: 32
[DLManager] INFO:  + Download	- 93.03 MiB/s (raw) / 93.93 MiB/s (decompressed)
[DLManager] INFO:  + Disk	- 88.93 MiB/s (write) / 0.00 MiB/s (read)
[DLManager] INFO: = Progress: 43.80% (5994/13686), Running for 00:00:57, ETA: 00:01:13
[DLManager] INFO:  - Downloaded: 5546.63 MiB, Written: 5738.58 MiB
[DLManager] INFO:  - Cache usage: 80.00 MiB, active tasks: 32
[DLManager] INFO:  + Download	- 93.49 MiB/s (raw) / 94.91 MiB/s (decompressed)
[DLManager] INFO:  + Disk	- 111.89 MiB/s (write) / 0.00 MiB/s (read)
[DLManager] INFO: = Progress: 44.53% (6095/13686), Running for 00:00:58, ETA: 00:01:12
[DLManager] INFO:  - Downloaded: 5643.39 MiB, Written: 5825.58 MiB
[DLManager] INFO:  - Cache usage: 136.00 MiB, active tasks: 32
[DLManager] INFO:  + Download	- 96.66 MiB/s (raw) / 99.90 MiB/s (decompressed)
[DLManager] INFO:  + Disk	- 86.91 MiB/s (write) / 0.00 MiB/s (read)
[DLManager] INFO: = Progress: 45.57% (6237/13686), Running for 00:00:59, ETA: 00:01:10
[DLManager] INFO:  - Downloaded: 5745.83 MiB, Written: 5951.65 MiB
[DLManager] INFO:  - Cache usage: 120.00 MiB, active tasks: 32
[DLManager] INFO:  + Download	- 102.34 MiB/s (raw) / 103.90 MiB/s (decompressed)
[DLManager] INFO:  + Disk	- 125.95 MiB/s (write) / 0.00 MiB/s (read)
[DLManager] INFO: = Progress: 46.32% (6339/13686), Running for 00:01:00, ETA: 00:01:09
[DLManager] INFO:  - Downloaded: 5842.48 MiB, Written: 6040.66 MiB
[DLManager] INFO:  - Cache usage: 155.00 MiB, active tasks: 32
[DLManager] INFO:  + Download	- 96.47 MiB/s (raw) / 97.82 MiB/s (decompressed)
[DLManager] INFO:  + Disk	- 88.84 MiB/s (write) / 0.00 MiB/s (read)
[DLManager] INFO: = Progress: 47.41% (6488/13686), Running for 00:01:01, ETA: 00:01:07
[DLManager] INFO:  - Downloaded: 5932.22 MiB, Written: 6174.66 MiB
[DLManager] INFO:  - Cache usage: 135.00 MiB, active tasks: 32
[DLManager] INFO:  + Download	- 89.65 MiB/s (raw) / 90.90 MiB/s (decompressed)
[DLManager] INFO:  + Disk	- 133.85 MiB/s (write) / 0.00 MiB/s (read)
[DLManager] INFO: = Progress: 48.22% (6600/13686), Running for 00:01:02, ETA: 00:01:06
[DLManager] INFO:  - Downloaded: 6030.22 MiB, Written: 6278.66 MiB
[DLManager] INFO:  - Cache usage: 134.00 MiB, active tasks: 32
[DLManager] INFO:  + Download	- 97.90 MiB/s (raw) / 98.90 MiB/s (decompressed)
[DLManager] INFO:  + Disk	- 103.90 MiB/s (write) / 0.00 MiB/s (read)
[DLManager] INFO: = Progress: 48.96% (6701/13686), Running for 00:01:03, ETA: 00:01:05
[DLManager] INFO:  - Downloaded: 6126.93 MiB, Written: 6376.66 MiB
[DLManager] INFO:  - Cache usage: 137.00 MiB, active tasks: 32
[DLManager] INFO:  + Download	- 96.60 MiB/s (raw) / 97.88 MiB/s (decompressed)
[DLManager] INFO:  + Disk	- 97.88 MiB/s (write) / 0.00 MiB/s (read)
[DLManager] INFO: = Progress: 49.83% (6820/13686), Running for 00:01:04, ETA: 00:01:04
[DLManager] INFO:  - Downloaded: 6226.74 MiB, Written: 6489.68 MiB
[DLManager] INFO:  - Cache usage: 125.00 MiB, active tasks: 32
[DLManager] INFO:  + Download	- 99.71 MiB/s (raw) / 100.91 MiB/s (decompressed)
[DLManager] INFO:  + Disk	- 112.91 MiB/s (write) / 0.00 MiB/s (read)
[DLManager] INFO: = Progress: 50.23% (6874/13686), Running for 00:01:05, ETA: 00:01:04
[DLManager] INFO:  - Downloaded: 6317.57 MiB, Written: 6538.68 MiB
[DLManager] INFO:  - Cache usage: 168.00 MiB, active tasks: 32
[DLManager] INFO:  + Download	- 90.75 MiB/s (raw) / 91.92 MiB/s (decompressed)
[DLManager] INFO:  + Disk	- 48.96 MiB/s (write) / 0.00 MiB/s (read)
[DLManager] INFO: = Progress: 51.28% (7018/13686), Running for 00:01:06, ETA: 00:01:02
[DLManager] INFO:  - Downloaded: 6424.05 MiB, Written: 6675.68 MiB
[DLManager] INFO:  - Cache usage: 139.00 MiB, active tasks: 32
[DLManager] INFO:  + Download	- 106.37 MiB/s (raw) / 107.89 MiB/s (decompressed)
[DLManager] INFO:  + Disk	- 136.86 MiB/s (write) / 0.00 MiB/s (read)
[DLManager] INFO: = Progress: 52.30% (7158/13686), Running for 00:01:07, ETA: 00:01:01
[DLManager] INFO:  - Downloaded: 6520.05 MiB, Written: 6806.68 MiB
[DLManager] INFO:  - Cache usage: 130.00 MiB, active tasks: 32
[DLManager] INFO:  + Download	- 95.89 MiB/s (raw) / 96.89 MiB/s (decompressed)
[DLManager] INFO:  + Disk	- 130.85 MiB/s (write) / 0.00 MiB/s (read)
[DLManager] INFO: = Progress: 53.19% (7280/13686), Running for 00:01:08, ETA: 00:00:59
[DLManager] INFO:  - Downloaded: 6619.11 MiB, Written: 6922.68 MiB
[DLManager] INFO:  - Cache usage: 115.00 MiB, active tasks: 32
[DLManager] INFO:  + Download	- 98.98 MiB/s (raw) / 99.92 MiB/s (decompressed)
[DLManager] INFO:  + Disk	- 115.91 MiB/s (write) / 0.00 MiB/s (read)
[DLManager] INFO: = Progress: 53.93% (7381/13686), Running for 00:01:09, ETA: 00:00:59
[DLManager] INFO:  - Downloaded: 6715.31 MiB, Written: 7020.68 MiB
[DLManager] INFO:  - Cache usage: 114.00 MiB, active tasks: 32
[DLManager] INFO:  + Download	- 96.10 MiB/s (raw) / 96.90 MiB/s (decompressed)
[DLManager] INFO:  + Disk	- 97.90 MiB/s (write) / 0.00 MiB/s (read)
[DLManager] INFO: = Progress: 54.66% (7481/13686), Running for 00:01:10, ETA: 00:00:58
[DLManager] INFO:  - Downloaded: 6809.25 MiB, Written: 7110.68 MiB
[DLManager] INFO:  - Cache usage: 122.00 MiB, active tasks: 32
[DLManager] INFO:  + Download	- 93.85 MiB/s (raw) / 95.90 MiB/s (decompressed)
[DLManager] INFO:  + Disk	- 89.91 MiB/s (write) / 0.00 MiB/s (read)
[DLManager] INFO: = Progress: 55.61% (7611/13686), Running for 00:01:11, ETA: 00:00:56
[DLManager] INFO:  - Downloaded: 6906.90 MiB, Written: 7225.45 MiB
[DLManager] INFO:  - Cache usage: 137.00 MiB, active tasks: 32
[DLManager] INFO:  + Download	- 97.53 MiB/s (raw) / 98.88 MiB/s (decompressed)
[DLManager] INFO:  + Disk	- 114.63 MiB/s (write) / 0.00 MiB/s (read)
[DLManager] INFO: = Progress: 56.44% (7724/13686), Running for 00:01:12, ETA: 00:00:55
[DLManager] INFO:  - Downloaded: 7002.43 MiB, Written: 7335.68 MiB
[DLManager] INFO:  - Cache usage: 154.00 MiB, active tasks: 32
[DLManager] INFO:  + Download	- 95.43 MiB/s (raw) / 96.90 MiB/s (decompressed)
[DLManager] INFO:  + Disk	- 110.12 MiB/s (write) / 0.00 MiB/s (read)
[DLManager] INFO: = Progress: 57.71% (7898/13686), Running for 00:01:13, ETA: 00:00:53
[DLManager] INFO:  - Downloaded: 7098.90 MiB, Written: 7492.68 MiB
[DLManager] INFO:  - Cache usage: 99.00 MiB, active tasks: 32
[DLManager] INFO:  + Download	- 96.37 MiB/s (raw) / 97.89 MiB/s (decompressed)
[DLManager] INFO:  + Disk	- 156.83 MiB/s (write) / 0.00 MiB/s (read)
[DLManager] INFO: = Progress: 58.83% (8052/13686), Running for 00:01:14, ETA: 00:00:51
[DLManager] INFO:  - Downloaded: 7193.59 MiB, Written: 7619.39 MiB
[DLManager] INFO:  - Cache usage: 74.00 MiB, active tasks: 32
[DLManager] INFO:  + Download	- 94.58 MiB/s (raw) / 95.89 MiB/s (decompressed)
[DLManager] INFO:  + Disk	- 126.57 MiB/s (write) / 0.00 MiB/s (read)
[DLManager] INFO: = Progress: 59.70% (8171/13686), Running for 00:01:15, ETA: 00:00:50
[DLManager] INFO:  - Downloaded: 7283.54 MiB, Written: 7718.72 MiB
[DLManager] INFO:  - Cache usage: 85.00 MiB, active tasks: 32
[DLManager] INFO:  + Download	- 89.86 MiB/s (raw) / 91.92 MiB/s (decompressed)
[DLManager] INFO:  + Disk	- 99.25 MiB/s (write) / 0.00 MiB/s (read)
[DLManager] INFO: = Progress: 60.67% (8303/13686), Running for 00:01:16, ETA: 00:00:49
[DLManager] INFO:  - Downloaded: 7378.78 MiB, Written: 7837.76 MiB
[DLManager] INFO:  - Cache usage: 88.00 MiB, active tasks: 32
[DLManager] INFO:  + Download	- 95.18 MiB/s (raw) / 96.94 MiB/s (decompressed)
[DLManager] INFO:  + Disk	- 118.97 MiB/s (write) / 0.00 MiB/s (read)
[DLManager] INFO: = Progress: 61.46% (8412/13686), Running for 00:01:17, ETA: 00:00:48
[DLManager] INFO:  - Downloaded: 7475.48 MiB, Written: 7934.80 MiB
[DLManager] INFO:  - Cache usage: 104.00 MiB, active tasks: 32
[DLManager] INFO:  + Download	- 96.58 MiB/s (raw) / 97.88 MiB/s (decompressed)
[DLManager] INFO:  + Disk	- 96.92 MiB/s (write) / 0.00 MiB/s (read)
[DLManager] INFO: = Progress: 62.20% (8513/13686), Running for 00:01:18, ETA: 00:00:47
[DLManager] INFO:  - Downloaded: 7572.00 MiB, Written: 8026.83 MiB
[DLManager] INFO:  - Cache usage: 110.00 MiB, active tasks: 32
[DLManager] INFO:  + Download	- 96.41 MiB/s (raw) / 97.89 MiB/s (decompressed)
[DLManager] INFO:  + Disk	- 91.93 MiB/s (write) / 0.00 MiB/s (read)
[DLManager] INFO: = Progress: 63.29% (8662/13686), Running for 00:01:19, ETA: 00:00:45
[DLManager] INFO:  - Downloaded: 7668.46 MiB, Written: 8162.92 MiB
[DLManager] INFO:  - Cache usage: 77.00 MiB, active tasks: 32
[DLManager] INFO:  + Download	- 96.40 MiB/s (raw) / 97.94 MiB/s (decompressed)
[DLManager] INFO:  + Disk	- 136.00 MiB/s (write) / 0.00 MiB/s (read)
[DLManager] INFO: = Progress: 63.99% (8757/13686), Running for 00:01:20, ETA: 00:00:45
[DLManager] INFO:  - Downloaded: 7756.32 MiB, Written: 8251.94 MiB
[DLManager] INFO:  - Cache usage: 77.00 MiB, active tasks: 32
[DLManager] INFO:  + Download	- 87.78 MiB/s (raw) / 88.91 MiB/s (decompressed)
[DLManager] INFO:  + Disk	- 88.94 MiB/s (write) / 0.00 MiB/s (read)
[DLManager] INFO: = Progress: 64.63% (8845/13686), Running for 00:01:21, ETA: 00:00:44
[DLManager] INFO:  - Downloaded: 7848.91 MiB, Written: 8332.00 MiB
[DLManager] INFO:  - Cache usage: 93.00 MiB, active tasks: 32
[DLManager] INFO:  + Download	- 92.50 MiB/s (raw) / 93.91 MiB/s (decompressed)
[DLManager] INFO:  + Disk	- 79.98 MiB/s (write) / 0.00 MiB/s (read)
[DLManager] INFO: = Progress: 65.41% (8952/13686), Running for 00:01:22, ETA: 00:00:43
[DLManager] INFO:  - Downloaded: 7942.48 MiB, Written: 8427.05 MiB
[DLManager] INFO:  - Cache usage: 93.00 MiB, active tasks: 32
[DLManager] INFO:  + Download	- 93.45 MiB/s (raw) / 94.88 MiB/s (decompressed)
[DLManager] INFO:  + Disk	- 94.93 MiB/s (write) / 0.00 MiB/s (read)
[DLManager] INFO: = Progress: 66.19% (9059/13686), Running for 00:01:23, ETA: 00:00:42
[DLManager] INFO:  - Downloaded: 8040.32 MiB, Written: 8521.10 MiB
[DLManager] INFO:  - Cache usage: 100.00 MiB, active tasks: 32
[DLManager] INFO:  + Download	- 97.76 MiB/s (raw) / 98.93 MiB/s (decompressed)
[DLManager] INFO:  + Disk	- 93.98 MiB/s (write) / 0.00 MiB/s (read)
[DLManager] INFO: = Progress: 66.90% (9156/13686), Running for 00:01:24, ETA: 00:00:41
[DLManager] INFO:  - Downloaded: 8136.11 MiB, Written: 8609.14 MiB
[DLManager] INFO:  - Cache usage: 111.00 MiB, active tasks: 32
[DLManager] INFO:  + Download	- 95.69 MiB/s (raw) / 96.90 MiB/s (decompressed)
[DLManager] INFO:  + Disk	- 87.95 MiB/s (write) / 0.00 MiB/s (read)
[DLManager] INFO: = Progress: 67.92% (9295/13686), Running for 00:01:25, ETA: 00:00:40
[DLManager] INFO:  - Downloaded: 8233.64 MiB, Written: 8737.18 MiB
[DLManager] INFO:  - Cache usage: 84.00 MiB, active tasks: 32
[DLManager] INFO:  + Download	- 97.44 MiB/s (raw) / 98.90 MiB/s (decompressed)
[DLManager] INFO:  + Disk	- 127.92 MiB/s (write) / 0.00 MiB/s (read)
[DLManager] INFO: = Progress: 68.62% (9392/13686), Running for 00:01:26, ETA: 00:00:39
[DLManager] INFO:  - Downloaded: 8329.07 MiB, Written: 8825.20 MiB
[DLManager] INFO:  - Cache usage: 93.00 MiB, active tasks: 32
[DLManager] INFO:  + Download	- 95.33 MiB/s (raw) / 96.90 MiB/s (decompressed)
[DLManager] INFO:  + Disk	- 87.93 MiB/s (write) / 0.00 MiB/s (read)
[DLManager] INFO: = Progress: 69.14% (9462/13686), Running for 00:01:27, ETA: 00:00:38
[DLManager] INFO:  - Downloaded: 8423.56 MiB, Written: 8888.22 MiB
[DLManager] INFO:  - Cache usage: 135.00 MiB, active tasks: 32
[DLManager] INFO:  + Download	- 94.40 MiB/s (raw) / 95.90 MiB/s (decompressed)
[DLManager] INFO:  + Disk	- 62.96 MiB/s (write) / 0.00 MiB/s (read)
[DLManager] INFO: = Progress: 70.49% (9647/13686), Running for 00:01:28, ETA: 00:00:36
[DLManager] INFO:  - Downloaded: 8517.18 MiB, Written: 9053.25 MiB
[DLManager] INFO:  - Cache usage: 76.00 MiB, active tasks: 32
[DLManager] INFO:  + Download	- 93.52 MiB/s (raw) / 94.91 MiB/s (decompressed)
[DLManager] INFO:  + Disk	- 164.87 MiB/s (write) / 0.00 MiB/s (read)
[DLManager] INFO: = Progress: 71.23% (9748/13686), Running for 00:01:29, ETA: 00:00:35
[DLManager] INFO:  - Downloaded: 8615.60 MiB, Written: 9147.28 MiB
[DLManager] INFO:  - Cache usage: 82.00 MiB, active tasks: 32
[DLManager] INFO:  + Download	- 98.33 MiB/s (raw) / 99.90 MiB/s (decompressed)
[DLManager] INFO:  + Disk	- 93.94 MiB/s (write) / 0.00 MiB/s (read)
[DLManager] INFO: = Progress: 72.16% (9876/13686), Running for 00:01:30, ETA: 00:00:34
[DLManager] INFO:  - Downloaded: 8712.45 MiB, Written: 9259.34 MiB
[DLManager] INFO:  - Cache usage: 84.00 MiB, active tasks: 32
[DLManager] INFO:  + Download	- 96.75 MiB/s (raw) / 98.90 MiB/s (decompressed)
[DLManager] INFO:  + Disk	- 111.95 MiB/s (write) / 0.00 MiB/s (read)
[DLManager] INFO: = Progress: 72.99% (9989/13686), Running for 00:01:31, ETA: 00:00:33
[DLManager] INFO:  - Downloaded: 8810.23 MiB, Written: 9359.39 MiB
[DLManager] INFO:  - Cache usage: 85.00 MiB, active tasks: 32
[DLManager] INFO:  + Download	- 97.69 MiB/s (raw) / 98.90 MiB/s (decompressed)
[DLManager] INFO:  + Disk	- 99.95 MiB/s (write) / 0.00 MiB/s (read)
[DLManager] INFO: = Progress: 73.75% (10093/13686), Running for 00:01:32, ETA: 00:00:32
[DLManager] INFO:  - Downloaded: 8908.09 MiB, Written: 9454.56 MiB
[DLManager] INFO:  - Cache usage: 90.00 MiB, active tasks: 32
[DLManager] INFO:  + Download	- 97.63 MiB/s (raw) / 98.78 MiB/s (decompressed)
[DLManager] INFO:  + Disk	- 94.96 MiB/s (write) / 0.00 MiB/s (read)
[DLManager] INFO: = Progress: 74.66% (10218/13686), Running for 00:01:33, ETA: 00:00:31
[DLManager] INFO:  - Downloaded: 9000.75 MiB, Written: 9573.56 MiB
[DLManager] INFO:  - Cache usage: 64.00 MiB, active tasks: 32
[DLManager] INFO:  + Download	- 92.55 MiB/s (raw) / 92.88 MiB/s (decompressed)
[DLManager] INFO:  + Disk	- 118.85 MiB/s (write) / 0.00 MiB/s (read)
[DLManager] INFO: = Progress: 75.22% (10295/13686), Running for 00:01:34, ETA: 00:00:30
[DLManager] INFO:  - Downloaded: 9094.77 MiB, Written: 9649.56 MiB
[DLManager] INFO:  - Cache usage: 87.00 MiB, active tasks: 32
[DLManager] INFO:  + Download	- 93.97 MiB/s (raw) / 98.95 MiB/s (decompressed)
[DLManager] INFO:  + Disk	- 75.96 MiB/s (write) / 0.00 MiB/s (read)
[DLManager] INFO: = Progress: 75.92% (10391/13686), Running for 00:01:35, ETA: 00:00:30
[DLManager] INFO:  - Downloaded: 9191.74 MiB, Written: 9745.56 MiB
[DLManager] INFO:  - Cache usage: 88.00 MiB, active tasks: 32
[DLManager] INFO:  + Download	- 96.86 MiB/s (raw) / 96.89 MiB/s (decompressed)
[DLManager] INFO:  + Disk	- 95.89 MiB/s (write) / 0.00 MiB/s (read)
[DLManager] INFO: = Progress: 76.66% (10492/13686), Running for 00:01:36, ETA: 00:00:29
[DLManager] INFO:  - Downloaded: 9288.70 MiB, Written: 9846.56 MiB
[DLManager] INFO:  - Cache usage: 84.00 MiB, active tasks: 32
[DLManager] INFO:  + Download	- 96.87 MiB/s (raw) / 96.90 MiB/s (decompressed)
[DLManager] INFO:  + Disk	- 100.90 MiB/s (write) / 0.00 MiB/s (read)
[DLManager] INFO: = Progress: 77.62% (10623/13686), Running for 00:01:37, ETA: 00:00:27
[DLManager] INFO:  - Downloaded: 9393.51 MiB, Written: 9972.75 MiB
[DLManager] INFO:  - Cache usage: 62.00 MiB, active tasks: 32
[DLManager] INFO:  + Download	- 104.71 MiB/s (raw) / 104.91 MiB/s (decompressed)
[DLManager] INFO:  + Disk	- 126.07 MiB/s (write) / 0.00 MiB/s (read)
[DLManager] INFO: = Progress: 78.07% (10684/13686), Running for 00:01:38, ETA: 00:00:27
[DLManager] INFO:  - Downloaded: 9487.36 MiB, Written: 10033.75 MiB
[DLManager] INFO:  - Cache usage: 95.00 MiB, active tasks: 32
[DLManager] INFO:  + Download	- 93.76 MiB/s (raw) / 93.91 MiB/s (decompressed)
[DLManager] INFO:  + Disk	- 60.94 MiB/s (write) / 0.00 MiB/s (read)
[DLManager] INFO: = Progress: 78.65% (10764/13686), Running for 00:01:39, ETA: 00:00:26
[DLManager] INFO:  - Downloaded: 9582.25 MiB, Written: 10113.75 MiB
[DLManager] INFO:  - Cache usage: 110.00 MiB, active tasks: 32
[DLManager] INFO:  + Download	- 94.79 MiB/s (raw) / 94.90 MiB/s (decompressed)
[DLManager] INFO:  + Disk	- 79.91 MiB/s (write) / 0.00 MiB/s (read)
[DLManager] INFO: = Progress: 79.66% (10902/13686), Running for 00:01:40, ETA: 00:00:25
[DLManager] INFO:  - Downloaded: 9682.11 MiB, Written: 10251.75 MiB
[DLManager] INFO:  - Cache usage: 72.00 MiB, active tasks: 32
[DLManager] INFO:  + Download	- 99.78 MiB/s (raw) / 99.91 MiB/s (decompressed)
[DLManager] INFO:  + Disk	- 137.88 MiB/s (write) / 0.00 MiB/s (read)
[DLManager] INFO: = Progress: 80.21% (10977/13686), Running for 00:01:41, ETA: 00:00:24
[DLManager] INFO:  - Downloaded: 9776.99 MiB, Written: 10326.75 MiB
[DLManager] INFO:  - Cache usage: 92.00 MiB, active tasks: 32
[DLManager] INFO:  + Download	- 94.76 MiB/s (raw) / 94.88 MiB/s (decompressed)
[DLManager] INFO:  + Disk	- 74.91 MiB/s (write) / 0.00 MiB/s (read)
[DLManager] INFO: = Progress: 81.02% (11088/13686), Running for 00:01:42, ETA: 00:00:23
[DLManager] INFO:  - Downloaded: 9874.66 MiB, Written: 10435.75 MiB
[DLManager] INFO:  - Cache usage: 94.00 MiB, active tasks: 32
[DLManager] INFO:  + Download	- 97.55 MiB/s (raw) / 110.86 MiB/s (decompressed)
[DLManager] INFO:  + Disk	- 108.87 MiB/s (write) / 0.00 MiB/s (read)
[DLManager] INFO: = Progress: 81.93% (11213/13686), Running for 00:01:43, ETA: 00:00:22
[DLManager] INFO:  - Downloaded: 9973.18 MiB, Written: 10560.75 MiB
[DLManager] INFO:  - Cache usage: 83.00 MiB, active tasks: 31
[DLManager] INFO:  + Download	- 98.47 MiB/s (raw) / 114.94 MiB/s (decompressed)
[DLManager] INFO:  + Disk	- 124.93 MiB/s (write) / 0.00 MiB/s (read)
[DLManager] INFO: = Progress: 82.81% (11334/13686), Running for 00:01:44, ETA: 00:00:21
[DLManager] INFO:  - Downloaded: 10052.54 MiB, Written: 10681.75 MiB
[DLManager] INFO:  - Cache usage: 57.00 MiB, active tasks: 32
[DLManager] INFO:  + Download	- 79.28 MiB/s (raw) / 93.91 MiB/s (decompressed)
[DLManager] INFO:  + Disk	- 120.88 MiB/s (write) / 0.00 MiB/s (read)
[DLManager] INFO: = Progress: 83.43% (11418/13686), Running for 00:01:45, ETA: 00:00:20
[DLManager] INFO:  - Downloaded: 10139.55 MiB, Written: 10765.75 MiB
[DLManager] INFO:  - Cache usage: 74.00 MiB, active tasks: 32
[DLManager] INFO:  + Download	- 86.92 MiB/s (raw) / 100.90 MiB/s (decompressed)
[DLManager] INFO:  + Disk	- 83.92 MiB/s (write) / 0.00 MiB/s (read)
[DLManager] INFO: = Progress: 84.20% (11524/13686), Running for 00:01:46, ETA: 00:00:19
[DLManager] INFO:  - Downloaded: 10221.63 MiB, Written: 10871.75 MiB
[DLManager] INFO:  - Cache usage: 62.00 MiB, active tasks: 32
[DLManager] INFO:  + Download	- 81.99 MiB/s (raw) / 93.89 MiB/s (decompressed)
[DLManager] INFO:  + Disk	- 105.87 MiB/s (write) / 0.00 MiB/s (read)
[DLManager] INFO: = Progress: 84.93% (11623/13686), Running for 00:01:47, ETA: 00:00:19
[DLManager] INFO:  - Downloaded: 10318.33 MiB, Written: 10970.75 MiB
[DLManager] INFO:  - Cache usage: 74.00 MiB, active tasks: 32
[DLManager] INFO:  + Download	- 96.56 MiB/s (raw) / 110.84 MiB/s (decompressed)
[DLManager] INFO:  + Disk	- 98.86 MiB/s (write) / 0.00 MiB/s (read)
[DLManager] INFO: = Progress: 85.80% (11743/13686), Running for 00:01:48, ETA: 00:00:17
[DLManager] INFO:  - Downloaded: 10409.11 MiB, Written: 11090.75 MiB
[DLManager] INFO:  - Cache usage: 62.00 MiB, active tasks: 32
[DLManager] INFO:  + Download	- 90.71 MiB/s (raw) / 107.92 MiB/s (decompressed)
[DLManager] INFO:  + Disk	- 119.92 MiB/s (write) / 0.00 MiB/s (read)
[DLManager] INFO: = Progress: 86.73% (11870/13686), Running for 00:01:49, ETA: 00:00:16
[DLManager] INFO:  - Downloaded: 10505.11 MiB, Written: 11217.75 MiB
[DLManager] INFO:  - Cache usage: 52.00 MiB, active tasks: 32
[DLManager] INFO:  + Download	- 95.93 MiB/s (raw) / 116.92 MiB/s (decompressed)
[DLManager] INFO:  + Disk	- 126.91 MiB/s (write) / 0.00 MiB/s (read)
[DLManager] INFO: = Progress: 87.32% (11951/13686), Running for 00:01:50, ETA: 00:00:15
[DLManager] INFO:  - Downloaded: 10590.21 MiB, Written: 11298.75 MiB
[DLManager] INFO:  - Cache usage: 70.00 MiB, active tasks: 32
[DLManager] INFO:  + Download	- 85.01 MiB/s (raw) / 98.89 MiB/s (decompressed)
[DLManager] INFO:  + Disk	- 80.91 MiB/s (write) / 0.00 MiB/s (read)
[DLManager] INFO: = Progress: 88.08% (12055/13686), Running for 00:01:51, ETA: 00:00:15
[DLManager] INFO:  - Downloaded: 10686.27 MiB, Written: 11401.75 MiB
[DLManager] INFO:  - Cache usage: 64.00 MiB, active tasks: 32
[DLManager] INFO:  + Download	- 95.77 MiB/s (raw) / 96.71 MiB/s (decompressed)
[DLManager] INFO:  + Disk	- 102.69 MiB/s (write) / 0.00 MiB/s (read)
[DLManager] INFO: = Progress: 88.51% (12114/13686), Running for 00:01:52, ETA: 00:00:14
[DLManager] INFO:  - Downloaded: 10775.13 MiB, Written: 11460.75 MiB
[DLManager] INFO:  - Cache usage: 93.00 MiB, active tasks: 31
[DLManager] INFO:  + Download	- 88.79 MiB/s (raw) / 88.92 MiB/s (decompressed)
[DLManager] INFO:  + Disk	- 58.95 MiB/s (write) / 0.00 MiB/s (read)
[DLManager] INFO: = Progress: 89.34% (12227/13686), Running for 00:01:53, ETA: 00:00:13
[DLManager] INFO:  - Downloaded: 10866.49 MiB, Written: 11573.75 MiB
[DLManager] INFO:  - Cache usage: 73.00 MiB, active tasks: 32
[DLManager] INFO:  + Download	- 91.27 MiB/s (raw) / 91.91 MiB/s (decompressed)
[DLManager] INFO:  + Disk	- 112.89 MiB/s (write) / 0.00 MiB/s (read)
[DLManager] INFO: = Progress: 90.08% (12328/13686), Running for 00:01:54, ETA: 00:00:12
[DLManager] INFO:  - Downloaded: 10961.21 MiB, Written: 11674.75 MiB
[DLManager] INFO:  - Cache usage: 67.00 MiB, active tasks: 32
[DLManager] INFO:  + Download	- 94.55 MiB/s (raw) / 94.83 MiB/s (decompressed)
[DLManager] INFO:  + Disk	- 100.82 MiB/s (write) / 0.00 MiB/s (read)
[DLManager] INFO: = Progress: 90.69% (12412/13686), Running for 00:01:55, ETA: 00:00:11
[DLManager] INFO:  - Downloaded: 11052.39 MiB, Written: 11758.75 MiB
[DLManager] INFO:  - Cache usage: 80.00 MiB, active tasks: 32
[DLManager] INFO:  + Download	- 91.02 MiB/s (raw) / 96.83 MiB/s (decompressed)
[DLManager] INFO:  + Disk	- 83.85 MiB/s (write) / 0.00 MiB/s (read)
[DLManager] INFO: = Progress: 91.68% (12547/13686), Running for 00:01:56, ETA: 00:00:10
[DLManager] INFO:  - Downloaded: 11150.53 MiB, Written: 11882.17 MiB
[DLManager] INFO:  - Cache usage: 65.00 MiB, active tasks: 32
[DLManager] INFO:  + Download	- 98.10 MiB/s (raw) / 110.95 MiB/s (decompressed)
[DLManager] INFO:  + Disk	- 123.37 MiB/s (write) / 0.00 MiB/s (read)
[DLManager] INFO: = Progress: 92.36% (12640/13686), Running for 00:01:57, ETA: 00:00:09
[DLManager] INFO:  - Downloaded: 11243.58 MiB, Written: 11972.84 MiB
[DLManager] INFO:  - Cache usage: 68.00 MiB, active tasks: 32
[DLManager] INFO:  + Download	- 92.96 MiB/s (raw) / 93.91 MiB/s (decompressed)
[DLManager] INFO:  + Disk	- 90.58 MiB/s (write) / 0.00 MiB/s (read)
[DLManager] INFO: = Progress: 93.08% (12739/13686), Running for 00:01:58, ETA: 00:00:08
[DLManager] INFO:  - Downloaded: 11334.78 MiB, Written: 12067.54 MiB
[DLManager] INFO:  - Cache usage: 66.00 MiB, active tasks: 32
[DLManager] INFO:  + Download	- 91.11 MiB/s (raw) / 92.91 MiB/s (decompressed)
[DLManager] INFO:  + Disk	- 94.61 MiB/s (write) / 0.00 MiB/s (read)
[DLManager] INFO: = Progress: 93.75% (12830/13686), Running for 00:01:59, ETA: 00:00:07
[DLManager] INFO:  - Downloaded: 11429.61 MiB, Written: 12156.69 MiB
[DLManager] INFO:  - Cache usage: 73.00 MiB, active tasks: 32
[DLManager] INFO:  + Download	- 94.71 MiB/s (raw) / 95.88 MiB/s (decompressed)
[DLManager] INFO:  + Disk	- 89.03 MiB/s (write) / 0.00 MiB/s (read)
[DLManager] INFO: = Progress: 94.56% (12941/13686), Running for 00:02:00, ETA: 00:00:06
[DLManager] INFO:  - Downloaded: 11526.01 MiB, Written: 12265.64 MiB
[DLManager] INFO:  - Cache usage: 62.00 MiB, active tasks: 32
[DLManager] INFO:  + Download	- 96.32 MiB/s (raw) / 97.92 MiB/s (decompressed)
[DLManager] INFO:  + Disk	- 108.87 MiB/s (write) / 0.00 MiB/s (read)
[DLManager] INFO: = Progress: 95.18% (13026/13686), Running for 00:02:01, ETA: 00:00:06
[DLManager] INFO:  - Downloaded: 11621.90 MiB, Written: 12347.03 MiB
[DLManager] INFO:  - Cache usage: 80.00 MiB, active tasks: 32
[DLManager] INFO:  + Download	- 95.78 MiB/s (raw) / 98.88 MiB/s (decompressed)
[DLManager] INFO:  + Disk	- 81.29 MiB/s (write) / 0.00 MiB/s (read)
[DLManager] INFO: = Progress: 96.00% (13139/13686), Running for 00:02:02, ETA: 00:00:05
[DLManager] INFO:  - Downloaded: 11719.29 MiB, Written: 12446.97 MiB
[DLManager] INFO:  - Cache usage: 80.00 MiB, active tasks: 32
[DLManager] INFO:  + Download	- 97.29 MiB/s (raw) / 99.91 MiB/s (decompressed)
[DLManager] INFO:  + Disk	- 99.85 MiB/s (write) / 0.00 MiB/s (read)
[DLManager] INFO: = Progress: 96.73% (13238/13686), Running for 00:02:03, ETA: 00:00:04
[DLManager] INFO:  - Downloaded: 11809.82 MiB, Written: 12532.33 MiB
[DLManager] INFO:  - Cache usage: 87.00 MiB, active tasks: 32
[DLManager] INFO:  + Download	- 90.45 MiB/s (raw) / 92.92 MiB/s (decompressed)
[DLManager] INFO:  + Disk	- 85.29 MiB/s (write) / 0.00 MiB/s (read)
[DLManager] INFO: = Progress: 97.60% (13357/13686), Running for 00:02:04, ETA: 00:00:03
[DLManager] INFO:  - Downloaded: 11907.35 MiB, Written: 12644.57 MiB
[DLManager] INFO:  - Cache usage: 77.00 MiB, active tasks: 32
[DLManager] INFO:  + Download	- 97.43 MiB/s (raw) / 101.90 MiB/s (decompressed)
[DLManager] INFO:  + Disk	- 112.13 MiB/s (write) / 0.00 MiB/s (read)
[DLManager] INFO: = Progress: 98.20% (13439/13686), Running for 00:02:05, ETA: 00:00:02
[DLManager] INFO:  - Downloaded: 11998.64 MiB, Written: 12720.64 MiB
[DLManager] INFO:  - Cache usage: 96.00 MiB, active tasks: 32
[DLManager] INFO:  + Download	- 91.20 MiB/s (raw) / 94.90 MiB/s (decompressed)
[DLManager] INFO:  + Disk	- 75.99 MiB/s (write) / 0.00 MiB/s (read)
[DLManager] INFO: = Progress: 98.67% (13504/13686), Running for 00:02:06, ETA: 00:00:01
[DLManager] INFO:  - Downloaded: 12088.87 MiB, Written: 12779.99 MiB
[DLManager] INFO:  - Cache usage: 133.00 MiB, active tasks: 32
[DLManager] INFO:  + Download	- 90.13 MiB/s (raw) / 95.90 MiB/s (decompressed)
[DLManager] INFO:  + Disk	- 59.28 MiB/s (write) / 0.00 MiB/s (read)
[DLManager] INFO: = Progress: 100.00% (13686/13686), Running for 00:02:07, ETA: 00:00:00
[DLManager] INFO:  - Downloaded: 12151.45 MiB, Written: 12945.57 MiB
[DLManager] INFO:  - Cache usage: 0.00 MiB, active tasks: 0
[DLManager] INFO:  + Download	- 62.53 MiB/s (raw) / 65.95 MiB/s (decompressed)
[DLManager] INFO:  + Disk	- 165.45 MiB/s (write) / 0.00 MiB/s (read)
[DLManager] INFO: Waiting for installation to finish...
[DLManager] INFO: All done! Download manager quitting...
[cli] INFO: This game supports cloud saves, syncing is handled by the "sync-saves" command. To download saves for this game run "legendary sync-saves 0d35a1d0eade40c5ac0bea5eed8b5338"
[cli] INFO: Finished installation process in 128.17 seconds.
