[GENERIC DOWNLOAD_MANAGER] INFO: Platform is Linux, redirecting download to Linux Native installer manager
[LINUX] INFO: Initialized Linux Download Manager
[API] INFO: Getting info from products endpoint for id: 1532671653
New/changed files 787
Deleted 0
Total files 787
(280.6696319580078, 'MB') 294303440
(420.27979469299316, 'MB') 440695306
[PROGRESS] INFO: = Progress: 0.00 0/427439975, Running for: 00:00:00, ETA: 00:00:00
[PROGRESS] INFO: = Downloaded: 0.00 MiB, Written: 0.00 MiB
[PROGRESS] INFO:  + Download	- 0.00 MiB/s (raw) / 0.00 MiB/s (decompressed)
[PROGRESS] INFO:  + Disk	- 0.00 MiB/s (write) / 0.00 MiB/s (read)
[PROGRESS] INFO: = Progress: 0.13 536483/427439975, Running for: 00:00:01, ETA: 00:13:31
[PROGRESS] INFO: = Downloaded: 14.65 MiB, Written: 0.51 MiB
[PROGRESS] INFO:  + Download	- 0.08 MiB/s (raw) / 0.08 MiB/s (decompressed)
[PROGRESS] INFO:  + Disk	- 0.00 MiB/s (write) / 0.00 MiB/s (read)
[PROGRESS] INFO: = Progress: 0.13 536483/427439975, Running for: 00:00:02, ETA: 00:26:50
[PROGRESS] INFO: = Downloaded: 26.83 MiB, Written: 0.51 MiB
[PROGRESS] INFO:  + Download	- 0.01 MiB/s (raw) / 0.01 MiB/s (decompressed)
[PROGRESS] INFO:  + Disk	- 0.29 MiB/s (write) / 0.06 MiB/s (read)
[PROGRESS] INFO: = Progress: 5.78 24707587/427439975, Running for: 00:00:03, ETA: 00:00:49
[PROGRESS] INFO: = Downloaded: 38.37 MiB, Written: 23.56 MiB
[PROGRESS] INFO:  + Download	- 0.15 MiB/s (raw) / 0.15 MiB/s (decompressed)
[PROGRESS] INFO:  + Disk	- 0.15 MiB/s (write) / 0.06 MiB/s (read)
[PROGRESS] INFO: = Progress: 5.78 24707587/427439975, Running for: 00:00:04, ETA: 00:01:05
[PROGRESS] INFO: = Downloaded: 40.77 MiB, Written: 23.56 MiB
[PROGRESS] INFO:  + Download	- 1.03 MiB/s (raw) / 1.03 MiB/s (decompressed)
[PROGRESS] INFO:  + Disk	- 0.17 MiB/s (write) / 0.08 MiB/s (read)
[PROGRESS] INFO: = Progress: 11.35 48531679/427439975, Running for: 00:00:05, ETA: 00:00:39
[PROGRESS] INFO: = Downloaded: 50.06 MiB, Written: 46.28 MiB
[PROGRESS] INFO:  + Download	- 0.89 MiB/s (raw) / 0.89 MiB/s (decompressed)
[PROGRESS] INFO:  + Disk	- 0.07 MiB/s (write) / 0.02 MiB/s (read)
[PROGRESS] INFO: = Progress: 11.35 48531679/427439975, Running for: 00:00:06, ETA: 00:00:47
[PROGRESS] INFO: = Downloaded: 51.46 MiB, Written: 46.28 MiB
[PROGRESS] INFO:  + Download	- 0.29 MiB/s (raw) / 0.29 MiB/s (decompressed)
[PROGRESS] INFO:  + Disk	- 0.07 MiB/s (write) / 0.02 MiB/s (read)
[PROGRESS] INFO: = Progress: 11.35 48531679/427439975, Running for: 00:00:07, ETA: 00:00:55
[PROGRESS] INFO: = Downloaded: 51.46 MiB, Written: 46.28 MiB
[PROGRESS] INFO:  + Download	- 1.48 MiB/s (raw) / 1.48 MiB/s (decompressed)
[PROGRESS] INFO:  + Disk	- 3.98 MiB/s (write) / 0.00 MiB/s (read)
[PROGRESS] INFO: = Progress: 41.43 177098889/427439975, Running for: 00:00:08, ETA: 00:00:11
[PROGRESS] INFO: = Downloaded: 68.85 MiB, Written: 168.89 MiB
[PROGRESS] INFO:  + Download	- 0.48 MiB/s (raw) / 0.48 MiB/s (decompressed)
[PROGRESS] INFO:  + Disk	- 4.98 MiB/s (write) / 0.00 MiB/s (read)
[PROGRESS] INFO: = Progress: 42.20 180390282/427439975, Running for: 00:00:09, ETA: 00:00:12
[PROGRESS] INFO: = Downloaded: 103.63 MiB, Written: 172.03 MiB
[PROGRESS] INFO:  + Download	- 1.39 MiB/s (raw) / 1.39 MiB/s (decompressed)
[PROGRESS] INFO:  + Disk	- 9.63 MiB/s (write) / 3.98 MiB/s (read)
[PROGRESS] INFO: = Progress: 49.78 212790708/427439975, Running for: 00:00:10, ETA: 00:00:10
[PROGRESS] INFO: = Downloaded: 125.39 MiB, Written: 202.93 MiB
[PROGRESS] INFO:  + Download	- 0.54 MiB/s (raw) / 0.54 MiB/s (decompressed)
[PROGRESS] INFO:  + Disk	- 12.41 MiB/s (write) / 4.98 MiB/s (read)
[PROGRESS] INFO: = Progress: 58.94 251927017/427439975, Running for: 00:00:11, ETA: 00:00:07
[PROGRESS] INFO: = Downloaded: 137.29 MiB, Written: 240.26 MiB
[PROGRESS] INFO:  + Download	- 0.52 MiB/s (raw) / 0.52 MiB/s (decompressed)
[PROGRESS] INFO:  + Disk	- 5.24 MiB/s (write) / 0.35 MiB/s (read)
[PROGRESS] INFO: = Progress: 62.69 267955924/427439975, Running for: 00:00:12, ETA: 00:00:07
[PROGRESS] INFO: = Downloaded: 147.67 MiB, Written: 255.54 MiB
[PROGRESS] INFO:  + Download	- 1.57 MiB/s (raw) / 1.57 MiB/s (decompressed)
[PROGRESS] INFO:  + Disk	- 4.98 MiB/s (write) / 0.00 MiB/s (read)
[PROGRESS] INFO: = Progress: 68.15 291318622/427439975, Running for: 00:00:13, ETA: 00:00:06
[PROGRESS] INFO: = Downloaded: 168.28 MiB, Written: 277.82 MiB
[PROGRESS] INFO:  + Download	- 2.12 MiB/s (raw) / 2.12 MiB/s (decompressed)
[PROGRESS] INFO:  + Disk	- 9.64 MiB/s (write) / 3.98 MiB/s (read)
[PROGRESS] INFO: = Progress: 70.56 301581440/427439975, Running for: 00:00:14, ETA: 00:00:05
[PROGRESS] INFO: = Downloaded: 177.48 MiB, Written: 287.61 MiB
[PROGRESS] INFO:  + Download	- 2.01 MiB/s (raw) / 2.01 MiB/s (decompressed)
[PROGRESS] INFO:  + Disk	- 12.38 MiB/s (write) / 4.98 MiB/s (read)
[PROGRESS] INFO: = Progress: 73.69 314962040/427439975, Running for: 00:00:15, ETA: 00:00:05
[PROGRESS] INFO: = Downloaded: 189.90 MiB, Written: 300.37 MiB
[PROGRESS] INFO:  + Download	- 2.49 MiB/s (raw) / 2.49 MiB/s (decompressed)
[PROGRESS] INFO:  + Disk	- 4.87 MiB/s (write) / 0.29 MiB/s (read)
[PROGRESS] INFO: = Progress: 76.27 325998782/427439975, Running for: 00:00:16, ETA: 00:00:05
[PROGRESS] INFO: = Downloaded: 199.98 MiB, Written: 310.90 MiB
[PROGRESS] INFO:  + Download	- 2.09 MiB/s (raw) / 2.09 MiB/s (decompressed)
[PROGRESS] INFO:  + Disk	- 4.98 MiB/s (write) / 0.00 MiB/s (read)
[PROGRESS] INFO: = Progress: 77.82 332641691/427439975, Running for: 00:00:17, ETA: 00:00:04
[PROGRESS] INFO: = Downloaded: 208.34 MiB, Written: 317.23 MiB
[PROGRESS] INFO:  + Download	- 2.01 MiB/s (raw) / 2.01 MiB/s (decompressed)
[PROGRESS] INFO:  + Disk	- 11.67 MiB/s (write) / 1.00 MiB/s (read)
[PROGRESS] INFO: = Progress: 80.23 342922181/427439975, Running for: 00:00:18, ETA: 00:00:04
[PROGRESS] INFO: = Downloaded: 216.63 MiB, Written: 327.04 MiB
[PROGRESS] INFO:  + Download	- 2.26 MiB/s (raw) / 2.26 MiB/s (decompressed)
[PROGRESS] INFO:  + Disk	- 32.77 MiB/s (write) / 4.98 MiB/s (read)
[PROGRESS] INFO: = Progress: 82.77 353798014/427439975, Running for: 00:00:19, ETA: 00:00:03
[PROGRESS] INFO: = Downloaded: 224.19 MiB, Written: 337.41 MiB
[PROGRESS] INFO:  + Download	- 1.64 MiB/s (raw) / 1.64 MiB/s (decompressed)
[PROGRESS] INFO:  + Disk	- 28.84 MiB/s (write) / 4.98 MiB/s (read)
[PROGRESS] INFO: = Progress: 84.68 361957283/427439975, Running for: 00:00:20, ETA: 00:00:03
[PROGRESS] INFO: = Downloaded: 233.55 MiB, Written: 345.19 MiB
[PROGRESS] INFO:  + Download	- 1.58 MiB/s (raw) / 1.58 MiB/s (decompressed)
[PROGRESS] INFO:  + Disk	- 6.97 MiB/s (write) / 1.71 MiB/s (read)
[PROGRESS] INFO: = Progress: 86.26 368702676/427439975, Running for: 00:00:21, ETA: 00:00:03
[PROGRESS] INFO: = Downloaded: 241.11 MiB, Written: 351.62 MiB
[PROGRESS] INFO:  + Download	- 2.49 MiB/s (raw) / 2.49 MiB/s (decompressed)
[PROGRESS] INFO:  + Disk	- 1.39 MiB/s (write) / 0.08 MiB/s (read)
[PROGRESS] INFO: = Progress: 88.90 380013306/427439975, Running for: 00:00:22, ETA: 00:00:02
[PROGRESS] INFO: = Downloaded: 250.34 MiB, Written: 362.41 MiB
[PROGRESS] INFO:  + Download	- 2.05 MiB/s (raw) / 2.05 MiB/s (decompressed)
[PROGRESS] INFO:  + Disk	- 0.48 MiB/s (write) / 0.12 MiB/s (read)
[PROGRESS] INFO: = Progress: 91.17 389676608/427439975, Running for: 00:00:23, ETA: 00:00:02
[PROGRESS] INFO: = Downloaded: 262.58 MiB, Written: 371.62 MiB
[PROGRESS] INFO:  + Download	- 2.14 MiB/s (raw) / 2.14 MiB/s (decompressed)
[PROGRESS] INFO:  + Disk	- 0.58 MiB/s (write) / 0.11 MiB/s (read)
[PROGRESS] INFO: = Progress: 93.34 398966771/427439975, Running for: 00:00:24, ETA: 00:00:01
[PROGRESS] INFO: = Downloaded: 266.25 MiB, Written: 380.48 MiB
[PROGRESS] INFO:  + Download	- 2.44 MiB/s (raw) / 2.44 MiB/s (decompressed)
[PROGRESS] INFO:  + Disk	- 0.51 MiB/s (write) / 0.17 MiB/s (read)
[PROGRESS] INFO: = Progress: 94.44 403682185/427439975, Running for: 00:00:25, ETA: 00:00:01
[PROGRESS] INFO: = Downloaded: 269.67 MiB, Written: 384.98 MiB
[PROGRESS] INFO:  + Download	- 2.49 MiB/s (raw) / 2.49 MiB/s (decompressed)
[PROGRESS] INFO:  + Disk	- 3.50 MiB/s (write) / 0.59 MiB/s (read)
[PROGRESS] INFO: = Progress: 94.44 403682185/427439975, Running for: 00:00:26, ETA: 00:00:01
[PROGRESS] INFO: = Downloaded: 269.67 MiB, Written: 384.98 MiB
[PROGRESS] INFO:  + Download	- 2.15 MiB/s (raw) / 2.15 MiB/s (decompressed)
[PROGRESS] INFO:  + Disk	- 3.65 MiB/s (write) / 0.96 MiB/s (read)
[PROGRESS] INFO: = Progress: 94.44 403682185/427439975, Running for: 00:00:27, ETA: 00:00:01
[PROGRESS] INFO: = Downloaded: 269.67 MiB, Written: 384.98 MiB
[PROGRESS] INFO:  + Download	- 2.49 MiB/s (raw) / 2.49 MiB/s (decompressed)
[PROGRESS] INFO:  + Disk	- 0.64 MiB/s (write) / 0.16 MiB/s (read)
[PROGRESS] INFO: = Progress: 94.44 403682185/427439975, Running for: 00:00:28, ETA: 00:00:01
[PROGRESS] INFO: = Downloaded: 269.67 MiB, Written: 384.98 MiB
[PROGRESS] INFO:  + Download	- 2.10 MiB/s (raw) / 2.10 MiB/s (decompressed)
[PROGRESS] INFO:  + Disk	- 3.44 MiB/s (write) / 0.94 MiB/s (read)
[PROGRESS] INFO: = Progress: 100.00 427439975/427439975, Running for: 00:00:29, ETA: 00:00:00
[PROGRESS] INFO: = Downloaded: 280.67 MiB, Written: 407.64 MiB
[PROGRESS] INFO:  + Download	- 2.49 MiB/s (raw) / 2.49 MiB/s (decompressed)
[PROGRESS] INFO:  + Disk	- 2.08 MiB/s (write) / 0.52 MiB/s (read)
[PROGRESS] INFO: = Progress: 100.00 427439975/427439975, Running for: 00:00:29, ETA: 00:00:00
[PROGRESS] INFO: = Downloaded: 280.67 MiB, Written: 407.64 MiB
[PROGRESS] INFO:  + Download	- 0.97 MiB/s (raw) / 0.97 MiB/s (decompressed)
[PROGRESS] INFO:  + Disk	- 0.95 MiB/s (write) / 0.35 MiB/s (read)
