Game Settings: {
	"autoInstallDxvk": false,
	"autoInstallVkd3d": false,
	"preferSystemLibs": false,
	"enableFsync": true,
	"nvidiaPrime": false,
	"enviromentOptions": [],
	"wrapperOptions": [],
	"showFps": false,
	"showMangohud": true,
	"useGameMode": false,
	"language": "en",
	"wineVersion": {
		"bin": "/usr/bin/wine",
		"name": "Wine Default - wine-7.7-301-gf91f4348356 ( TkG Staging Esync Fsync )",
		"type": "wine",
		"wineserver": "/usr/bin/wineserver",
		"wineboot": "/usr/bin/wineboot"
	},
	"winePrefix": "/home/zany130/Games/Heroic/Prefixes/The Caligula Effect Overdose",
	"checkUpdatesInterval": 10,
	"enableUpdates": false,
	"addDesktopShortcuts": false,
	"addStartMenuShortcuts": false,
	"checkForUpdatesOnStartup": true,
	"customWinePaths": [],
	"defaultInstallPath": "/home/zany130/Games/Heroic",
	"defaultWinePrefix": "/home/zany130/Games/Heroic/Prefixes",
	"maxWorkers": 0,
	"minimizeOnLaunch": true,
	"otherOptions": "",
	"showUnrealMarket": false,
	"userInfo": {
		"epicId": "ea22850e5947408fa9fb6d5c963bf0c4",
		"name": "zany130"
	},
	"wineCrossoverBottle": "Heroic",
	"altLegendaryBin": "",
	"altGogdlBin": "",
	"darkTrayIcon": false,
	"disableController": false,
	"egsLinkedPath": "",
	"exitToTray": true,
	"maxRecentGames": 5,
	"startInTray": true
}

Game launched at: Sun Apr 09 2023 17:18:20 GMT-0400 (Eastern Daylight Time)

