[Core] INFO: Trying to re-use existing login session...
[cli] INFO: Preparing download for "Cave Story+" (1dea8a6ddb544842a58e4b5c8675ff58)...
[Core] INFO: Parsing game manifest...
[Core] INFO: Install path: /home/zany130/Games/Heroic/CaveStoryPlus
[Core] INFO: Selected CDN: cloudflare.epicgamescdn.com (https)
[DLM] INFO: Found 0 missing files.
[cli] INFO: Install size: 182.05 MiB
[cli] INFO: Download size: 84.29 MiB (Compression savings: 53.9%)
[cli] INFO: Reusable size: 0.00 MiB (chunks) / 0.00 MiB (unchanged / skipped)
[cli] INFO: Downloads are resumable, you can interrupt the download with CTRL-C and resume it using the same command later on.
[DLManager] INFO: Download Manager running with process-id: 122965
[DLManager] INFO: Starting download workers...
[DLManager] INFO: Starting file writing worker...
[DLManager] INFO: = Progress: 0.00% (0/2291), Running for 00:00:00, ETA: 00:00:00
[DLManager] INFO:  - Downloaded: 0.00 MiB, Written: 0.00 MiB
[DLManager] INFO:  - Cache usage: 3.00 MiB, active tasks: 2
[DLManager] INFO:  + Download	- 0.00 MiB/s (raw) / 0.00 MiB/s (decompressed)
[DLManager] INFO:  + Disk	- 0.00 MiB/s (write) / 0.00 MiB/s (read)
[DLManager] INFO: = Progress: 17.72% (406/2291), Running for 00:00:01, ETA: 00:00:04
[DLManager] INFO:  - Downloaded: 79.26 MiB, Written: 91.00 MiB
[DLManager] INFO:  - Cache usage: 58.00 MiB, active tasks: 32
[DLManager] INFO:  + Download	- 79.16 MiB/s (raw) / 116.85 MiB/s (decompressed)
[DLManager] INFO:  + Disk	- 90.88 MiB/s (write) / 0.00 MiB/s (read)
[DLManager] INFO: = Progress: 100.00% (2291/2291), Running for 00:00:02, ETA: 00:00:00
[DLManager] INFO:  - Downloaded: 84.29 MiB, Written: 182.05 MiB
[DLManager] INFO:  - Cache usage: 0.00 MiB, active tasks: 0
[DLManager] INFO:  + Download	- 5.03 MiB/s (raw) / 65.93 MiB/s (decompressed)
[DLManager] INFO:  + Disk	- 90.96 MiB/s (write) / 0.00 MiB/s (read)
[DLManager] INFO: Waiting for installation to finish...
[DLManager] INFO: All done! Download manager quitting...
[cli] INFO: This game supports cloud saves, syncing is handled by the "sync-saves" command. To download saves for this game run "legendary sync-saves 1dea8a6ddb544842a58e4b5c8675ff58"
[cli] INFO: Finished installation process in 3.04 seconds.
