[Core] INFO: Trying to re-use existing login session...
[cli] INFO: Game has not been verified yet.
[cli] INFO: Loading installed manifest for "c5109bdceb3a453bb38c2fdc964ddee8"
[cli] ERROR: Install path "/home/zany130/Games/Heroic/DokiDokiLitClubPlus" does not exist, make sure all necessary mounts are available. If you previously deleted the game folder without uninstalling, run "legendary uninstall -y c5109bdceb3a453bb38c2fdc964ddee8" and reinstall from scratch.
[cli] INFO: Preparing download for "Doki Doki Literature Club Plus!" (c5109bdceb3a453bb38c2fdc964ddee8)...
[Core] INFO: Parsing game manifest...
[Core] INFO: Install path: /home/zany130/Games/Heroic/DokiDokiLitClubPlus
[Core] INFO: Selected CDN: fastly-download.epicgames.com (https)
[DLM] INFO: Found 0 missing files.
[cli] INFO: Install size: 2168.08 MiB
[cli] INFO: Download size: 1538.95 MiB (Compression savings: 28.2%)
[cli] INFO: Reusable size: 0.00 MiB (chunks) / 0.00 MiB (unchanged / skipped)
[cli] INFO: Downloads are resumable, you can interrupt the download with CTRL-C and resume it using the same command later on.
[DLManager] INFO: Download Manager running with process-id: 2271677
[DLManager] INFO: Starting download workers...
[DLManager] INFO: Starting file writing worker...
[DLManager] INFO: = Progress: 0.00% (0/2496), Running for 00:00:00, ETA: 00:00:00
[DLManager] INFO:  - Downloaded: 0.00 MiB, Written: 0.00 MiB
[DLManager] INFO:  - Cache usage: 32.00 MiB, active tasks: 32
[DLManager] INFO:  + Download	- 0.00 MiB/s (raw) / 0.00 MiB/s (decompressed)
[DLManager] INFO:  + Disk	- 0.00 MiB/s (write) / 0.00 MiB/s (read)
[DLManager] INFO: = Progress: 10.14% (253/2496), Running for 00:00:01, ETA: 00:00:08
[DLManager] INFO:  - Downloaded: 86.41 MiB, Written: 136.21 MiB
[DLManager] INFO:  - Cache usage: 149.00 MiB, active tasks: 32
[DLManager] INFO:  + Download	- 86.33 MiB/s (raw) / 247.78 MiB/s (decompressed)
[DLManager] INFO:  + Disk	- 136.08 MiB/s (write) / 0.00 MiB/s (read)
[DLManager] INFO: = Progress: 28.53% (712/2496), Running for 00:00:02, ETA: 00:00:05
[DLManager] INFO:  - Downloaded: 184.16 MiB, Written: 567.78 MiB
[DLManager] INFO:  - Cache usage: 56.00 MiB, active tasks: 32
[DLManager] INFO:  + Download	- 97.65 MiB/s (raw) / 313.69 MiB/s (decompressed)
[DLManager] INFO:  + Disk	- 431.14 MiB/s (write) / 0.00 MiB/s (read)
[DLManager] INFO: = Progress: 31.89% (796/2496), Running for 00:00:03, ETA: 00:00:06
[DLManager] INFO:  - Downloaded: 288.96 MiB, Written: 650.78 MiB
[DLManager] INFO:  - Cache usage: 121.00 MiB, active tasks: 32
[DLManager] INFO:  + Download	- 104.70 MiB/s (raw) / 147.85 MiB/s (decompressed)
[DLManager] INFO:  + Disk	- 82.92 MiB/s (write) / 0.00 MiB/s (read)
[DLManager] INFO: = Progress: 33.89% (846/2496), Running for 00:00:04, ETA: 00:00:07
[DLManager] INFO:  - Downloaded: 398.34 MiB, Written: 697.80 MiB
[DLManager] INFO:  - Cache usage: 184.00 MiB, active tasks: 32
[DLManager] INFO:  + Download	- 109.19 MiB/s (raw) / 109.81 MiB/s (decompressed)
[DLManager] INFO:  + Disk	- 46.94 MiB/s (write) / 0.00 MiB/s (read)
[DLManager] INFO: = Progress: 38.94% (972/2496), Running for 00:00:05, ETA: 00:00:07
[DLManager] INFO:  - Downloaded: 505.98 MiB, Written: 818.80 MiB
[DLManager] INFO:  - Cache usage: 181.00 MiB, active tasks: 32
[DLManager] INFO:  + Download	- 107.52 MiB/s (raw) / 117.87 MiB/s (decompressed)
[DLManager] INFO:  + Disk	- 120.87 MiB/s (write) / 0.00 MiB/s (read)
[DLManager] INFO: = Progress: 46.79% (1168/2496), Running for 00:00:06, ETA: 00:00:06
[DLManager] INFO:  - Downloaded: 612.76 MiB, Written: 1005.80 MiB
[DLManager] INFO:  - Cache usage: 112.00 MiB, active tasks: 32
[DLManager] INFO:  + Download	- 106.66 MiB/s (raw) / 117.87 MiB/s (decompressed)
[DLManager] INFO:  + Disk	- 186.79 MiB/s (write) / 0.00 MiB/s (read)
[DLManager] INFO: = Progress: 48.72% (1216/2496), Running for 00:00:07, ETA: 00:00:07
[DLManager] INFO:  - Downloaded: 720.86 MiB, Written: 1050.79 MiB
[DLManager] INFO:  - Cache usage: 190.00 MiB, active tasks: 32
[DLManager] INFO:  + Download	- 107.99 MiB/s (raw) / 122.88 MiB/s (decompressed)
[DLManager] INFO:  + Disk	- 44.94 MiB/s (write) / 0.00 MiB/s (read)
[DLManager] INFO: = Progress: 55.41% (1383/2496), Running for 00:00:08, ETA: 00:00:06
[DLManager] INFO:  - Downloaded: 825.54 MiB, Written: 1215.53 MiB
[DLManager] INFO:  - Cache usage: 146.00 MiB, active tasks: 32
[DLManager] INFO:  + Download	- 104.57 MiB/s (raw) / 120.87 MiB/s (decompressed)
[DLManager] INFO:  + Disk	- 164.56 MiB/s (write) / 0.00 MiB/s (read)
[DLManager] INFO: = Progress: 61.02% (1523/2496), Running for 00:00:09, ETA: 00:00:05
[DLManager] INFO:  - Downloaded: 932.40 MiB, Written: 1355.53 MiB
[DLManager] INFO:  - Cache usage: 128.00 MiB, active tasks: 32
[DLManager] INFO:  + Download	- 106.73 MiB/s (raw) / 121.85 MiB/s (decompressed)
[DLManager] INFO:  + Disk	- 139.83 MiB/s (write) / 0.00 MiB/s (read)
[DLManager] INFO: = Progress: 65.14% (1626/2496), Running for 00:00:10, ETA: 00:00:05
[DLManager] INFO:  - Downloaded: 1037.18 MiB, Written: 1458.53 MiB
[DLManager] INFO:  - Cache usage: 145.00 MiB, active tasks: 32
[DLManager] INFO:  + Download	- 104.70 MiB/s (raw) / 119.91 MiB/s (decompressed)
[DLManager] INFO:  + Disk	- 102.93 MiB/s (write) / 0.00 MiB/s (read)
[DLManager] INFO: = Progress: 69.39% (1732/2496), Running for 00:00:11, ETA: 00:00:04
[DLManager] INFO:  - Downloaded: 1143.49 MiB, Written: 1564.53 MiB
[DLManager] INFO:  - Cache usage: 161.00 MiB, active tasks: 32
[DLManager] INFO:  + Download	- 106.19 MiB/s (raw) / 121.87 MiB/s (decompressed)
[DLManager] INFO:  + Disk	- 105.88 MiB/s (write) / 0.00 MiB/s (read)
[DLManager] INFO: = Progress: 72.16% (1801/2496), Running for 00:00:12, ETA: 00:00:04
[DLManager] INFO:  - Downloaded: 1251.32 MiB, Written: 1633.53 MiB
[DLManager] INFO:  - Cache usage: 210.00 MiB, active tasks: 32
[DLManager] INFO:  + Download	- 107.74 MiB/s (raw) / 117.90 MiB/s (decompressed)
[DLManager] INFO:  + Disk	- 68.94 MiB/s (write) / 0.00 MiB/s (read)
[DLManager] INFO: = Progress: 79.81% (1992/2496), Running for 00:00:13, ETA: 00:00:03
[DLManager] INFO:  - Downloaded: 1356.02 MiB, Written: 1819.53 MiB
[DLManager] INFO:  - Cache usage: 144.00 MiB, active tasks: 32
[DLManager] INFO:  + Download	- 104.60 MiB/s (raw) / 119.88 MiB/s (decompressed)
[DLManager] INFO:  + Disk	- 185.82 MiB/s (write) / 0.00 MiB/s (read)
[DLManager] INFO: = Progress: 90.38% (2256/2496), Running for 00:00:14, ETA: 00:00:01
[DLManager] INFO:  - Downloaded: 1466.19 MiB, Written: 1971.86 MiB
[DLManager] INFO:  - Cache usage: 128.00 MiB, active tasks: 32
[DLManager] INFO:  + Download	- 110.06 MiB/s (raw) / 135.87 MiB/s (decompressed)
[DLManager] INFO:  + Disk	- 152.18 MiB/s (write) / 0.00 MiB/s (read)
[DLManager] INFO: = Progress: 100.00% (2496/2496), Running for 00:00:15, ETA: 00:00:00
[DLManager] INFO:  - Downloaded: 1538.95 MiB, Written: 2168.08 MiB
[DLManager] INFO:  - Cache usage: 0.00 MiB, active tasks: 0
[DLManager] INFO:  + Download	- 72.68 MiB/s (raw) / 103.90 MiB/s (decompressed)
[DLManager] INFO:  + Disk	- 196.03 MiB/s (write) / 0.00 MiB/s (read)
[DLManager] INFO: Waiting for installation to finish...
[DLManager] INFO: All done! Download manager quitting...
[cli] INFO: Finished installation process in 16.06 seconds.
