[Core] INFO: Trying to re-use existing login session...
[cli] INFO: Preparing download for "Soulstice" (d366ae16e31b41869cf26c6ee309e7f3)...
[Core] INFO: Parsing game manifest...
[Core] INFO: Install path: /home/zany130/Games/Heroic/Soulstice
[Core] INFO: Selected CDN: fastly-download.epicgames.com (https)
[DLM] INFO: Found previously interrupted download. Download will be resumed if possible.
[DLM] INFO: Skipping 128 files based on resume data.
[cli] INFO: Install size: 25390.95 MiB
[cli] INFO: Download size: 15550.43 MiB (Compression savings: 1.0%)
[cli] INFO: Reusable size: 0.00 MiB (chunks) / 9690.21 MiB (unchanged / skipped)
[cli] INFO: Downloads are resumable, you can interrupt the download with CTRL-C and resume it using the same command later on.
[DLManager] INFO: Download Manager running with process-id: 26133
[DLManager] INFO: Starting download workers...
[DLManager] INFO: Starting file writing worker...
[DLManager] INFO: = Progress: 0.00% (0/15963), Running for 00:00:00, ETA: 00:00:00
[DLManager] INFO:  - Downloaded: 0.00 MiB, Written: 0.00 MiB
[DLManager] INFO:  - Cache usage: 1.00 MiB, active tasks: 0
[DLManager] INFO:  + Download	- 0.00 MiB/s (raw) / 0.00 MiB/s (decompressed)
[DLManager] INFO:  + Disk	- 0.00 MiB/s (write) / 0.00 MiB/s (read)
[DLManager] INFO: = Progress: 0.35% (56/15963), Running for 00:00:01, ETA: 00:04:47
[DLManager] INFO:  - Downloaded: 52.37 MiB, Written: 49.05 MiB
[DLManager] INFO:  - Cache usage: 38.00 MiB, active tasks: 32
[DLManager] INFO:  + Download	- 52.34 MiB/s (raw) / 54.96 MiB/s (decompressed)
[DLManager] INFO:  + Disk	- 49.01 MiB/s (write) / 0.00 MiB/s (read)
[DLManager] INFO: = Progress: 0.86% (138/15963), Running for 00:00:02, ETA: 00:03:50
[DLManager] INFO:  - Downloaded: 130.93 MiB, Written: 131.05 MiB
[DLManager] INFO:  - Cache usage: 35.00 MiB, active tasks: 32
[DLManager] INFO:  + Download	- 78.50 MiB/s (raw) / 78.95 MiB/s (decompressed)
[DLManager] INFO:  + Disk	- 81.94 MiB/s (write) / 0.00 MiB/s (read)
[DLManager] INFO: = Progress: 1.45% (231/15963), Running for 00:00:03, ETA: 00:03:25
[DLManager] INFO:  - Downloaded: 214.86 MiB, Written: 215.91 MiB
[DLManager] INFO:  - Cache usage: 36.00 MiB, active tasks: 32
[DLManager] INFO:  + Download	- 83.82 MiB/s (raw) / 85.89 MiB/s (decompressed)
[DLManager] INFO:  + Disk	- 84.75 MiB/s (write) / 0.00 MiB/s (read)
[DLManager] INFO: = Progress: 1.89% (301/15963), Running for 00:00:04, ETA: 00:03:28
[DLManager] INFO:  - Downloaded: 290.27 MiB, Written: 284.80 MiB
[DLManager] INFO:  - Cache usage: 43.00 MiB, active tasks: 32
[DLManager] INFO:  + Download	- 75.37 MiB/s (raw) / 75.96 MiB/s (decompressed)
[DLManager] INFO:  + Disk	- 68.85 MiB/s (write) / 0.00 MiB/s (read)
[DLManager] INFO: = Progress: 2.45% (391/15963), Running for 00:00:05, ETA: 00:03:19
[DLManager] INFO:  - Downloaded: 371.59 MiB, Written: 372.59 MiB
[DLManager] INFO:  - Cache usage: 37.00 MiB, active tasks: 32
[DLManager] INFO:  + Download	- 81.27 MiB/s (raw) / 81.95 MiB/s (decompressed)
[DLManager] INFO:  + Disk	- 87.74 MiB/s (write) / 0.00 MiB/s (read)
[DLManager] INFO: = Progress: 3.02% (482/15963), Running for 00:00:06, ETA: 00:03:13
[DLManager] INFO:  - Downloaded: 461.38 MiB, Written: 460.11 MiB
[DLManager] INFO:  - Cache usage: 41.00 MiB, active tasks: 32
[DLManager] INFO:  + Download	- 89.70 MiB/s (raw) / 90.90 MiB/s (decompressed)
[DLManager] INFO:  + Disk	- 87.42 MiB/s (write) / 0.00 MiB/s (read)
[DLManager] INFO: = Progress: 3.60% (575/15963), Running for 00:00:07, ETA: 00:03:07
[DLManager] INFO:  - Downloaded: 546.81 MiB, Written: 551.06 MiB
[DLManager] INFO:  - Cache usage: 36.00 MiB, active tasks: 32
[DLManager] INFO:  + Download	- 85.36 MiB/s (raw) / 85.93 MiB/s (decompressed)
[DLManager] INFO:  + Disk	- 90.88 MiB/s (write) / 0.00 MiB/s (read)
[DLManager] INFO: = Progress: 4.16% (664/15963), Running for 00:00:08, ETA: 00:03:04
[DLManager] INFO:  - Downloaded: 636.53 MiB, Written: 636.78 MiB
[DLManager] INFO:  - Cache usage: 40.00 MiB, active tasks: 32
[DLManager] INFO:  + Download	- 89.63 MiB/s (raw) / 89.91 MiB/s (decompressed)
[DLManager] INFO:  + Disk	- 85.63 MiB/s (write) / 0.00 MiB/s (read)
[DLManager] INFO: = Progress: 4.72% (753/15963), Running for 00:00:09, ETA: 00:03:02
[DLManager] INFO:  - Downloaded: 721.54 MiB, Written: 721.22 MiB
[DLManager] INFO:  - Cache usage: 43.00 MiB, active tasks: 32
[DLManager] INFO:  + Download	- 84.90 MiB/s (raw) / 86.89 MiB/s (decompressed)
[DLManager] INFO:  + Disk	- 84.33 MiB/s (write) / 0.00 MiB/s (read)
[DLManager] INFO: = Progress: 5.32% (849/15963), Running for 00:00:10, ETA: 00:02:58
[DLManager] INFO:  - Downloaded: 810.09 MiB, Written: 815.06 MiB
[DLManager] INFO:  - Cache usage: 38.00 MiB, active tasks: 32
[DLManager] INFO:  + Download	- 88.47 MiB/s (raw) / 88.92 MiB/s (decompressed)
[DLManager] INFO:  + Disk	- 93.76 MiB/s (write) / 0.00 MiB/s (read)
[DLManager] INFO: = Progress: 5.91% (944/15963), Running for 00:00:11, ETA: 00:02:55
[DLManager] INFO:  - Downloaded: 900.35 MiB, Written: 909.06 MiB
[DLManager] INFO:  - Cache usage: 35.00 MiB, active tasks: 32
[DLManager] INFO:  + Download	- 90.19 MiB/s (raw) / 90.92 MiB/s (decompressed)
[DLManager] INFO:  + Disk	- 93.92 MiB/s (write) / 0.00 MiB/s (read)
[DLManager] INFO: = Progress: 6.50% (1037/15963), Running for 00:00:12, ETA: 00:02:53
[DLManager] INFO:  - Downloaded: 987.72 MiB, Written: 994.11 MiB
[DLManager] INFO:  - Cache usage: 40.00 MiB, active tasks: 32
[DLManager] INFO:  + Download	- 87.29 MiB/s (raw) / 89.91 MiB/s (decompressed)
[DLManager] INFO:  + Disk	- 84.97 MiB/s (write) / 0.00 MiB/s (read)
[DLManager] INFO: = Progress: 7.07% (1128/15963), Running for 00:00:13, ETA: 00:02:51
[DLManager] INFO:  - Downloaded: 1074.87 MiB, Written: 1082.11 MiB
[DLManager] INFO:  - Cache usage: 40.00 MiB, active tasks: 32
[DLManager] INFO:  + Download	- 87.10 MiB/s (raw) / 87.95 MiB/s (decompressed)
[DLManager] INFO:  + Disk	- 87.96 MiB/s (write) / 0.00 MiB/s (read)
[DLManager] INFO: = Progress: 7.70% (1229/15963), Running for 00:00:14, ETA: 00:02:48
[DLManager] INFO:  - Downloaded: 1165.89 MiB, Written: 1178.10 MiB
[DLManager] INFO:  - Cache usage: 36.00 MiB, active tasks: 32
[DLManager] INFO:  + Download	- 90.95 MiB/s (raw) / 91.93 MiB/s (decompressed)
[DLManager] INFO:  + Disk	- 95.92 MiB/s (write) / 0.00 MiB/s (read)
[DLManager] INFO: = Progress: 8.21% (1310/15963), Running for 00:00:15, ETA: 00:02:48
[DLManager] INFO:  - Downloaded: 1245.72 MiB, Written: 1257.09 MiB
[DLManager] INFO:  - Cache usage: 38.00 MiB, active tasks: 32
[DLManager] INFO:  + Download	- 79.73 MiB/s (raw) / 80.91 MiB/s (decompressed)
[DLManager] INFO:  + Disk	- 78.91 MiB/s (write) / 0.00 MiB/s (read)
[DLManager] INFO: = Progress: 8.75% (1397/15963), Running for 00:00:16, ETA: 00:02:47
[DLManager] INFO:  - Downloaded: 1329.87 MiB, Written: 1343.09 MiB
[DLManager] INFO:  - Cache usage: 37.00 MiB, active tasks: 32
[DLManager] INFO:  + Download	- 84.05 MiB/s (raw) / 84.89 MiB/s (decompressed)
[DLManager] INFO:  + Disk	- 85.89 MiB/s (write) / 0.00 MiB/s (read)
[DLManager] INFO: = Progress: 9.32% (1487/15963), Running for 00:00:17, ETA: 00:02:45
[DLManager] INFO:  - Downloaded: 1413.69 MiB, Written: 1429.07 MiB
[DLManager] INFO:  - Cache usage: 36.00 MiB, active tasks: 32
[DLManager] INFO:  + Download	- 83.75 MiB/s (raw) / 84.94 MiB/s (decompressed)
[DLManager] INFO:  + Disk	- 85.92 MiB/s (write) / 0.00 MiB/s (read)
[DLManager] INFO: = Progress: 9.85% (1573/15963), Running for 00:00:18, ETA: 00:02:44
[DLManager] INFO:  - Downloaded: 1491.39 MiB, Written: 1507.40 MiB
[DLManager] INFO:  - Cache usage: 38.00 MiB, active tasks: 32
[DLManager] INFO:  + Download	- 77.61 MiB/s (raw) / 79.90 MiB/s (decompressed)
[DLManager] INFO:  + Disk	- 78.23 MiB/s (write) / 0.00 MiB/s (read)
[DLManager] INFO: = Progress: 10.42% (1664/15963), Running for 00:00:19, ETA: 00:02:43
[DLManager] INFO:  - Downloaded: 1580.59 MiB, Written: 1593.69 MiB
[DLManager] INFO:  - Cache usage: 41.00 MiB, active tasks: 32
[DLManager] INFO:  + Download	- 89.10 MiB/s (raw) / 89.89 MiB/s (decompressed)
[DLManager] INFO:  + Disk	- 86.19 MiB/s (write) / 0.00 MiB/s (read)
[DLManager] INFO: = Progress: 11.05% (1764/15963), Running for 00:00:20, ETA: 00:02:41
[DLManager] INFO:  - Downloaded: 1671.23 MiB, Written: 1690.54 MiB
[DLManager] INFO:  - Cache usage: 36.00 MiB, active tasks: 32
[DLManager] INFO:  + Download	- 90.53 MiB/s (raw) / 91.89 MiB/s (decompressed)
[DLManager] INFO:  + Disk	- 96.74 MiB/s (write) / 0.00 MiB/s (read)
[DLManager] INFO: = Progress: 11.60% (1852/15963), Running for 00:00:21, ETA: 00:02:40
[DLManager] INFO:  - Downloaded: 1757.60 MiB, Written: 1777.54 MiB
[DLManager] INFO:  - Cache usage: 39.00 MiB, active tasks: 32
[DLManager] INFO:  + Download	- 86.26 MiB/s (raw) / 89.89 MiB/s (decompressed)
[DLManager] INFO:  + Disk	- 86.89 MiB/s (write) / 0.00 MiB/s (read)
[DLManager] INFO: = Progress: 12.24% (1954/15963), Running for 00:00:22, ETA: 00:02:37
[DLManager] INFO:  - Downloaded: 1851.56 MiB, Written: 1879.54 MiB
[DLManager] INFO:  - Cache usage: 36.00 MiB, active tasks: 32
[DLManager] INFO:  + Download	- 93.89 MiB/s (raw) / 98.92 MiB/s (decompressed)
[DLManager] INFO:  + Disk	- 101.92 MiB/s (write) / 0.00 MiB/s (read)
[DLManager] INFO: = Progress: 12.77% (2039/15963), Running for 00:00:23, ETA: 00:02:37
[DLManager] INFO:  - Downloaded: 1936.99 MiB, Written: 1964.39 MiB
[DLManager] INFO:  - Cache usage: 39.00 MiB, active tasks: 32
[DLManager] INFO:  + Download	- 85.39 MiB/s (raw) / 86.97 MiB/s (decompressed)
[DLManager] INFO:  + Disk	- 84.82 MiB/s (write) / 0.00 MiB/s (read)
[DLManager] INFO: = Progress: 13.37% (2135/15963), Running for 00:00:24, ETA: 00:02:35
[DLManager] INFO:  - Downloaded: 2026.65 MiB, Written: 2058.61 MiB
[DLManager] INFO:  - Cache usage: 36.00 MiB, active tasks: 32
[DLManager] INFO:  + Download	- 89.55 MiB/s (raw) / 91.89 MiB/s (decompressed)
[DLManager] INFO:  + Disk	- 94.10 MiB/s (write) / 0.00 MiB/s (read)
[DLManager] INFO: = Progress: 13.96% (2229/15963), Running for 00:00:25, ETA: 00:02:34
[DLManager] INFO:  - Downloaded: 2118.97 MiB, Written: 2152.25 MiB
[DLManager] INFO:  - Cache usage: 38.00 MiB, active tasks: 32
[DLManager] INFO:  + Download	- 92.29 MiB/s (raw) / 94.96 MiB/s (decompressed)
[DLManager] INFO:  + Disk	- 93.61 MiB/s (write) / 0.00 MiB/s (read)
[DLManager] INFO: = Progress: 14.48% (2312/15963), Running for 00:00:26, ETA: 00:02:33
[DLManager] INFO:  - Downloaded: 2204.35 MiB, Written: 2235.25 MiB
[DLManager] INFO:  - Cache usage: 41.00 MiB, active tasks: 32
[DLManager] INFO:  + Download	- 85.30 MiB/s (raw) / 85.92 MiB/s (decompressed)
[DLManager] INFO:  + Disk	- 82.93 MiB/s (write) / 0.00 MiB/s (read)
[DLManager] INFO: = Progress: 15.05% (2403/15963), Running for 00:00:27, ETA: 00:02:32
[DLManager] INFO:  - Downloaded: 2290.67 MiB, Written: 2326.25 MiB
[DLManager] INFO:  - Cache usage: 37.00 MiB, active tasks: 32
[DLManager] INFO:  + Download	- 86.22 MiB/s (raw) / 86.90 MiB/s (decompressed)
[DLManager] INFO:  + Disk	- 90.90 MiB/s (write) / 0.00 MiB/s (read)
[DLManager] INFO: = Progress: 15.62% (2493/15963), Running for 00:00:28, ETA: 00:02:31
[DLManager] INFO:  - Downloaded: 2379.28 MiB, Written: 2416.25 MiB
[DLManager] INFO:  - Cache usage: 39.00 MiB, active tasks: 32
[DLManager] INFO:  + Download	- 88.56 MiB/s (raw) / 91.96 MiB/s (decompressed)
[DLManager] INFO:  + Disk	- 89.96 MiB/s (write) / 0.00 MiB/s (read)
[DLManager] INFO: = Progress: 16.24% (2593/15963), Running for 00:00:29, ETA: 00:02:29
[DLManager] INFO:  - Downloaded: 2468.10 MiB, Written: 2509.32 MiB
[DLManager] INFO:  - Cache usage: 35.00 MiB, active tasks: 32
[DLManager] INFO:  + Download	- 88.73 MiB/s (raw) / 89.90 MiB/s (decompressed)
[DLManager] INFO:  + Disk	- 92.97 MiB/s (write) / 0.00 MiB/s (read)
[DLManager] INFO: = Progress: 16.82% (2685/15963), Running for 00:00:30, ETA: 00:02:28
[DLManager] INFO:  - Downloaded: 2557.12 MiB, Written: 2598.84 MiB
[DLManager] INFO:  - Cache usage: 36.00 MiB, active tasks: 32
[DLManager] INFO:  + Download	- 88.95 MiB/s (raw) / 89.92 MiB/s (decompressed)
[DLManager] INFO:  + Disk	- 89.44 MiB/s (write) / 0.00 MiB/s (read)
[DLManager] INFO: = Progress: 17.42% (2781/15963), Running for 00:00:31, ETA: 00:02:27
[DLManager] INFO:  - Downloaded: 2645.47 MiB, Written: 2690.02 MiB
[DLManager] INFO:  - Cache usage: 35.00 MiB, active tasks: 32
[DLManager] INFO:  + Download	- 88.23 MiB/s (raw) / 89.88 MiB/s (decompressed)
[DLManager] INFO:  + Disk	- 91.06 MiB/s (write) / 0.00 MiB/s (read)
[DLManager] INFO: = Progress: 17.94% (2863/15963), Running for 00:00:32, ETA: 00:02:26
[DLManager] INFO:  - Downloaded: 2729.86 MiB, Written: 2768.55 MiB
[DLManager] INFO:  - Cache usage: 42.00 MiB, active tasks: 32
[DLManager] INFO:  + Download	- 84.28 MiB/s (raw) / 85.89 MiB/s (decompressed)
[DLManager] INFO:  + Disk	- 78.43 MiB/s (write) / 0.00 MiB/s (read)
[DLManager] INFO: = Progress: 18.51% (2955/15963), Running for 00:00:33, ETA: 00:02:25
[DLManager] INFO:  - Downloaded: 2815.61 MiB, Written: 2858.59 MiB
[DLManager] INFO:  - Cache usage: 38.00 MiB, active tasks: 32
[DLManager] INFO:  + Download	- 85.66 MiB/s (raw) / 85.91 MiB/s (decompressed)
[DLManager] INFO:  + Disk	- 89.95 MiB/s (write) / 0.00 MiB/s (read)
[DLManager] INFO: = Progress: 19.04% (3039/15963), Running for 00:00:34, ETA: 00:02:24
[DLManager] INFO:  - Downloaded: 2899.80 MiB, Written: 2940.99 MiB
[DLManager] INFO:  - Cache usage: 41.00 MiB, active tasks: 32
[DLManager] INFO:  + Download	- 84.10 MiB/s (raw) / 84.90 MiB/s (decompressed)
[DLManager] INFO:  + Disk	- 82.30 MiB/s (write) / 0.00 MiB/s (read)
[DLManager] INFO: = Progress: 19.64% (3135/15963), Running for 00:00:35, ETA: 00:02:23
[DLManager] INFO:  - Downloaded: 2988.06 MiB, Written: 3031.52 MiB
[DLManager] INFO:  - Cache usage: 42.00 MiB, active tasks: 32
[DLManager] INFO:  + Download	- 88.18 MiB/s (raw) / 90.92 MiB/s (decompressed)
[DLManager] INFO:  + Disk	- 90.45 MiB/s (write) / 0.00 MiB/s (read)
[DLManager] INFO: = Progress: 20.28% (3237/15963), Running for 00:00:36, ETA: 00:02:21
[DLManager] INFO:  - Downloaded: 3076.69 MiB, Written: 3126.48 MiB
[DLManager] INFO:  - Cache usage: 37.00 MiB, active tasks: 32
[DLManager] INFO:  + Download	- 88.54 MiB/s (raw) / 89.90 MiB/s (decompressed)
[DLManager] INFO:  + Disk	- 94.86 MiB/s (write) / 0.00 MiB/s (read)
[DLManager] INFO: = Progress: 20.87% (3332/15963), Running for 00:00:37, ETA: 00:02:20
[DLManager] INFO:  - Downloaded: 3166.47 MiB, Written: 3216.69 MiB
[DLManager] INFO:  - Cache usage: 38.00 MiB, active tasks: 32
[DLManager] INFO:  + Download	- 89.69 MiB/s (raw) / 90.91 MiB/s (decompressed)
[DLManager] INFO:  + Disk	- 90.13 MiB/s (write) / 0.00 MiB/s (read)
[DLManager] INFO: = Progress: 21.46% (3425/15963), Running for 00:00:38, ETA: 00:02:19
[DLManager] INFO:  - Downloaded: 3256.40 MiB, Written: 3309.69 MiB
[DLManager] INFO:  - Cache usage: 35.00 MiB, active tasks: 32
[DLManager] INFO:  + Download	- 89.86 MiB/s (raw) / 89.93 MiB/s (decompressed)
[DLManager] INFO:  + Disk	- 92.93 MiB/s (write) / 0.00 MiB/s (read)
[DLManager] INFO: = Progress: 21.99% (3510/15963), Running for 00:00:39, ETA: 00:02:18
[DLManager] INFO:  - Downloaded: 3344.22 MiB, Written: 3394.69 MiB
[DLManager] INFO:  - Cache usage: 38.00 MiB, active tasks: 32
[DLManager] INFO:  + Download	- 87.71 MiB/s (raw) / 87.90 MiB/s (decompressed)
[DLManager] INFO:  + Disk	- 84.90 MiB/s (write) / 0.00 MiB/s (read)
[DLManager] INFO: = Progress: 22.53% (3596/15963), Running for 00:00:40, ETA: 00:02:17
[DLManager] INFO:  - Downloaded: 3433.91 MiB, Written: 3480.69 MiB
[DLManager] INFO:  - Cache usage: 42.00 MiB, active tasks: 32
[DLManager] INFO:  + Download	- 89.58 MiB/s (raw) / 89.89 MiB/s (decompressed)
[DLManager] INFO:  + Disk	- 85.89 MiB/s (write) / 0.00 MiB/s (read)
[DLManager] INFO: = Progress: 23.10% (3688/15963), Running for 00:00:41, ETA: 00:02:16
[DLManager] INFO:  - Downloaded: 3522.69 MiB, Written: 3572.69 MiB
[DLManager] INFO:  - Cache usage: 39.00 MiB, active tasks: 32
[DLManager] INFO:  + Download	- 88.71 MiB/s (raw) / 88.93 MiB/s (decompressed)
[DLManager] INFO:  + Disk	- 91.93 MiB/s (write) / 0.00 MiB/s (read)
[DLManager] INFO: = Progress: 23.65% (3775/15963), Running for 00:00:42, ETA: 00:02:15
[DLManager] INFO:  - Downloaded: 3605.29 MiB, Written: 3657.27 MiB
[DLManager] INFO:  - Cache usage: 36.00 MiB, active tasks: 32
[DLManager] INFO:  + Download	- 82.51 MiB/s (raw) / 82.90 MiB/s (decompressed)
[DLManager] INFO:  + Disk	- 84.48 MiB/s (write) / 0.00 MiB/s (read)
[DLManager] INFO: = Progress: 24.17% (3859/15963), Running for 00:00:43, ETA: 00:02:15
[DLManager] INFO:  - Downloaded: 3688.89 MiB, Written: 3739.40 MiB
[DLManager] INFO:  - Cache usage: 38.00 MiB, active tasks: 32
[DLManager] INFO:  + Download	- 83.51 MiB/s (raw) / 83.91 MiB/s (decompressed)
[DLManager] INFO:  + Disk	- 82.04 MiB/s (write) / 0.00 MiB/s (read)
[DLManager] INFO: = Progress: 24.77% (3954/15963), Running for 00:00:44, ETA: 00:02:13
[DLManager] INFO:  - Downloaded: 3781.62 MiB, Written: 3834.22 MiB
[DLManager] INFO:  - Cache usage: 37.00 MiB, active tasks: 32
[DLManager] INFO:  + Download	- 92.70 MiB/s (raw) / 92.98 MiB/s (decompressed)
[DLManager] INFO:  + Disk	- 94.79 MiB/s (write) / 0.00 MiB/s (read)
[DLManager] INFO: = Progress: 25.36% (4048/15963), Running for 00:00:45, ETA: 00:02:12
[DLManager] INFO:  - Downloaded: 3870.93 MiB, Written: 3927.18 MiB
[DLManager] INFO:  - Cache usage: 36.00 MiB, active tasks: 32
[DLManager] INFO:  + Download	- 89.21 MiB/s (raw) / 91.90 MiB/s (decompressed)
[DLManager] INFO:  + Disk	- 92.86 MiB/s (write) / 0.00 MiB/s (read)
[DLManager] INFO: = Progress: 25.92% (4137/15963), Running for 00:00:46, ETA: 00:02:11
[DLManager] INFO:  - Downloaded: 3957.18 MiB, Written: 4015.13 MiB
[DLManager] INFO:  - Cache usage: 36.00 MiB, active tasks: 32
[DLManager] INFO:  + Download	- 86.17 MiB/s (raw) / 87.92 MiB/s (decompressed)
[DLManager] INFO:  + Disk	- 87.87 MiB/s (write) / 0.00 MiB/s (read)
[DLManager] INFO: = Progress: 26.46% (4224/15963), Running for 00:00:47, ETA: 00:02:10
[DLManager] INFO:  - Downloaded: 4045.09 MiB, Written: 4101.13 MiB
[DLManager] INFO:  - Cache usage: 41.00 MiB, active tasks: 32
[DLManager] INFO:  + Download	- 87.82 MiB/s (raw) / 90.91 MiB/s (decompressed)
[DLManager] INFO:  + Disk	- 85.92 MiB/s (write) / 0.00 MiB/s (read)
[DLManager] INFO: = Progress: 27.02% (4314/15963), Running for 00:00:48, ETA: 00:02:09
[DLManager] INFO:  - Downloaded: 4133.51 MiB, Written: 4191.13 MiB
[DLManager] INFO:  - Cache usage: 40.00 MiB, active tasks: 32
[DLManager] INFO:  + Download	- 88.38 MiB/s (raw) / 88.97 MiB/s (decompressed)
[DLManager] INFO:  + Disk	- 89.97 MiB/s (write) / 0.00 MiB/s (read)
[DLManager] INFO: = Progress: 27.57% (4401/15963), Running for 00:00:49, ETA: 00:02:08
[DLManager] INFO:  - Downloaded: 4218.23 MiB, Written: 4278.13 MiB
[DLManager] INFO:  - Cache usage: 38.00 MiB, active tasks: 32
[DLManager] INFO:  + Download	- 84.62 MiB/s (raw) / 84.89 MiB/s (decompressed)
[DLManager] INFO:  + Disk	- 86.89 MiB/s (write) / 0.00 MiB/s (read)
[DLManager] INFO: = Progress: 28.12% (4488/15963), Running for 00:00:50, ETA: 00:02:07
[DLManager] INFO:  - Downloaded: 4307.66 MiB, Written: 4363.87 MiB
[DLManager] INFO:  - Cache usage: 42.00 MiB, active tasks: 32
[DLManager] INFO:  + Download	- 89.36 MiB/s (raw) / 89.93 MiB/s (decompressed)
[DLManager] INFO:  + Disk	- 85.68 MiB/s (write) / 0.00 MiB/s (read)
[DLManager] INFO: = Progress: 28.68% (4578/15963), Running for 00:00:51, ETA: 00:02:06
[DLManager] INFO:  - Downloaded: 4393.96 MiB, Written: 4453.87 MiB
[DLManager] INFO:  - Cache usage: 40.00 MiB, active tasks: 32
[DLManager] INFO:  + Download	- 86.18 MiB/s (raw) / 87.88 MiB/s (decompressed)
[DLManager] INFO:  + Disk	- 89.88 MiB/s (write) / 0.00 MiB/s (read)
[DLManager] INFO: = Progress: 29.23% (4666/15963), Running for 00:00:52, ETA: 00:02:06
[DLManager] INFO:  - Downloaded: 4480.61 MiB, Written: 4541.87 MiB
[DLManager] INFO:  - Cache usage: 39.00 MiB, active tasks: 32
[DLManager] INFO:  + Download	- 86.60 MiB/s (raw) / 86.95 MiB/s (decompressed)
[DLManager] INFO:  + Disk	- 87.95 MiB/s (write) / 0.00 MiB/s (read)
[DLManager] INFO: = Progress: 29.74% (4747/15963), Running for 00:00:53, ETA: 00:02:05
[DLManager] INFO:  - Downloaded: 4562.52 MiB, Written: 4622.87 MiB
[DLManager] INFO:  - Cache usage: 40.00 MiB, active tasks: 32
[DLManager] INFO:  + Download	- 81.87 MiB/s (raw) / 81.97 MiB/s (decompressed)
[DLManager] INFO:  + Disk	- 80.97 MiB/s (write) / 0.00 MiB/s (read)
[DLManager] INFO: = Progress: 30.31% (4839/15963), Running for 00:00:54, ETA: 00:02:04
[DLManager] INFO:  - Downloaded: 4648.96 MiB, Written: 4711.48 MiB
[DLManager] INFO:  - Cache usage: 38.00 MiB, active tasks: 32
[DLManager] INFO:  + Download	- 86.38 MiB/s (raw) / 86.94 MiB/s (decompressed)
[DLManager] INFO:  + Disk	- 88.55 MiB/s (write) / 0.00 MiB/s (read)
[DLManager] INFO: = Progress: 30.87% (4928/15963), Running for 00:00:55, ETA: 00:02:03
[DLManager] INFO:  - Downloaded: 4735.94 MiB, Written: 4800.48 MiB
[DLManager] INFO:  - Cache usage: 36.00 MiB, active tasks: 32
[DLManager] INFO:  + Download	- 86.90 MiB/s (raw) / 86.92 MiB/s (decompressed)
[DLManager] INFO:  + Disk	- 88.92 MiB/s (write) / 0.00 MiB/s (read)
[DLManager] INFO: = Progress: 31.42% (5016/15963), Running for 00:00:56, ETA: 00:02:02
[DLManager] INFO:  - Downloaded: 4822.73 MiB, Written: 4888.10 MiB
[DLManager] INFO:  - Cache usage: 36.00 MiB, active tasks: 32
[DLManager] INFO:  + Download	- 86.70 MiB/s (raw) / 86.91 MiB/s (decompressed)
[DLManager] INFO:  + Disk	- 87.52 MiB/s (write) / 0.00 MiB/s (read)
[DLManager] INFO: = Progress: 31.89% (5091/15963), Running for 00:00:57, ETA: 00:02:01
[DLManager] INFO:  - Downloaded: 4910.91 MiB, Written: 4961.05 MiB
[DLManager] INFO:  - Cache usage: 52.00 MiB, active tasks: 32
[DLManager] INFO:  + Download	- 88.08 MiB/s (raw) / 88.90 MiB/s (decompressed)
[DLManager] INFO:  + Disk	- 72.88 MiB/s (write) / 0.00 MiB/s (read)
[DLManager] INFO: = Progress: 32.56% (5198/15963), Running for 00:00:58, ETA: 00:02:00
[DLManager] INFO:  - Downloaded: 4997.95 MiB, Written: 5065.07 MiB
[DLManager] INFO:  - Cache usage: 38.00 MiB, active tasks: 32
[DLManager] INFO:  + Download	- 86.92 MiB/s (raw) / 89.88 MiB/s (decompressed)
[DLManager] INFO:  + Disk	- 103.88 MiB/s (write) / 0.00 MiB/s (read)
[DLManager] INFO: = Progress: 33.05% (5276/15963), Running for 00:00:59, ETA: 00:01:59
[DLManager] INFO:  - Downloaded: 5077.83 MiB, Written: 5141.06 MiB
[DLManager] INFO:  - Cache usage: 42.00 MiB, active tasks: 32
[DLManager] INFO:  + Download	- 79.80 MiB/s (raw) / 79.91 MiB/s (decompressed)
[DLManager] INFO:  + Disk	- 75.91 MiB/s (write) / 0.00 MiB/s (read)
[DLManager] INFO: = Progress: 33.61% (5365/15963), Running for 00:01:00, ETA: 00:01:58
[DLManager] INFO:  - Downloaded: 5160.72 MiB, Written: 5229.06 MiB
[DLManager] INFO:  - Cache usage: 38.00 MiB, active tasks: 32
[DLManager] INFO:  + Download	- 82.84 MiB/s (raw) / 83.95 MiB/s (decompressed)
[DLManager] INFO:  + Disk	- 87.95 MiB/s (write) / 0.00 MiB/s (read)
[DLManager] INFO: = Progress: 34.14% (5449/15963), Running for 00:01:01, ETA: 00:01:57
[DLManager] INFO:  - Downloaded: 5244.69 MiB, Written: 5313.06 MiB
[DLManager] INFO:  - Cache usage: 38.00 MiB, active tasks: 32
[DLManager] INFO:  + Download	- 83.91 MiB/s (raw) / 83.93 MiB/s (decompressed)
[DLManager] INFO:  + Disk	- 83.93 MiB/s (write) / 0.00 MiB/s (read)
[DLManager] INFO: = Progress: 34.65% (5531/15963), Running for 00:01:02, ETA: 00:01:57
[DLManager] INFO:  - Downloaded: 5328.41 MiB, Written: 5395.06 MiB
[DLManager] INFO:  - Cache usage: 40.00 MiB, active tasks: 32
[DLManager] INFO:  + Download	- 83.61 MiB/s (raw) / 83.89 MiB/s (decompressed)
[DLManager] INFO:  + Disk	- 81.89 MiB/s (write) / 0.00 MiB/s (read)
[DLManager] INFO: = Progress: 35.11% (5604/15963), Running for 00:01:03, ETA: 00:01:56
[DLManager] INFO:  - Downloaded: 5399.38 MiB, Written: 5468.06 MiB
[DLManager] INFO:  - Cache usage: 38.00 MiB, active tasks: 32
[DLManager] INFO:  + Download	- 70.90 MiB/s (raw) / 70.94 MiB/s (decompressed)
[DLManager] INFO:  + Disk	- 72.93 MiB/s (write) / 0.00 MiB/s (read)
[DLManager] INFO: = Progress: 35.61% (5685/15963), Running for 00:01:04, ETA: 00:01:55
[DLManager] INFO:  - Downloaded: 5477.26 MiB, Written: 5549.06 MiB
[DLManager] INFO:  - Cache usage: 35.00 MiB, active tasks: 32
[DLManager] INFO:  + Download	- 77.78 MiB/s (raw) / 77.90 MiB/s (decompressed)
[DLManager] INFO:  + Disk	- 80.90 MiB/s (write) / 0.00 MiB/s (read)
[DLManager] INFO: = Progress: 36.11% (5764/15963), Running for 00:01:05, ETA: 00:01:55
[DLManager] INFO:  - Downloaded: 5559.14 MiB, Written: 5628.06 MiB
[DLManager] INFO:  - Cache usage: 38.00 MiB, active tasks: 32
[DLManager] INFO:  + Download	- 81.85 MiB/s (raw) / 81.96 MiB/s (decompressed)
[DLManager] INFO:  + Disk	- 78.96 MiB/s (write) / 0.00 MiB/s (read)
[DLManager] INFO: = Progress: 36.61% (5844/15963), Running for 00:01:06, ETA: 00:01:54
[DLManager] INFO:  - Downloaded: 5636.92 MiB, Written: 5708.06 MiB
[DLManager] INFO:  - Cache usage: 36.00 MiB, active tasks: 32
[DLManager] INFO:  + Download	- 77.70 MiB/s (raw) / 77.92 MiB/s (decompressed)
[DLManager] INFO:  + Disk	- 79.92 MiB/s (write) / 0.00 MiB/s (read)
[DLManager] INFO: = Progress: 37.11% (5924/15963), Running for 00:01:07, ETA: 00:01:53
[DLManager] INFO:  - Downloaded: 5718.71 MiB, Written: 5788.06 MiB
[DLManager] INFO:  - Cache usage: 38.00 MiB, active tasks: 32
[DLManager] INFO:  + Download	- 81.71 MiB/s (raw) / 81.92 MiB/s (decompressed)
[DLManager] INFO:  + Disk	- 79.92 MiB/s (write) / 0.00 MiB/s (read)
[DLManager] INFO: = Progress: 37.66% (6011/15963), Running for 00:01:08, ETA: 00:01:52
[DLManager] INFO:  - Downloaded: 5803.54 MiB, Written: 5875.06 MiB
[DLManager] INFO:  - Cache usage: 36.00 MiB, active tasks: 32
[DLManager] INFO:  + Download	- 84.72 MiB/s (raw) / 84.89 MiB/s (decompressed)
[DLManager] INFO:  + Disk	- 86.89 MiB/s (write) / 0.00 MiB/s (read)
[DLManager] INFO: = Progress: 38.20% (6098/15963), Running for 00:01:09, ETA: 00:01:51
[DLManager] INFO:  - Downloaded: 5893.40 MiB, Written: 5962.06 MiB
[DLManager] INFO:  - Cache usage: 39.00 MiB, active tasks: 32
[DLManager] INFO:  + Download	- 89.80 MiB/s (raw) / 89.93 MiB/s (decompressed)
[DLManager] INFO:  + Disk	- 86.94 MiB/s (write) / 0.00 MiB/s (read)
[DLManager] INFO: = Progress: 38.76% (6188/15963), Running for 00:01:10, ETA: 00:01:50
[DLManager] INFO:  - Downloaded: 5980.22 MiB, Written: 6052.06 MiB
[DLManager] INFO:  - Cache usage: 36.00 MiB, active tasks: 32
[DLManager] INFO:  + Download	- 86.72 MiB/s (raw) / 86.89 MiB/s (decompressed)
[DLManager] INFO:  + Disk	- 89.89 MiB/s (write) / 0.00 MiB/s (read)
[DLManager] INFO: = Progress: 39.35% (6281/15963), Running for 00:01:11, ETA: 00:01:49
[DLManager] INFO:  - Downloaded: 6070.93 MiB, Written: 6144.72 MiB
[DLManager] INFO:  - Cache usage: 35.00 MiB, active tasks: 32
[DLManager] INFO:  + Download	- 90.64 MiB/s (raw) / 90.93 MiB/s (decompressed)
[DLManager] INFO:  + Disk	- 92.59 MiB/s (write) / 0.00 MiB/s (read)
[DLManager] INFO: = Progress: 39.89% (6368/15963), Running for 00:01:12, ETA: 00:01:48
[DLManager] INFO:  - Downloaded: 6160.59 MiB, Written: 6230.74 MiB
[DLManager] INFO:  - Cache usage: 39.00 MiB, active tasks: 32
[DLManager] INFO:  + Download	- 89.54 MiB/s (raw) / 89.88 MiB/s (decompressed)
[DLManager] INFO:  + Disk	- 85.90 MiB/s (write) / 0.00 MiB/s (read)
[DLManager] INFO: = Progress: 40.45% (6457/15963), Running for 00:01:13, ETA: 00:01:47
[DLManager] INFO:  - Downloaded: 6250.58 MiB, Written: 6319.74 MiB
[DLManager] INFO:  - Cache usage: 40.00 MiB, active tasks: 32
[DLManager] INFO:  + Download	- 89.89 MiB/s (raw) / 89.90 MiB/s (decompressed)
[DLManager] INFO:  + Disk	- 88.91 MiB/s (write) / 0.00 MiB/s (read)
[DLManager] INFO: = Progress: 41.01% (6547/15963), Running for 00:01:14, ETA: 00:01:46
[DLManager] INFO:  - Downloaded: 6338.37 MiB, Written: 6409.74 MiB
[DLManager] INFO:  - Cache usage: 38.00 MiB, active tasks: 32
[DLManager] INFO:  + Download	- 87.77 MiB/s (raw) / 87.97 MiB/s (decompressed)
[DLManager] INFO:  + Disk	- 89.97 MiB/s (write) / 0.00 MiB/s (read)
[DLManager] INFO: = Progress: 41.50% (6625/15963), Running for 00:01:15, ETA: 00:01:45
[DLManager] INFO:  - Downloaded: 6417.18 MiB, Written: 6487.74 MiB
[DLManager] INFO:  - Cache usage: 39.00 MiB, active tasks: 32
[DLManager] INFO:  + Download	- 78.72 MiB/s (raw) / 78.90 MiB/s (decompressed)
[DLManager] INFO:  + Disk	- 77.91 MiB/s (write) / 0.00 MiB/s (read)
[DLManager] INFO: = Progress: 42.03% (6710/15963), Running for 00:01:16, ETA: 00:01:44
[DLManager] INFO:  - Downloaded: 6502.03 MiB, Written: 6572.74 MiB
[DLManager] INFO:  - Cache usage: 39.00 MiB, active tasks: 32
[DLManager] INFO:  + Download	- 84.75 MiB/s (raw) / 84.90 MiB/s (decompressed)
[DLManager] INFO:  + Disk	- 84.90 MiB/s (write) / 0.00 MiB/s (read)
[DLManager] INFO: = Progress: 42.62% (6803/15963), Running for 00:01:17, ETA: 00:01:43
[DLManager] INFO:  - Downloaded: 6589.72 MiB, Written: 6663.02 MiB
[DLManager] INFO:  - Cache usage: 36.00 MiB, active tasks: 32
[DLManager] INFO:  + Download	- 87.60 MiB/s (raw) / 87.91 MiB/s (decompressed)
[DLManager] INFO:  + Disk	- 90.19 MiB/s (write) / 0.00 MiB/s (read)
[DLManager] INFO: = Progress: 43.15% (6888/15963), Running for 00:01:18, ETA: 00:01:42
[DLManager] INFO:  - Downloaded: 6676.36 MiB, Written: 6748.02 MiB
[DLManager] INFO:  - Cache usage: 38.00 MiB, active tasks: 32
[DLManager] INFO:  + Download	- 86.56 MiB/s (raw) / 86.92 MiB/s (decompressed)
[DLManager] INFO:  + Disk	- 84.92 MiB/s (write) / 0.00 MiB/s (read)
[DLManager] INFO: = Progress: 43.74% (6983/15963), Running for 00:01:19, ETA: 00:01:41
[DLManager] INFO:  - Downloaded: 6767.25 MiB, Written: 6842.02 MiB
[DLManager] INFO:  - Cache usage: 35.00 MiB, active tasks: 32
[DLManager] INFO:  + Download	- 90.82 MiB/s (raw) / 90.93 MiB/s (decompressed)
[DLManager] INFO:  + Disk	- 93.92 MiB/s (write) / 0.00 MiB/s (read)
[DLManager] INFO: = Progress: 44.27% (7067/15963), Running for 00:01:20, ETA: 00:01:40
[DLManager] INFO:  - Downloaded: 6854.17 MiB, Written: 6926.02 MiB
[DLManager] INFO:  - Cache usage: 38.00 MiB, active tasks: 32
[DLManager] INFO:  + Download	- 86.81 MiB/s (raw) / 86.89 MiB/s (decompressed)
[DLManager] INFO:  + Disk	- 83.89 MiB/s (write) / 0.00 MiB/s (read)
[DLManager] INFO: = Progress: 44.85% (7159/15963), Running for 00:01:21, ETA: 00:01:39
[DLManager] INFO:  - Downloaded: 6945.76 MiB, Written: 7015.96 MiB
[DLManager] INFO:  - Cache usage: 40.00 MiB, active tasks: 32
[DLManager] INFO:  + Download	- 91.52 MiB/s (raw) / 91.93 MiB/s (decompressed)
[DLManager] INFO:  + Disk	- 89.88 MiB/s (write) / 0.00 MiB/s (read)
[DLManager] INFO: = Progress: 45.35% (7239/15963), Running for 00:01:22, ETA: 00:01:38
[DLManager] INFO:  - Downloaded: 7029.75 MiB, Written: 7095.96 MiB
[DLManager] INFO:  - Cache usage: 44.00 MiB, active tasks: 32
[DLManager] INFO:  + Download	- 83.88 MiB/s (raw) / 83.89 MiB/s (decompressed)
[DLManager] INFO:  + Disk	- 79.90 MiB/s (write) / 0.00 MiB/s (read)
[DLManager] INFO: = Progress: 45.91% (7328/15963), Running for 00:01:23, ETA: 00:01:37
[DLManager] INFO:  - Downloaded: 7110.68 MiB, Written: 7184.96 MiB
[DLManager] INFO:  - Cache usage: 36.00 MiB, active tasks: 32
[DLManager] INFO:  + Download	- 80.87 MiB/s (raw) / 80.94 MiB/s (decompressed)
[DLManager] INFO:  + Disk	- 88.94 MiB/s (write) / 0.00 MiB/s (read)
[DLManager] INFO: = Progress: 46.40% (7407/15963), Running for 00:01:24, ETA: 00:01:37
[DLManager] INFO:  - Downloaded: 7191.51 MiB, Written: 7263.96 MiB
[DLManager] INFO:  - Cache usage: 38.00 MiB, active tasks: 32
[DLManager] INFO:  + Download	- 80.76 MiB/s (raw) / 80.93 MiB/s (decompressed)
[DLManager] INFO:  + Disk	- 78.93 MiB/s (write) / 0.00 MiB/s (read)
[DLManager] INFO: = Progress: 46.95% (7494/15963), Running for 00:01:25, ETA: 00:01:36
[DLManager] INFO:  - Downloaded: 7281.20 MiB, Written: 7349.90 MiB
[DLManager] INFO:  - Cache usage: 42.00 MiB, active tasks: 32
[DLManager] INFO:  + Download	- 89.59 MiB/s (raw) / 89.90 MiB/s (decompressed)
[DLManager] INFO:  + Disk	- 85.83 MiB/s (write) / 0.00 MiB/s (read)
[DLManager] INFO: = Progress: 47.50% (7582/15963), Running for 00:01:26, ETA: 00:01:35
[DLManager] INFO:  - Downloaded: 7366.17 MiB, Written: 7437.90 MiB
[DLManager] INFO:  - Cache usage: 41.00 MiB, active tasks: 32
[DLManager] INFO:  + Download	- 84.89 MiB/s (raw) / 86.92 MiB/s (decompressed)
[DLManager] INFO:  + Disk	- 87.92 MiB/s (write) / 0.00 MiB/s (read)
[DLManager] INFO: = Progress: 48.05% (7671/15963), Running for 00:01:27, ETA: 00:01:34
[DLManager] INFO:  - Downloaded: 7447.61 MiB, Written: 7525.68 MiB
[DLManager] INFO:  - Cache usage: 37.00 MiB, active tasks: 32
[DLManager] INFO:  + Download	- 81.34 MiB/s (raw) / 82.90 MiB/s (decompressed)
[DLManager] INFO:  + Disk	- 87.68 MiB/s (write) / 0.00 MiB/s (read)
[DLManager] INFO: = Progress: 48.62% (7762/15963), Running for 00:01:28, ETA: 00:01:33
[DLManager] INFO:  - Downloaded: 7534.84 MiB, Written: 7616.68 MiB
[DLManager] INFO:  - Cache usage: 37.00 MiB, active tasks: 32
[DLManager] INFO:  + Download	- 87.13 MiB/s (raw) / 90.89 MiB/s (decompressed)
[DLManager] INFO:  + Disk	- 90.89 MiB/s (write) / 0.00 MiB/s (read)
[DLManager] INFO: = Progress: 49.17% (7849/15963), Running for 00:01:29, ETA: 00:01:32
[DLManager] INFO:  - Downloaded: 7625.99 MiB, Written: 7702.67 MiB
[DLManager] INFO:  - Cache usage: 46.00 MiB, active tasks: 32
[DLManager] INFO:  + Download	- 91.09 MiB/s (raw) / 94.94 MiB/s (decompressed)
[DLManager] INFO:  + Disk	- 85.94 MiB/s (write) / 0.00 MiB/s (read)
[DLManager] INFO: = Progress: 49.77% (7945/15963), Running for 00:01:30, ETA: 00:01:30
[DLManager] INFO:  - Downloaded: 7713.98 MiB, Written: 7798.67 MiB
[DLManager] INFO:  - Cache usage: 38.00 MiB, active tasks: 32
[DLManager] INFO:  + Download	- 87.88 MiB/s (raw) / 87.89 MiB/s (decompressed)
[DLManager] INFO:  + Disk	- 95.88 MiB/s (write) / 0.00 MiB/s (read)
[DLManager] INFO: = Progress: 50.32% (8033/15963), Running for 00:01:31, ETA: 00:01:29
[DLManager] INFO:  - Downloaded: 7798.97 MiB, Written: 7886.67 MiB
[DLManager] INFO:  - Cache usage: 35.00 MiB, active tasks: 32
[DLManager] INFO:  + Download	- 84.92 MiB/s (raw) / 84.93 MiB/s (decompressed)
[DLManager] INFO:  + Disk	- 87.93 MiB/s (write) / 0.00 MiB/s (read)
[DLManager] INFO: = Progress: 50.87% (8120/15963), Running for 00:01:32, ETA: 00:01:28
[DLManager] INFO:  - Downloaded: 7886.59 MiB, Written: 7972.66 MiB
[DLManager] INFO:  - Cache usage: 37.00 MiB, active tasks: 32
[DLManager] INFO:  + Download	- 87.55 MiB/s (raw) / 87.92 MiB/s (decompressed)
[DLManager] INFO:  + Disk	- 85.91 MiB/s (write) / 0.00 MiB/s (read)
[DLManager] INFO: = Progress: 51.41% (8207/15963), Running for 00:01:33, ETA: 00:01:27
[DLManager] INFO:  - Downloaded: 7973.56 MiB, Written: 8059.66 MiB
[DLManager] INFO:  - Cache usage: 37.00 MiB, active tasks: 32
[DLManager] INFO:  + Download	- 86.88 MiB/s (raw) / 86.90 MiB/s (decompressed)
[DLManager] INFO:  + Disk	- 86.90 MiB/s (write) / 0.00 MiB/s (read)
[DLManager] INFO: = Progress: 51.95% (8293/15963), Running for 00:01:34, ETA: 00:01:27
[DLManager] INFO:  - Downloaded: 8060.47 MiB, Written: 8144.66 MiB
[DLManager] INFO:  - Cache usage: 39.00 MiB, active tasks: 32
[DLManager] INFO:  + Download	- 86.82 MiB/s (raw) / 86.92 MiB/s (decompressed)
[DLManager] INFO:  + Disk	- 84.91 MiB/s (write) / 0.00 MiB/s (read)
[DLManager] INFO: = Progress: 52.54% (8387/15963), Running for 00:01:35, ETA: 00:01:25
[DLManager] INFO:  - Downloaded: 8149.27 MiB, Written: 8235.53 MiB
[DLManager] INFO:  - Cache usage: 37.00 MiB, active tasks: 32
[DLManager] INFO:  + Download	- 88.70 MiB/s (raw) / 88.90 MiB/s (decompressed)
[DLManager] INFO:  + Disk	- 90.77 MiB/s (write) / 0.00 MiB/s (read)
[DLManager] INFO: = Progress: 53.12% (8479/15963), Running for 00:01:36, ETA: 00:01:24
[DLManager] INFO:  - Downloaded: 8237.52 MiB, Written: 8326.52 MiB
[DLManager] INFO:  - Cache usage: 37.00 MiB, active tasks: 32
[DLManager] INFO:  + Download	- 88.15 MiB/s (raw) / 90.89 MiB/s (decompressed)
[DLManager] INFO:  + Disk	- 90.88 MiB/s (write) / 0.00 MiB/s (read)
[DLManager] INFO: = Progress: 53.71% (8574/15963), Running for 00:01:37, ETA: 00:01:23
[DLManager] INFO:  - Downloaded: 8328.36 MiB, Written: 8421.52 MiB
[DLManager] INFO:  - Cache usage: 36.00 MiB, active tasks: 32
[DLManager] INFO:  + Download	- 90.76 MiB/s (raw) / 93.93 MiB/s (decompressed)
[DLManager] INFO:  + Disk	- 94.92 MiB/s (write) / 0.00 MiB/s (read)
[DLManager] INFO: = Progress: 54.26% (8662/15963), Running for 00:01:38, ETA: 00:01:22
[DLManager] INFO:  - Downloaded: 8415.61 MiB, Written: 8508.50 MiB
[DLManager] INFO:  - Cache usage: 40.00 MiB, active tasks: 32
[DLManager] INFO:  + Download	- 87.15 MiB/s (raw) / 90.89 MiB/s (decompressed)
[DLManager] INFO:  + Disk	- 86.89 MiB/s (write) / 0.00 MiB/s (read)
[DLManager] INFO: = Progress: 54.79% (8746/15963), Running for 00:01:39, ETA: 00:01:21
[DLManager] INFO:  - Downloaded: 8503.59 MiB, Written: 8592.50 MiB
[DLManager] INFO:  - Cache usage: 44.00 MiB, active tasks: 32
[DLManager] INFO:  + Download	- 87.92 MiB/s (raw) / 87.94 MiB/s (decompressed)
[DLManager] INFO:  + Disk	- 83.94 MiB/s (write) / 0.00 MiB/s (read)
[DLManager] INFO: = Progress: 55.35% (8836/15963), Running for 00:01:40, ETA: 00:01:20
[DLManager] INFO:  - Downloaded: 8587.59 MiB, Written: 8682.50 MiB
[DLManager] INFO:  - Cache usage: 38.00 MiB, active tasks: 32
[DLManager] INFO:  + Download	- 83.95 MiB/s (raw) / 83.95 MiB/s (decompressed)
[DLManager] INFO:  + Disk	- 89.95 MiB/s (write) / 0.00 MiB/s (read)
[DLManager] INFO: = Progress: 55.93% (8928/15963), Running for 00:01:41, ETA: 00:01:19
[DLManager] INFO:  - Downloaded: 8679.48 MiB, Written: 8774.50 MiB
[DLManager] INFO:  - Cache usage: 38.00 MiB, active tasks: 32
[DLManager] INFO:  + Download	- 91.79 MiB/s (raw) / 91.90 MiB/s (decompressed)
[DLManager] INFO:  + Disk	- 91.90 MiB/s (write) / 0.00 MiB/s (read)
[DLManager] INFO: = Progress: 56.47% (9014/15963), Running for 00:01:42, ETA: 00:01:18
[DLManager] INFO:  - Downloaded: 8764.11 MiB, Written: 8858.51 MiB
[DLManager] INFO:  - Cache usage: 39.00 MiB, active tasks: 32
[DLManager] INFO:  + Download	- 84.60 MiB/s (raw) / 84.97 MiB/s (decompressed)
[DLManager] INFO:  + Disk	- 83.98 MiB/s (write) / 0.00 MiB/s (read)
[DLManager] INFO: = Progress: 56.93% (9088/15963), Running for 00:01:43, ETA: 00:01:18
[DLManager] INFO:  - Downloaded: 8844.08 MiB, Written: 8932.51 MiB
[DLManager] INFO:  - Cache usage: 45.00 MiB, active tasks: 32
[DLManager] INFO:  + Download	- 79.87 MiB/s (raw) / 79.91 MiB/s (decompressed)
[DLManager] INFO:  + Disk	- 73.91 MiB/s (write) / 0.00 MiB/s (read)
[DLManager] INFO: = Progress: 57.53% (9183/15963), Running for 00:01:44, ETA: 00:01:16
[DLManager] INFO:  - Downloaded: 8928.47 MiB, Written: 9025.59 MiB
[DLManager] INFO:  - Cache usage: 37.00 MiB, active tasks: 32
[DLManager] INFO:  + Download	- 84.32 MiB/s (raw) / 84.93 MiB/s (decompressed)
[DLManager] INFO:  + Disk	- 93.00 MiB/s (write) / 0.00 MiB/s (read)
[DLManager] INFO: = Progress: 58.08% (9272/15963), Running for 00:01:45, ETA: 00:01:15
[DLManager] INFO:  - Downloaded: 9015.25 MiB, Written: 9114.59 MiB
[DLManager] INFO:  - Cache usage: 39.00 MiB, active tasks: 32
[DLManager] INFO:  + Download	- 86.67 MiB/s (raw) / 90.88 MiB/s (decompressed)
[DLManager] INFO:  + Disk	- 88.88 MiB/s (write) / 0.00 MiB/s (read)
[DLManager] INFO: = Progress: 58.67% (9366/15963), Running for 00:01:46, ETA: 00:01:14
[DLManager] INFO:  - Downloaded: 9101.16 MiB, Written: 9208.59 MiB
[DLManager] INFO:  - Cache usage: 35.00 MiB, active tasks: 32
[DLManager] INFO:  + Download	- 85.85 MiB/s (raw) / 89.94 MiB/s (decompressed)
[DLManager] INFO:  + Disk	- 93.94 MiB/s (write) / 0.00 MiB/s (read)
[DLManager] INFO: = Progress: 59.21% (9451/15963), Running for 00:01:47, ETA: 00:01:13
[DLManager] INFO:  - Downloaded: 9188.36 MiB, Written: 9293.59 MiB
[DLManager] INFO:  - Cache usage: 38.00 MiB, active tasks: 32
[DLManager] INFO:  + Download	- 87.10 MiB/s (raw) / 87.90 MiB/s (decompressed)
[DLManager] INFO:  + Disk	- 84.90 MiB/s (write) / 0.00 MiB/s (read)
[DLManager] INFO: = Progress: 59.73% (9535/15963), Running for 00:01:48, ETA: 00:01:12
[DLManager] INFO:  - Downloaded: 9279.04 MiB, Written: 9374.97 MiB
[DLManager] INFO:  - Cache usage: 47.00 MiB, active tasks: 32
[DLManager] INFO:  + Download	- 90.61 MiB/s (raw) / 90.92 MiB/s (decompressed)
[DLManager] INFO:  + Disk	- 81.31 MiB/s (write) / 0.00 MiB/s (read)
[DLManager] INFO: = Progress: 60.31% (9628/15963), Running for 00:01:49, ETA: 00:01:11
[DLManager] INFO:  - Downloaded: 9362.89 MiB, Written: 9467.97 MiB
[DLManager] INFO:  - Cache usage: 38.00 MiB, active tasks: 32
[DLManager] INFO:  + Download	- 83.76 MiB/s (raw) / 83.91 MiB/s (decompressed)
[DLManager] INFO:  + Disk	- 92.90 MiB/s (write) / 0.00 MiB/s (read)
[DLManager] INFO: = Progress: 60.88% (9719/15963), Running for 00:01:50, ETA: 00:01:10
[DLManager] INFO:  - Downloaded: 9454.59 MiB, Written: 9557.01 MiB
[DLManager] INFO:  - Cache usage: 41.00 MiB, active tasks: 32
[DLManager] INFO:  + Download	- 91.62 MiB/s (raw) / 91.92 MiB/s (decompressed)
[DLManager] INFO:  + Disk	- 88.96 MiB/s (write) / 0.00 MiB/s (read)
[DLManager] INFO: = Progress: 61.43% (9806/15963), Running for 00:01:51, ETA: 00:01:09
[DLManager] INFO:  - Downloaded: 9541.11 MiB, Written: 9639.93 MiB
[DLManager] INFO:  - Cache usage: 44.00 MiB, active tasks: 32
[DLManager] INFO:  + Download	- 86.42 MiB/s (raw) / 86.90 MiB/s (decompressed)
[DLManager] INFO:  + Disk	- 82.83 MiB/s (write) / 0.00 MiB/s (read)
[DLManager] INFO: = Progress: 62.01% (9899/15963), Running for 00:01:52, ETA: 00:01:08
[DLManager] INFO:  - Downloaded: 9626.80 MiB, Written: 9731.81 MiB
[DLManager] INFO:  - Cache usage: 39.00 MiB, active tasks: 32
[DLManager] INFO:  + Download	- 85.59 MiB/s (raw) / 85.90 MiB/s (decompressed)
[DLManager] INFO:  + Disk	- 91.77 MiB/s (write) / 0.00 MiB/s (read)
[DLManager] INFO: = Progress: 62.61% (9994/15963), Running for 00:01:53, ETA: 00:01:07
[DLManager] INFO:  - Downloaded: 9717.46 MiB, Written: 9825.75 MiB
[DLManager] INFO:  - Cache usage: 37.00 MiB, active tasks: 32
[DLManager] INFO:  + Download	- 90.55 MiB/s (raw) / 91.89 MiB/s (decompressed)
[DLManager] INFO:  + Disk	- 93.82 MiB/s (write) / 0.00 MiB/s (read)
[DLManager] INFO: = Progress: 63.15% (10080/15963), Running for 00:01:54, ETA: 00:01:06
[DLManager] INFO:  - Downloaded: 9806.06 MiB, Written: 9909.67 MiB
[DLManager] INFO:  - Cache usage: 42.00 MiB, active tasks: 32
[DLManager] INFO:  + Download	- 88.56 MiB/s (raw) / 88.96 MiB/s (decompressed)
[DLManager] INFO:  + Disk	- 83.89 MiB/s (write) / 0.00 MiB/s (read)
[DLManager] INFO: = Progress: 63.70% (10168/15963), Running for 00:01:55, ETA: 00:01:05
[DLManager] INFO:  - Downloaded: 9894.06 MiB, Written: 9997.67 MiB
[DLManager] INFO:  - Cache usage: 42.00 MiB, active tasks: 32
[DLManager] INFO:  + Download	- 87.90 MiB/s (raw) / 87.90 MiB/s (decompressed)
[DLManager] INFO:  + Disk	- 87.90 MiB/s (write) / 0.00 MiB/s (read)
[DLManager] INFO: = Progress: 64.22% (10251/15963), Running for 00:01:56, ETA: 00:01:04
[DLManager] INFO:  - Downloaded: 9972.05 MiB, Written: 10080.67 MiB
[DLManager] INFO:  - Cache usage: 37.00 MiB, active tasks: 32
[DLManager] INFO:  + Download	- 77.91 MiB/s (raw) / 77.92 MiB/s (decompressed)
[DLManager] INFO:  + Disk	- 82.92 MiB/s (write) / 0.00 MiB/s (read)
[DLManager] INFO: = Progress: 64.74% (10335/15963), Running for 00:01:57, ETA: 00:01:03
[DLManager] INFO:  - Downloaded: 10055.98 MiB, Written: 10164.67 MiB
[DLManager] INFO:  - Cache usage: 37.00 MiB, active tasks: 32
[DLManager] INFO:  + Download	- 83.90 MiB/s (raw) / 83.97 MiB/s (decompressed)
[DLManager] INFO:  + Disk	- 83.97 MiB/s (write) / 0.00 MiB/s (read)
[DLManager] INFO: = Progress: 65.26% (10418/15963), Running for 00:01:58, ETA: 00:01:02
[DLManager] INFO:  - Downloaded: 10143.82 MiB, Written: 10247.67 MiB
[DLManager] INFO:  - Cache usage: 42.00 MiB, active tasks: 32
[DLManager] INFO:  + Download	- 87.76 MiB/s (raw) / 87.92 MiB/s (decompressed)
[DLManager] INFO:  + Disk	- 82.92 MiB/s (write) / 0.00 MiB/s (read)
[DLManager] INFO: = Progress: 65.83% (10509/15963), Running for 00:01:59, ETA: 00:01:01
[DLManager] INFO:  - Downloaded: 10235.64 MiB, Written: 10338.67 MiB
[DLManager] INFO:  - Cache usage: 43.00 MiB, active tasks: 32
[DLManager] INFO:  + Download	- 91.77 MiB/s (raw) / 91.95 MiB/s (decompressed)
[DLManager] INFO:  + Disk	- 90.95 MiB/s (write) / 0.00 MiB/s (read)
[DLManager] INFO: = Progress: 66.43% (10604/15963), Running for 00:02:00, ETA: 00:01:00
[DLManager] INFO:  - Downloaded: 10323.14 MiB, Written: 10431.67 MiB
[DLManager] INFO:  - Cache usage: 38.00 MiB, active tasks: 32
[DLManager] INFO:  + Download	- 87.39 MiB/s (raw) / 87.89 MiB/s (decompressed)
[DLManager] INFO:  + Disk	- 92.89 MiB/s (write) / 0.00 MiB/s (read)
[DLManager] INFO: = Progress: 66.99% (10693/15963), Running for 00:02:01, ETA: 00:00:59
[DLManager] INFO:  - Downloaded: 10413.12 MiB, Written: 10520.67 MiB
[DLManager] INFO:  - Cache usage: 39.00 MiB, active tasks: 32
[DLManager] INFO:  + Download	- 89.91 MiB/s (raw) / 89.93 MiB/s (decompressed)
[DLManager] INFO:  + Disk	- 88.93 MiB/s (write) / 0.00 MiB/s (read)
[DLManager] INFO: = Progress: 67.52% (10778/15963), Running for 00:02:02, ETA: 00:00:58
[DLManager] INFO:  - Downloaded: 10498.11 MiB, Written: 10605.67 MiB
[DLManager] INFO:  - Cache usage: 39.00 MiB, active tasks: 32
[DLManager] INFO:  + Download	- 84.88 MiB/s (raw) / 84.89 MiB/s (decompressed)
[DLManager] INFO:  + Disk	- 84.89 MiB/s (write) / 0.00 MiB/s (read)
[DLManager] INFO: = Progress: 68.05% (10863/15963), Running for 00:02:03, ETA: 00:00:57
[DLManager] INFO:  - Downloaded: 10581.10 MiB, Written: 10690.67 MiB
[DLManager] INFO:  - Cache usage: 37.00 MiB, active tasks: 32
[DLManager] INFO:  + Download	- 82.92 MiB/s (raw) / 82.93 MiB/s (decompressed)
[DLManager] INFO:  + Disk	- 84.93 MiB/s (write) / 0.00 MiB/s (read)
[DLManager] INFO: = Progress: 68.55% (10943/15963), Running for 00:02:04, ETA: 00:00:56
[DLManager] INFO:  - Downloaded: 10660.85 MiB, Written: 10770.67 MiB
[DLManager] INFO:  - Cache usage: 37.00 MiB, active tasks: 32
[DLManager] INFO:  + Download	- 79.66 MiB/s (raw) / 79.90 MiB/s (decompressed)
[DLManager] INFO:  + Disk	- 79.90 MiB/s (write) / 0.00 MiB/s (read)
[DLManager] INFO: = Progress: 69.09% (11029/15963), Running for 00:02:05, ETA: 00:00:55
[DLManager] INFO:  - Downloaded: 10743.13 MiB, Written: 10854.84 MiB
[DLManager] INFO:  - Cache usage: 36.00 MiB, active tasks: 32
[DLManager] INFO:  + Download	- 82.21 MiB/s (raw) / 82.93 MiB/s (decompressed)
[DLManager] INFO:  + Disk	- 84.10 MiB/s (write) / 0.00 MiB/s (read)
[DLManager] INFO: = Progress: 69.61% (11112/15963), Running for 00:02:06, ETA: 00:00:55
[DLManager] INFO:  - Downloaded: 10825.10 MiB, Written: 10937.84 MiB
[DLManager] INFO:  - Cache usage: 35.00 MiB, active tasks: 32
[DLManager] INFO:  + Download	- 81.90 MiB/s (raw) / 81.93 MiB/s (decompressed)
[DLManager] INFO:  + Disk	- 82.93 MiB/s (write) / 0.00 MiB/s (read)
[DLManager] INFO: = Progress: 70.11% (11191/15963), Running for 00:02:07, ETA: 00:00:54
[DLManager] INFO:  - Downloaded: 10909.08 MiB, Written: 11016.84 MiB
[DLManager] INFO:  - Cache usage: 40.00 MiB, active tasks: 32
[DLManager] INFO:  + Download	- 83.89 MiB/s (raw) / 83.92 MiB/s (decompressed)
[DLManager] INFO:  + Disk	- 78.92 MiB/s (write) / 0.00 MiB/s (read)
[DLManager] INFO: = Progress: 70.69% (11284/15963), Running for 00:02:08, ETA: 00:00:53
[DLManager] INFO:  - Downloaded: 10997.98 MiB, Written: 11109.84 MiB
[DLManager] INFO:  - Cache usage: 36.00 MiB, active tasks: 32
[DLManager] INFO:  + Download	- 88.80 MiB/s (raw) / 88.90 MiB/s (decompressed)
[DLManager] INFO:  + Disk	- 92.89 MiB/s (write) / 0.00 MiB/s (read)
[DLManager] INFO: = Progress: 71.23% (11371/15963), Running for 00:02:09, ETA: 00:00:52
[DLManager] INFO:  - Downloaded: 11083.34 MiB, Written: 11193.21 MiB
[DLManager] INFO:  - Cache usage: 38.00 MiB, active tasks: 32
[DLManager] INFO:  + Download	- 85.28 MiB/s (raw) / 85.92 MiB/s (decompressed)
[DLManager] INFO:  + Disk	- 83.30 MiB/s (write) / 0.00 MiB/s (read)
[DLManager] INFO: = Progress: 71.80% (11462/15963), Running for 00:02:10, ETA: 00:00:51
[DLManager] INFO:  - Downloaded: 11174.34 MiB, Written: 11284.21 MiB
[DLManager] INFO:  - Cache usage: 38.00 MiB, active tasks: 32
[DLManager] INFO:  + Download	- 90.88 MiB/s (raw) / 90.88 MiB/s (decompressed)
[DLManager] INFO:  + Disk	- 90.88 MiB/s (write) / 0.00 MiB/s (read)
[DLManager] INFO: = Progress: 72.35% (11550/15963), Running for 00:02:11, ETA: 00:00:50
[DLManager] INFO:  - Downloaded: 11260.33 MiB, Written: 11372.21 MiB
[DLManager] INFO:  - Cache usage: 36.00 MiB, active tasks: 32
[DLManager] INFO:  + Download	- 85.94 MiB/s (raw) / 85.95 MiB/s (decompressed)
[DLManager] INFO:  + Disk	- 87.95 MiB/s (write) / 0.00 MiB/s (read)
[DLManager] INFO: = Progress: 72.83% (11626/15963), Running for 00:02:12, ETA: 00:00:49
[DLManager] INFO:  - Downloaded: 11335.32 MiB, Written: 11448.21 MiB
[DLManager] INFO:  - Cache usage: 35.00 MiB, active tasks: 32
[DLManager] INFO:  + Download	- 74.95 MiB/s (raw) / 74.95 MiB/s (decompressed)
[DLManager] INFO:  + Disk	- 75.95 MiB/s (write) / 0.00 MiB/s (read)
[DLManager] INFO: = Progress: 73.37% (11712/15963), Running for 00:02:13, ETA: 00:00:48
[DLManager] INFO:  - Downloaded: 11423.31 MiB, Written: 11534.21 MiB
[DLManager] INFO:  - Cache usage: 37.00 MiB, active tasks: 32
[DLManager] INFO:  + Download	- 87.93 MiB/s (raw) / 87.94 MiB/s (decompressed)
[DLManager] INFO:  + Disk	- 85.94 MiB/s (write) / 0.00 MiB/s (read)
[DLManager] INFO: = Progress: 73.92% (11800/15963), Running for 00:02:14, ETA: 00:00:47
[DLManager] INFO:  - Downloaded: 11513.13 MiB, Written: 11622.21 MiB
[DLManager] INFO:  - Cache usage: 39.00 MiB, active tasks: 32
[DLManager] INFO:  + Download	- 89.73 MiB/s (raw) / 89.91 MiB/s (decompressed)
[DLManager] INFO:  + Disk	- 87.91 MiB/s (write) / 0.00 MiB/s (read)
[DLManager] INFO: = Progress: 74.43% (11882/15963), Running for 00:02:15, ETA: 00:00:46
[DLManager] INFO:  - Downloaded: 11599.03 MiB, Written: 11703.12 MiB
[DLManager] INFO:  - Cache usage: 45.00 MiB, active tasks: 32
[DLManager] INFO:  + Download	- 85.79 MiB/s (raw) / 85.89 MiB/s (decompressed)
[DLManager] INFO:  + Disk	- 80.81 MiB/s (write) / 0.00 MiB/s (read)
[DLManager] INFO: = Progress: 75.00% (11973/15963), Running for 00:02:16, ETA: 00:00:45
[DLManager] INFO:  - Downloaded: 11684.55 MiB, Written: 11792.19 MiB
[DLManager] INFO:  - Cache usage: 41.00 MiB, active tasks: 32
[DLManager] INFO:  + Download	- 85.43 MiB/s (raw) / 85.90 MiB/s (decompressed)
[DLManager] INFO:  + Disk	- 88.97 MiB/s (write) / 0.00 MiB/s (read)
[DLManager] INFO: = Progress: 75.57% (12064/15963), Running for 00:02:17, ETA: 00:00:44
[DLManager] INFO:  - Downloaded: 11769.01 MiB, Written: 11882.50 MiB
[DLManager] INFO:  - Cache usage: 36.00 MiB, active tasks: 31
[DLManager] INFO:  + Download	- 84.35 MiB/s (raw) / 85.89 MiB/s (decompressed)
[DLManager] INFO:  + Disk	- 90.19 MiB/s (write) / 0.00 MiB/s (read)
[DLManager] INFO: = Progress: 76.18% (12160/15963), Running for 00:02:18, ETA: 00:00:43
[DLManager] INFO:  - Downloaded: 11860.52 MiB, Written: 11978.50 MiB
[DLManager] INFO:  - Cache usage: 38.00 MiB, active tasks: 32
[DLManager] INFO:  + Download	- 91.39 MiB/s (raw) / 96.87 MiB/s (decompressed)
[DLManager] INFO:  + Disk	- 95.87 MiB/s (write) / 0.00 MiB/s (read)
[DLManager] INFO: = Progress: 76.71% (12246/15963), Running for 00:02:19, ETA: 00:00:42
[DLManager] INFO:  - Downloaded: 11943.97 MiB, Written: 12064.50 MiB
[DLManager] INFO:  - Cache usage: 40.00 MiB, active tasks: 32
[DLManager] INFO:  + Download	- 83.41 MiB/s (raw) / 87.95 MiB/s (decompressed)
[DLManager] INFO:  + Disk	- 85.95 MiB/s (write) / 0.00 MiB/s (read)
[DLManager] INFO: = Progress: 77.28% (12337/15963), Running for 00:02:20, ETA: 00:00:41
[DLManager] INFO:  - Downloaded: 12034.98 MiB, Written: 12155.50 MiB
[DLManager] INFO:  - Cache usage: 45.00 MiB, active tasks: 32
[DLManager] INFO:  + Download	- 90.89 MiB/s (raw) / 95.88 MiB/s (decompressed)
[DLManager] INFO:  + Disk	- 90.88 MiB/s (write) / 0.00 MiB/s (read)
[DLManager] INFO: = Progress: 77.92% (12438/15963), Running for 00:02:21, ETA: 00:00:40
[DLManager] INFO:  - Downloaded: 12123.73 MiB, Written: 12255.49 MiB
[DLManager] INFO:  - Cache usage: 36.00 MiB, active tasks: 32
[DLManager] INFO:  + Download	- 88.70 MiB/s (raw) / 90.94 MiB/s (decompressed)
[DLManager] INFO:  + Disk	- 99.93 MiB/s (write) / 0.00 MiB/s (read)
[DLManager] INFO: = Progress: 78.36% (12508/15963), Running for 00:02:22, ETA: 00:00:39
[DLManager] INFO:  - Downloaded: 12203.66 MiB, Written: 12325.49 MiB
[DLManager] INFO:  - Cache usage: 46.00 MiB, active tasks: 32
[DLManager] INFO:  + Download	- 79.85 MiB/s (raw) / 79.92 MiB/s (decompressed)
[DLManager] INFO:  + Disk	- 69.93 MiB/s (write) / 0.00 MiB/s (read)
[DLManager] INFO: = Progress: 78.89% (12593/15963), Running for 00:02:23, ETA: 00:00:38
[DLManager] INFO:  - Downloaded: 12285.34 MiB, Written: 12410.49 MiB
[DLManager] INFO:  - Cache usage: 43.00 MiB, active tasks: 32
[DLManager] INFO:  + Download	- 81.60 MiB/s (raw) / 81.92 MiB/s (decompressed)
[DLManager] INFO:  + Disk	- 84.92 MiB/s (write) / 0.00 MiB/s (read)
[DLManager] INFO: = Progress: 79.46% (12684/15963), Running for 00:02:24, ETA: 00:00:37
[DLManager] INFO:  - Downloaded: 12370.26 MiB, Written: 12500.50 MiB
[DLManager] INFO:  - Cache usage: 38.00 MiB, active tasks: 32
[DLManager] INFO:  + Download	- 84.82 MiB/s (raw) / 84.90 MiB/s (decompressed)
[DLManager] INFO:  + Disk	- 89.90 MiB/s (write) / 0.00 MiB/s (read)
[DLManager] INFO: = Progress: 80.02% (12773/15963), Running for 00:02:25, ETA: 00:00:36
[DLManager] INFO:  - Downloaded: 12458.04 MiB, Written: 12589.50 MiB
[DLManager] INFO:  - Cache usage: 37.00 MiB, active tasks: 32
[DLManager] INFO:  + Download	- 87.67 MiB/s (raw) / 87.89 MiB/s (decompressed)
[DLManager] INFO:  + Disk	- 88.88 MiB/s (write) / 0.00 MiB/s (read)
[DLManager] INFO: = Progress: 80.61% (12867/15963), Running for 00:02:26, ETA: 00:00:35
[DLManager] INFO:  - Downloaded: 12548.87 MiB, Written: 12682.86 MiB
[DLManager] INFO:  - Cache usage: 35.00 MiB, active tasks: 32
[DLManager] INFO:  + Download	- 90.71 MiB/s (raw) / 90.88 MiB/s (decompressed)
[DLManager] INFO:  + Disk	- 93.24 MiB/s (write) / 0.00 MiB/s (read)
[DLManager] INFO: = Progress: 81.14% (12953/15963), Running for 00:02:27, ETA: 00:00:34
[DLManager] INFO:  - Downloaded: 12635.30 MiB, Written: 12767.85 MiB
[DLManager] INFO:  - Cache usage: 37.00 MiB, active tasks: 32
[DLManager] INFO:  + Download	- 86.37 MiB/s (raw) / 86.94 MiB/s (decompressed)
[DLManager] INFO:  + Disk	- 84.93 MiB/s (write) / 0.00 MiB/s (read)
[DLManager] INFO: = Progress: 81.71% (13043/15963), Running for 00:02:28, ETA: 00:00:33
[DLManager] INFO:  - Downloaded: 12723.13 MiB, Written: 12857.85 MiB
[DLManager] INFO:  - Cache usage: 35.00 MiB, active tasks: 32
[DLManager] INFO:  + Download	- 87.71 MiB/s (raw) / 87.89 MiB/s (decompressed)
[DLManager] INFO:  + Disk	- 89.89 MiB/s (write) / 0.00 MiB/s (read)
[DLManager] INFO: = Progress: 82.27% (13132/15963), Running for 00:02:29, ETA: 00:00:32
[DLManager] INFO:  - Downloaded: 12814.94 MiB, Written: 12945.87 MiB
[DLManager] INFO:  - Cache usage: 39.00 MiB, active tasks: 32
[DLManager] INFO:  + Download	- 91.69 MiB/s (raw) / 91.88 MiB/s (decompressed)
[DLManager] INFO:  + Disk	- 87.90 MiB/s (write) / 0.00 MiB/s (read)
[DLManager] INFO: = Progress: 82.83% (13222/15963), Running for 00:02:30, ETA: 00:00:31
[DLManager] INFO:  - Downloaded: 12901.70 MiB, Written: 13034.86 MiB
[DLManager] INFO:  - Cache usage: 37.00 MiB, active tasks: 32
[DLManager] INFO:  + Download	- 86.67 MiB/s (raw) / 86.91 MiB/s (decompressed)
[DLManager] INFO:  + Disk	- 88.91 MiB/s (write) / 0.00 MiB/s (read)
[DLManager] INFO: = Progress: 83.42% (13316/15963), Running for 00:02:31, ETA: 00:00:30
[DLManager] INFO:  - Downloaded: 12993.25 MiB, Written: 13126.01 MiB
[DLManager] INFO:  - Cache usage: 38.00 MiB, active tasks: 32
[DLManager] INFO:  + Download	- 91.46 MiB/s (raw) / 91.90 MiB/s (decompressed)
[DLManager] INFO:  + Disk	- 91.06 MiB/s (write) / 0.00 MiB/s (read)
[DLManager] INFO: = Progress: 83.98% (13406/15963), Running for 00:02:32, ETA: 00:00:29
[DLManager] INFO:  - Downloaded: 13080.19 MiB, Written: 13216.01 MiB
[DLManager] INFO:  - Cache usage: 35.00 MiB, active tasks: 32
[DLManager] INFO:  + Download	- 86.86 MiB/s (raw) / 86.92 MiB/s (decompressed)
[DLManager] INFO:  + Disk	- 89.92 MiB/s (write) / 0.00 MiB/s (read)
[DLManager] INFO: = Progress: 84.51% (13491/15963), Running for 00:02:33, ETA: 00:00:28
[DLManager] INFO:  - Downloaded: 13166.93 MiB, Written: 13301.01 MiB
[DLManager] INFO:  - Cache usage: 37.00 MiB, active tasks: 32
[DLManager] INFO:  + Download	- 86.70 MiB/s (raw) / 86.95 MiB/s (decompressed)
[DLManager] INFO:  + Disk	- 84.95 MiB/s (write) / 0.00 MiB/s (read)
[DLManager] INFO: = Progress: 85.04% (13575/15963), Running for 00:02:34, ETA: 00:00:27
[DLManager] INFO:  - Downloaded: 13253.62 MiB, Written: 13384.06 MiB
[DLManager] INFO:  - Cache usage: 41.00 MiB, active tasks: 32
[DLManager] INFO:  + Download	- 86.58 MiB/s (raw) / 86.89 MiB/s (decompressed)
[DLManager] INFO:  + Disk	- 82.94 MiB/s (write) / 0.00 MiB/s (read)
[DLManager] INFO: = Progress: 85.63% (13669/15963), Running for 00:02:35, ETA: 00:00:26
[DLManager] INFO:  - Downloaded: 13344.39 MiB, Written: 13478.06 MiB
[DLManager] INFO:  - Cache usage: 38.00 MiB, active tasks: 32
[DLManager] INFO:  + Download	- 90.66 MiB/s (raw) / 90.88 MiB/s (decompressed)
[DLManager] INFO:  + Disk	- 93.88 MiB/s (write) / 0.00 MiB/s (read)
[DLManager] INFO: = Progress: 86.21% (13762/15963), Running for 00:02:36, ETA: 00:00:24
[DLManager] INFO:  - Downloaded: 13430.97 MiB, Written: 13567.78 MiB
[DLManager] INFO:  - Cache usage: 35.00 MiB, active tasks: 32
[DLManager] INFO:  + Download	- 86.50 MiB/s (raw) / 86.93 MiB/s (decompressed)
[DLManager] INFO:  + Disk	- 89.65 MiB/s (write) / 0.00 MiB/s (read)
[DLManager] INFO: = Progress: 86.71% (13841/15963), Running for 00:02:37, ETA: 00:00:24
[DLManager] INFO:  - Downloaded: 13511.96 MiB, Written: 13646.78 MiB
[DLManager] INFO:  - Cache usage: 37.00 MiB, active tasks: 32
[DLManager] INFO:  + Download	- 80.90 MiB/s (raw) / 80.91 MiB/s (decompressed)
[DLManager] INFO:  + Disk	- 78.91 MiB/s (write) / 0.00 MiB/s (read)
[DLManager] INFO: = Progress: 87.23% (13925/15963), Running for 00:02:38, ETA: 00:00:23
[DLManager] INFO:  - Downloaded: 13599.81 MiB, Written: 13730.78 MiB
[DLManager] INFO:  - Cache usage: 41.00 MiB, active tasks: 32
[DLManager] INFO:  + Download	- 87.77 MiB/s (raw) / 87.92 MiB/s (decompressed)
[DLManager] INFO:  + Disk	- 83.93 MiB/s (write) / 0.00 MiB/s (read)
[DLManager] INFO: = Progress: 87.87% (14026/15963), Running for 00:02:39, ETA: 00:00:21
[DLManager] INFO:  - Downloaded: 13693.44 MiB, Written: 13831.16 MiB
[DLManager] INFO:  - Cache usage: 35.00 MiB, active tasks: 32
[DLManager] INFO:  + Download	- 93.52 MiB/s (raw) / 93.89 MiB/s (decompressed)
[DLManager] INFO:  + Disk	- 100.27 MiB/s (write) / 0.00 MiB/s (read)
[DLManager] INFO: = Progress: 88.43% (14116/15963), Running for 00:02:40, ETA: 00:00:20
[DLManager] INFO:  - Downloaded: 13783.25 MiB, Written: 13920.15 MiB
[DLManager] INFO:  - Cache usage: 36.00 MiB, active tasks: 32
[DLManager] INFO:  + Download	- 89.73 MiB/s (raw) / 89.92 MiB/s (decompressed)
[DLManager] INFO:  + Disk	- 88.90 MiB/s (write) / 0.00 MiB/s (read)
[DLManager] INFO: = Progress: 88.89% (14189/15963), Running for 00:02:41, ETA: 00:00:20
[DLManager] INFO:  - Downloaded: 13864.83 MiB, Written: 13991.15 MiB
[DLManager] INFO:  - Cache usage: 47.00 MiB, active tasks: 32
[DLManager] INFO:  + Download	- 81.48 MiB/s (raw) / 81.90 MiB/s (decompressed)
[DLManager] INFO:  + Disk	- 70.91 MiB/s (write) / 0.00 MiB/s (read)
[DLManager] INFO: = Progress: 89.48% (14284/15963), Running for 00:02:42, ETA: 00:00:19
[DLManager] INFO:  - Downloaded: 13947.83 MiB, Written: 14086.15 MiB
[DLManager] INFO:  - Cache usage: 35.00 MiB, active tasks: 32
[DLManager] INFO:  + Download	- 82.95 MiB/s (raw) / 82.95 MiB/s (decompressed)
[DLManager] INFO:  + Disk	- 94.94 MiB/s (write) / 0.00 MiB/s (read)
[DLManager] INFO: = Progress: 90.02% (14370/15963), Running for 00:02:43, ETA: 00:00:18
[DLManager] INFO:  - Downloaded: 14036.74 MiB, Written: 14172.15 MiB
[DLManager] INFO:  - Cache usage: 38.00 MiB, active tasks: 32
[DLManager] INFO:  + Download	- 88.80 MiB/s (raw) / 88.89 MiB/s (decompressed)
[DLManager] INFO:  + Disk	- 85.89 MiB/s (write) / 0.00 MiB/s (read)
[DLManager] INFO: = Progress: 90.58% (14460/15963), Running for 00:02:44, ETA: 00:00:17
[DLManager] INFO:  - Downloaded: 14123.50 MiB, Written: 14260.96 MiB
[DLManager] INFO:  - Cache usage: 36.00 MiB, active tasks: 32
[DLManager] INFO:  + Download	- 86.70 MiB/s (raw) / 86.93 MiB/s (decompressed)
[DLManager] INFO:  + Disk	- 88.74 MiB/s (write) / 0.00 MiB/s (read)
[DLManager] INFO: = Progress: 91.07% (14537/15963), Running for 00:02:45, ETA: 00:00:16
[DLManager] INFO:  - Downloaded: 14208.52 MiB, Written: 14337.96 MiB
[DLManager] INFO:  - Cache usage: 45.00 MiB, active tasks: 32
[DLManager] INFO:  + Download	- 84.93 MiB/s (raw) / 85.91 MiB/s (decompressed)
[DLManager] INFO:  + Disk	- 76.92 MiB/s (write) / 0.00 MiB/s (read)
[DLManager] INFO: = Progress: 91.66% (14632/15963), Running for 00:02:46, ETA: 00:00:15
[DLManager] INFO:  - Downloaded: 14295.39 MiB, Written: 14432.11 MiB
[DLManager] INFO:  - Cache usage: 38.00 MiB, active tasks: 32
[DLManager] INFO:  + Download	- 86.79 MiB/s (raw) / 86.92 MiB/s (decompressed)
[DLManager] INFO:  + Disk	- 94.07 MiB/s (write) / 0.00 MiB/s (read)
[DLManager] INFO: = Progress: 92.24% (14724/15963), Running for 00:02:47, ETA: 00:00:14
[DLManager] INFO:  - Downloaded: 14386.01 MiB, Written: 14524.11 MiB
[DLManager] INFO:  - Cache usage: 37.00 MiB, active tasks: 32
[DLManager] INFO:  + Download	- 90.53 MiB/s (raw) / 90.90 MiB/s (decompressed)
[DLManager] INFO:  + Disk	- 91.90 MiB/s (write) / 0.00 MiB/s (read)
[DLManager] INFO: = Progress: 92.81% (14816/15963), Running for 00:02:48, ETA: 00:00:13
[DLManager] INFO:  - Downloaded: 14475.45 MiB, Written: 14610.53 MiB
[DLManager] INFO:  - Cache usage: 40.00 MiB, active tasks: 32
[DLManager] INFO:  + Download	- 89.35 MiB/s (raw) / 89.92 MiB/s (decompressed)
[DLManager] INFO:  + Disk	- 86.33 MiB/s (write) / 0.00 MiB/s (read)
[DLManager] INFO: = Progress: 93.39% (14908/15963), Running for 00:02:49, ETA: 00:00:11
[DLManager] INFO:  - Downloaded: 14564.20 MiB, Written: 14700.17 MiB
[DLManager] INFO:  - Cache usage: 40.00 MiB, active tasks: 32
[DLManager] INFO:  + Download	- 88.64 MiB/s (raw) / 88.89 MiB/s (decompressed)
[DLManager] INFO:  + Disk	- 89.53 MiB/s (write) / 0.00 MiB/s (read)
[DLManager] INFO: = Progress: 93.97% (15000/15963), Running for 00:02:50, ETA: 00:00:10
[DLManager] INFO:  - Downloaded: 14651.06 MiB, Written: 14790.32 MiB
[DLManager] INFO:  - Cache usage: 37.00 MiB, active tasks: 32
[DLManager] INFO:  + Download	- 86.80 MiB/s (raw) / 86.93 MiB/s (decompressed)
[DLManager] INFO:  + Disk	- 90.08 MiB/s (write) / 0.00 MiB/s (read)
[DLManager] INFO: = Progress: 94.56% (15095/15963), Running for 00:02:51, ETA: 00:00:09
[DLManager] INFO:  - Downloaded: 14743.61 MiB, Written: 14883.10 MiB
[DLManager] INFO:  - Cache usage: 37.00 MiB, active tasks: 32
[DLManager] INFO:  + Download	- 92.52 MiB/s (raw) / 92.97 MiB/s (decompressed)
[DLManager] INFO:  + Disk	- 92.76 MiB/s (write) / 0.00 MiB/s (read)
[DLManager] INFO: = Progress: 95.12% (15184/15963), Running for 00:02:52, ETA: 00:00:08
[DLManager] INFO:  - Downloaded: 14834.24 MiB, Written: 14970.07 MiB
[DLManager] INFO:  - Cache usage: 41.00 MiB, active tasks: 32
[DLManager] INFO:  + Download	- 90.57 MiB/s (raw) / 90.93 MiB/s (decompressed)
[DLManager] INFO:  + Disk	- 86.90 MiB/s (write) / 0.00 MiB/s (read)
[DLManager] INFO: = Progress: 95.72% (15279/15963), Running for 00:02:53, ETA: 00:00:07
[DLManager] INFO:  - Downloaded: 14926.90 MiB, Written: 15059.23 MiB
[DLManager] INFO:  - Cache usage: 44.00 MiB, active tasks: 32
[DLManager] INFO:  + Download	- 92.57 MiB/s (raw) / 92.91 MiB/s (decompressed)
[DLManager] INFO:  + Disk	- 89.07 MiB/s (write) / 0.00 MiB/s (read)
[DLManager] INFO: = Progress: 96.29% (15371/15963), Running for 00:02:54, ETA: 00:00:06
[DLManager] INFO:  - Downloaded: 15011.77 MiB, Written: 15149.15 MiB
[DLManager] INFO:  - Cache usage: 39.00 MiB, active tasks: 32
[DLManager] INFO:  + Download	- 84.76 MiB/s (raw) / 84.89 MiB/s (decompressed)
[DLManager] INFO:  + Disk	- 89.81 MiB/s (write) / 0.00 MiB/s (read)
[DLManager] INFO: = Progress: 96.78% (15449/15963), Running for 00:02:55, ETA: 00:00:05
[DLManager] INFO:  - Downloaded: 15090.32 MiB, Written: 15225.21 MiB
[DLManager] INFO:  - Cache usage: 42.00 MiB, active tasks: 32
[DLManager] INFO:  + Download	- 78.46 MiB/s (raw) / 78.91 MiB/s (decompressed)
[DLManager] INFO:  + Disk	- 75.97 MiB/s (write) / 0.00 MiB/s (read)
[DLManager] INFO: = Progress: 97.41% (15550/15963), Running for 00:02:56, ETA: 00:00:04
[DLManager] INFO:  - Downloaded: 15182.88 MiB, Written: 15323.87 MiB
[DLManager] INFO:  - Cache usage: 37.00 MiB, active tasks: 32
[DLManager] INFO:  + Download	- 92.45 MiB/s (raw) / 92.89 MiB/s (decompressed)
[DLManager] INFO:  + Disk	- 98.54 MiB/s (write) / 0.00 MiB/s (read)
[DLManager] INFO: = Progress: 98.02% (15647/15963), Running for 00:02:57, ETA: 00:00:03
[DLManager] INFO:  - Downloaded: 15273.58 MiB, Written: 15414.38 MiB
[DLManager] INFO:  - Cache usage: 37.00 MiB, active tasks: 32
[DLManager] INFO:  + Download	- 90.67 MiB/s (raw) / 90.97 MiB/s (decompressed)
[DLManager] INFO:  + Disk	- 90.49 MiB/s (write) / 0.00 MiB/s (read)
[DLManager] INFO: = Progress: 98.66% (15749/15963), Running for 00:02:58, ETA: 00:00:02
[DLManager] INFO:  - Downloaded: 15366.32 MiB, Written: 15508.59 MiB
[DLManager] INFO:  - Cache usage: 36.00 MiB, active tasks: 32
[DLManager] INFO:  + Download	- 92.71 MiB/s (raw) / 92.97 MiB/s (decompressed)
[DLManager] INFO:  + Disk	- 94.18 MiB/s (write) / 0.00 MiB/s (read)
[DLManager] INFO: = Progress: 99.25% (15844/15963), Running for 00:02:59, ETA: 00:00:01
[DLManager] INFO:  - Downloaded: 15455.66 MiB, Written: 15598.52 MiB
[DLManager] INFO:  - Cache usage: 36.00 MiB, active tasks: 32
[DLManager] INFO:  + Download	- 89.25 MiB/s (raw) / 89.92 MiB/s (decompressed)
[DLManager] INFO:  + Disk	- 89.84 MiB/s (write) / 0.00 MiB/s (read)
[DLManager] INFO: = Progress: 99.94% (15953/15963), Running for 00:03:00, ETA: 00:00:00
[DLManager] INFO:  - Downloaded: 15549.44 MiB, Written: 15692.03 MiB
[DLManager] INFO:  - Cache usage: 10.00 MiB, active tasks: 1
[DLManager] INFO:  + Download	- 93.66 MiB/s (raw) / 97.88 MiB/s (decompressed)
[DLManager] INFO:  + Disk	- 93.40 MiB/s (write) / 0.00 MiB/s (read)
[DLManager] INFO: = Progress: 100.00% (15963/15963), Running for 00:03:01, ETA: 00:00:00
[DLManager] INFO:  - Downloaded: 15550.43 MiB, Written: 15700.74 MiB
[DLManager] INFO:  - Cache usage: 0.00 MiB, active tasks: 0
[DLManager] INFO:  + Download	- 0.99 MiB/s (raw) / 1.00 MiB/s (decompressed)
[DLManager] INFO:  + Disk	- 8.69 MiB/s (write) / 0.00 MiB/s (read)
[DLManager] INFO: = Progress: 100.00% (15963/15963), Running for 00:03:02, ETA: 00:00:00
[DLManager] INFO:  - Downloaded: 15550.43 MiB, Written: 15700.74 MiB
[DLManager] INFO:  - Cache usage: 0.00 MiB, active tasks: 0
[DLManager] INFO:  + Download	- 0.00 MiB/s (raw) / 0.00 MiB/s (decompressed)
[DLManager] INFO:  + Disk	- 0.00 MiB/s (write) / 0.00 MiB/s (read)
[DLManager] INFO: = Progress: 100.00% (15963/15963), Running for 00:03:03, ETA: 00:00:00
[DLManager] INFO:  - Downloaded: 15550.43 MiB, Written: 15700.74 MiB
[DLManager] INFO:  - Cache usage: 0.00 MiB, active tasks: 0
[DLManager] INFO:  + Download	- 0.00 MiB/s (raw) / 0.00 MiB/s (decompressed)
[DLManager] INFO:  + Disk	- 0.00 MiB/s (write) / 0.00 MiB/s (read)
[DLManager] INFO: = Progress: 100.00% (15963/15963), Running for 00:03:04, ETA: 00:00:00
[DLManager] INFO:  - Downloaded: 15550.43 MiB, Written: 15700.74 MiB
[DLManager] INFO:  - Cache usage: 0.00 MiB, active tasks: 0
[DLManager] INFO:  + Download	- 0.00 MiB/s (raw) / 0.00 MiB/s (decompressed)
[DLManager] INFO:  + Disk	- 0.00 MiB/s (write) / 0.00 MiB/s (read)
[DLManager] INFO: = Progress: 100.00% (15963/15963), Running for 00:03:05, ETA: 00:00:00
[DLManager] INFO:  - Downloaded: 15550.43 MiB, Written: 15700.74 MiB
[DLManager] INFO:  - Cache usage: 0.00 MiB, active tasks: 0
[DLManager] INFO:  + Download	- 0.00 MiB/s (raw) / 0.00 MiB/s (decompressed)
[DLManager] INFO:  + Disk	- 0.00 MiB/s (write) / 0.00 MiB/s (read)
[DLManager] INFO: = Progress: 100.00% (15963/15963), Running for 00:03:06, ETA: 00:00:00
[DLManager] INFO:  - Downloaded: 15550.43 MiB, Written: 15700.74 MiB
[DLManager] INFO:  - Cache usage: 0.00 MiB, active tasks: 0
[DLManager] INFO:  + Download	- 0.00 MiB/s (raw) / 0.00 MiB/s (decompressed)
[DLManager] INFO:  + Disk	- 0.00 MiB/s (write) / 0.00 MiB/s (read)
[DLManager] INFO: = Progress: 100.00% (15963/15963), Running for 00:03:07, ETA: 00:00:00
[DLManager] INFO:  - Downloaded: 15550.43 MiB, Written: 15700.74 MiB
[DLManager] INFO:  - Cache usage: 0.00 MiB, active tasks: 0
[DLManager] INFO:  + Download	- 0.00 MiB/s (raw) / 0.00 MiB/s (decompressed)
[DLManager] INFO:  + Disk	- 0.00 MiB/s (write) / 0.00 MiB/s (read)
[DLManager] INFO: = Progress: 100.00% (15963/15963), Running for 00:03:08, ETA: 00:00:00
[DLManager] INFO:  - Downloaded: 15550.43 MiB, Written: 15700.74 MiB
[DLManager] INFO:  - Cache usage: 0.00 MiB, active tasks: 0
[DLManager] INFO:  + Download	- 0.00 MiB/s (raw) / 0.00 MiB/s (decompressed)
[DLManager] INFO:  + Disk	- 0.00 MiB/s (write) / 0.00 MiB/s (read)
[DLManager] INFO: = Progress: 100.00% (15963/15963), Running for 00:03:09, ETA: 00:00:00
[DLManager] INFO:  - Downloaded: 15550.43 MiB, Written: 15700.74 MiB
[DLManager] INFO:  - Cache usage: 0.00 MiB, active tasks: 0
[DLManager] INFO:  + Download	- 0.00 MiB/s (raw) / 0.00 MiB/s (decompressed)
[DLManager] INFO:  + Disk	- 0.00 MiB/s (write) / 0.00 MiB/s (read)
[DLManager] INFO: = Progress: 100.00% (15963/15963), Running for 00:03:10, ETA: 00:00:00
[DLManager] INFO:  - Downloaded: 15550.43 MiB, Written: 15700.74 MiB
[DLManager] INFO:  - Cache usage: 0.00 MiB, active tasks: 0
[DLManager] INFO:  + Download	- 0.00 MiB/s (raw) / 0.00 MiB/s (decompressed)
[DLManager] INFO:  + Disk	- 0.00 MiB/s (write) / 0.00 MiB/s (read)
[DLManager] INFO: = Progress: 100.00% (15963/15963), Running for 00:03:11, ETA: 00:00:00
[DLManager] INFO:  - Downloaded: 15550.43 MiB, Written: 15700.74 MiB
[DLManager] INFO:  - Cache usage: 0.00 MiB, active tasks: 0
[DLManager] INFO:  + Download	- 0.00 MiB/s (raw) / 0.00 MiB/s (decompressed)
[DLManager] INFO:  + Disk	- 0.00 MiB/s (write) / 0.00 MiB/s (read)
[DLManager] INFO: = Progress: 100.00% (15963/15963), Running for 00:03:12, ETA: 00:00:00
[DLManager] INFO:  - Downloaded: 15550.43 MiB, Written: 15700.74 MiB
[DLManager] INFO:  - Cache usage: 0.00 MiB, active tasks: 0
[DLManager] INFO:  + Download	- 0.00 MiB/s (raw) / 0.00 MiB/s (decompressed)
[DLManager] INFO:  + Disk	- 0.00 MiB/s (write) / 0.00 MiB/s (read)
[DLManager] INFO: = Progress: 100.00% (15963/15963), Running for 00:03:13, ETA: 00:00:00
[DLManager] INFO:  - Downloaded: 15550.43 MiB, Written: 15700.74 MiB
[DLManager] INFO:  - Cache usage: 0.00 MiB, active tasks: 0
[DLManager] INFO:  + Download	- 0.00 MiB/s (raw) / 0.00 MiB/s (decompressed)
[DLManager] INFO:  + Disk	- 0.00 MiB/s (write) / 0.00 MiB/s (read)
[DLManager] INFO: = Progress: 100.00% (15963/15963), Running for 00:03:14, ETA: 00:00:00
[DLManager] INFO:  - Downloaded: 15550.43 MiB, Written: 15700.74 MiB
[DLManager] INFO:  - Cache usage: 0.00 MiB, active tasks: 0
[DLManager] INFO:  + Download	- 0.00 MiB/s (raw) / 0.00 MiB/s (decompressed)
[DLManager] INFO:  + Disk	- 0.00 MiB/s (write) / 0.00 MiB/s (read)
[DLManager] INFO: = Progress: 100.00% (15963/15963), Running for 00:03:15, ETA: 00:00:00
[DLManager] INFO:  - Downloaded: 15550.43 MiB, Written: 15700.74 MiB
[DLManager] INFO:  - Cache usage: 0.00 MiB, active tasks: 0
[DLManager] INFO:  + Download	- 0.00 MiB/s (raw) / 0.00 MiB/s (decompressed)
[DLManager] INFO:  + Disk	- 0.00 MiB/s (write) / 0.00 MiB/s (read)
[DLManager] INFO: = Progress: 100.00% (15963/15963), Running for 00:03:16, ETA: 00:00:00
[DLManager] INFO:  - Downloaded: 15550.43 MiB, Written: 15700.74 MiB
[DLManager] INFO:  - Cache usage: 0.00 MiB, active tasks: 0
[DLManager] INFO:  + Download	- 0.00 MiB/s (raw) / 0.00 MiB/s (decompressed)
[DLManager] INFO:  + Disk	- 0.00 MiB/s (write) / 0.00 MiB/s (read)
[DLManager] INFO: = Progress: 100.00% (15963/15963), Running for 00:03:17, ETA: 00:00:00
[DLManager] INFO:  - Downloaded: 15550.43 MiB, Written: 15700.74 MiB
[DLManager] INFO:  - Cache usage: 0.00 MiB, active tasks: 0
[DLManager] INFO:  + Download	- 0.00 MiB/s (raw) / 0.00 MiB/s (decompressed)
[DLManager] INFO:  + Disk	- 0.00 MiB/s (write) / 0.00 MiB/s (read)
[DLManager] INFO: = Progress: 100.00% (15963/15963), Running for 00:03:18, ETA: 00:00:00
[DLManager] INFO:  - Downloaded: 15550.43 MiB, Written: 15700.74 MiB
[DLManager] INFO:  - Cache usage: 0.00 MiB, active tasks: 0
[DLManager] INFO:  + Download	- 0.00 MiB/s (raw) / 0.00 MiB/s (decompressed)
[DLManager] INFO:  + Disk	- 0.00 MiB/s (write) / 0.00 MiB/s (read)
[DLManager] INFO: = Progress: 100.00% (15963/15963), Running for 00:03:19, ETA: 00:00:00
[DLManager] INFO:  - Downloaded: 15550.43 MiB, Written: 15700.74 MiB
[DLManager] INFO:  - Cache usage: 0.00 MiB, active tasks: 0
[DLManager] INFO:  + Download	- 0.00 MiB/s (raw) / 0.00 MiB/s (decompressed)
[DLManager] INFO:  + Disk	- 0.00 MiB/s (write) / 0.00 MiB/s (read)
[DLManager] INFO: = Progress: 100.00% (15963/15963), Running for 00:03:20, ETA: 00:00:00
[DLManager] INFO:  - Downloaded: 15550.43 MiB, Written: 15700.74 MiB
[DLManager] INFO:  - Cache usage: 0.00 MiB, active tasks: 0
[DLManager] INFO:  + Download	- 0.00 MiB/s (raw) / 0.00 MiB/s (decompressed)
[DLManager] INFO:  + Disk	- 0.00 MiB/s (write) / 0.00 MiB/s (read)
[DLManager] INFO: = Progress: 100.00% (15963/15963), Running for 00:03:21, ETA: 00:00:00
[DLManager] INFO:  - Downloaded: 15550.43 MiB, Written: 15700.74 MiB
[DLManager] INFO:  - Cache usage: 0.00 MiB, active tasks: 0
[DLManager] INFO:  + Download	- 0.00 MiB/s (raw) / 0.00 MiB/s (decompressed)
[DLManager] INFO:  + Disk	- 0.00 MiB/s (write) / 0.00 MiB/s (read)
[DLManager] INFO: = Progress: 100.00% (15963/15963), Running for 00:03:22, ETA: 00:00:00
[DLManager] INFO:  - Downloaded: 15550.43 MiB, Written: 15700.74 MiB
[DLManager] INFO:  - Cache usage: 0.00 MiB, active tasks: 0
[DLManager] INFO:  + Download	- 0.00 MiB/s (raw) / 0.00 MiB/s (decompressed)
[DLManager] INFO:  + Disk	- 0.00 MiB/s (write) / 0.00 MiB/s (read)
[DLManager] INFO: = Progress: 100.00% (15963/15963), Running for 00:03:23, ETA: 00:00:00
[DLManager] INFO:  - Downloaded: 15550.43 MiB, Written: 15700.74 MiB
[DLManager] INFO:  - Cache usage: 0.00 MiB, active tasks: 0
[DLManager] INFO:  + Download	- 0.00 MiB/s (raw) / 0.00 MiB/s (decompressed)
[DLManager] INFO:  + Disk	- 0.00 MiB/s (write) / 0.00 MiB/s (read)
[DLManager] INFO: = Progress: 100.00% (15963/15963), Running for 00:03:24, ETA: 00:00:00
[DLManager] INFO:  - Downloaded: 15550.43 MiB, Written: 15700.74 MiB
[DLManager] INFO:  - Cache usage: 0.00 MiB, active tasks: 0
[DLManager] INFO:  + Download	- 0.00 MiB/s (raw) / 0.00 MiB/s (decompressed)
[DLManager] INFO:  + Disk	- 0.00 MiB/s (write) / 0.00 MiB/s (read)
[DLManager] INFO: = Progress: 100.00% (15963/15963), Running for 00:03:25, ETA: 00:00:00
[DLManager] INFO:  - Downloaded: 15550.43 MiB, Written: 15700.74 MiB
[DLManager] INFO:  - Cache usage: 0.00 MiB, active tasks: 0
[DLManager] INFO:  + Download	- 0.00 MiB/s (raw) / 0.00 MiB/s (decompressed)
[DLManager] INFO:  + Disk	- 0.00 MiB/s (write) / 0.00 MiB/s (read)
[DLManager] INFO: = Progress: 100.00% (15963/15963), Running for 00:03:26, ETA: 00:00:00
[DLManager] INFO:  - Downloaded: 15550.43 MiB, Written: 15700.74 MiB
[DLManager] INFO:  - Cache usage: 0.00 MiB, active tasks: 0
[DLManager] INFO:  + Download	- 0.00 MiB/s (raw) / 0.00 MiB/s (decompressed)
[DLManager] INFO:  + Disk	- 0.00 MiB/s (write) / 0.00 MiB/s (read)
[DLManager] INFO: = Progress: 100.00% (15963/15963), Running for 00:03:27, ETA: 00:00:00
[DLManager] INFO:  - Downloaded: 15550.43 MiB, Written: 15700.74 MiB
[DLManager] INFO:  - Cache usage: 0.00 MiB, active tasks: 0
[DLManager] INFO:  + Download	- 0.00 MiB/s (raw) / 0.00 MiB/s (decompressed)
[DLManager] INFO:  + Disk	- 0.00 MiB/s (write) / 0.00 MiB/s (read)
[DLManager] INFO: = Progress: 100.00% (15963/15963), Running for 00:03:28, ETA: 00:00:00
[DLManager] INFO:  - Downloaded: 15550.43 MiB, Written: 15700.74 MiB
[DLManager] INFO:  - Cache usage: 0.00 MiB, active tasks: 0
[DLManager] INFO:  + Download	- 0.00 MiB/s (raw) / 0.00 MiB/s (decompressed)
[DLManager] INFO:  + Disk	- 0.00 MiB/s (write) / 0.00 MiB/s (read)
[DLManager] INFO: = Progress: 100.00% (15963/15963), Running for 00:03:29, ETA: 00:00:00
[DLManager] INFO:  - Downloaded: 15550.43 MiB, Written: 15700.74 MiB
[DLManager] INFO:  - Cache usage: 0.00 MiB, active tasks: 0
[DLManager] INFO:  + Download	- 0.00 MiB/s (raw) / 0.00 MiB/s (decompressed)
[DLManager] INFO:  + Disk	- 0.00 MiB/s (write) / 0.00 MiB/s (read)
[DLManager] INFO: = Progress: 100.00% (15963/15963), Running for 00:03:30, ETA: 00:00:00
[DLManager] INFO:  - Downloaded: 15550.43 MiB, Written: 15700.74 MiB
[DLManager] INFO:  - Cache usage: 0.00 MiB, active tasks: 0
[DLManager] INFO:  + Download	- 0.00 MiB/s (raw) / 0.00 MiB/s (decompressed)
[DLManager] INFO:  + Disk	- 0.00 MiB/s (write) / 0.00 MiB/s (read)
[DLManager] INFO: = Progress: 100.00% (15963/15963), Running for 00:03:31, ETA: 00:00:00
[DLManager] INFO:  - Downloaded: 15550.43 MiB, Written: 15700.74 MiB
[DLManager] INFO:  - Cache usage: 0.00 MiB, active tasks: 0
[DLManager] INFO:  + Download	- 0.00 MiB/s (raw) / 0.00 MiB/s (decompressed)
[DLManager] INFO:  + Disk	- 0.00 MiB/s (write) / 0.00 MiB/s (read)
[DLManager] INFO: = Progress: 100.00% (15963/15963), Running for 00:03:32, ETA: 00:00:00
[DLManager] INFO:  - Downloaded: 15550.43 MiB, Written: 15700.74 MiB
[DLManager] INFO:  - Cache usage: 0.00 MiB, active tasks: 0
[DLManager] INFO:  + Download	- 0.00 MiB/s (raw) / 0.00 MiB/s (decompressed)
[DLManager] INFO:  + Disk	- 0.00 MiB/s (write) / 0.00 MiB/s (read)
[DLManager] INFO: = Progress: 100.00% (15963/15963), Running for 00:03:33, ETA: 00:00:00
[DLManager] INFO:  - Downloaded: 15550.43 MiB, Written: 15700.74 MiB
[DLManager] INFO:  - Cache usage: 0.00 MiB, active tasks: 0
[DLManager] INFO:  + Download	- 0.00 MiB/s (raw) / 0.00 MiB/s (decompressed)
[DLManager] INFO:  + Disk	- 0.00 MiB/s (write) / 0.00 MiB/s (read)
[DLManager] INFO: = Progress: 100.00% (15963/15963), Running for 00:03:34, ETA: 00:00:00
[DLManager] INFO:  - Downloaded: 15550.43 MiB, Written: 15700.74 MiB
[DLManager] INFO:  - Cache usage: 0.00 MiB, active tasks: 0
[DLManager] INFO:  + Download	- 0.00 MiB/s (raw) / 0.00 MiB/s (decompressed)
[DLManager] INFO:  + Disk	- 0.00 MiB/s (write) / 0.00 MiB/s (read)
[DLManager] INFO: = Progress: 100.00% (15963/15963), Running for 00:03:35, ETA: 00:00:00
[DLManager] INFO:  - Downloaded: 15550.43 MiB, Written: 15700.74 MiB
[DLManager] INFO:  - Cache usage: 0.00 MiB, active tasks: 0
[DLManager] INFO:  + Download	- 0.00 MiB/s (raw) / 0.00 MiB/s (decompressed)
[DLManager] INFO:  + Disk	- 0.00 MiB/s (write) / 0.00 MiB/s (read)
[DLManager] INFO: = Progress: 100.00% (15963/15963), Running for 00:03:36, ETA: 00:00:00
[DLManager] INFO:  - Downloaded: 15550.43 MiB, Written: 15700.74 MiB
[DLManager] INFO:  - Cache usage: 0.00 MiB, active tasks: 0
[DLManager] INFO:  + Download	- 0.00 MiB/s (raw) / 0.00 MiB/s (decompressed)
[DLManager] INFO:  + Disk	- 0.00 MiB/s (write) / 0.00 MiB/s (read)
[DLManager] INFO: = Progress: 100.00% (15963/15963), Running for 00:03:37, ETA: 00:00:00
[DLManager] INFO:  - Downloaded: 15550.43 MiB, Written: 15700.74 MiB
[DLManager] INFO:  - Cache usage: 0.00 MiB, active tasks: 0
[DLManager] INFO:  + Download	- 0.00 MiB/s (raw) / 0.00 MiB/s (decompressed)
[DLManager] INFO:  + Disk	- 0.00 MiB/s (write) / 0.00 MiB/s (read)
[DLManager] INFO: = Progress: 100.00% (15963/15963), Running for 00:03:38, ETA: 00:00:00
[DLManager] INFO:  - Downloaded: 15550.43 MiB, Written: 15700.74 MiB
[DLManager] INFO:  - Cache usage: 0.00 MiB, active tasks: 0
[DLManager] INFO:  + Download	- 0.00 MiB/s (raw) / 0.00 MiB/s (decompressed)
[DLManager] INFO:  + Disk	- 0.00 MiB/s (write) / 0.00 MiB/s (read)
[DLManager] INFO: = Progress: 100.00% (15963/15963), Running for 00:03:39, ETA: 00:00:00
[DLManager] INFO:  - Downloaded: 15550.43 MiB, Written: 15700.74 MiB
[DLManager] INFO:  - Cache usage: 0.00 MiB, active tasks: 0
[DLManager] INFO:  + Download	- 0.00 MiB/s (raw) / 0.00 MiB/s (decompressed)
[DLManager] INFO:  + Disk	- 0.00 MiB/s (write) / 0.00 MiB/s (read)
[DLManager] INFO: = Progress: 100.00% (15963/15963), Running for 00:03:40, ETA: 00:00:00
[DLManager] INFO:  - Downloaded: 15550.43 MiB, Written: 15700.74 MiB
[DLManager] INFO:  - Cache usage: 0.00 MiB, active tasks: 0
[DLManager] INFO:  + Download	- 0.00 MiB/s (raw) / 0.00 MiB/s (decompressed)
[DLManager] INFO:  + Disk	- 0.00 MiB/s (write) / 0.00 MiB/s (read)
[DLManager] INFO: = Progress: 100.00% (15963/15963), Running for 00:03:41, ETA: 00:00:00
[DLManager] INFO:  - Downloaded: 15550.43 MiB, Written: 15700.74 MiB
[DLManager] INFO:  - Cache usage: 0.00 MiB, active tasks: 0
[DLManager] INFO:  + Download	- 0.00 MiB/s (raw) / 0.00 MiB/s (decompressed)
[DLManager] INFO:  + Disk	- 0.00 MiB/s (write) / 0.00 MiB/s (read)
[DLManager] INFO: = Progress: 100.00% (15963/15963), Running for 00:03:42, ETA: 00:00:00
[DLManager] INFO:  - Downloaded: 15550.43 MiB, Written: 15700.74 MiB
[DLManager] INFO:  - Cache usage: 0.00 MiB, active tasks: 0
[DLManager] INFO:  + Download	- 0.00 MiB/s (raw) / 0.00 MiB/s (decompressed)
[DLManager] INFO:  + Disk	- 0.00 MiB/s (write) / 0.00 MiB/s (read)
[DLManager] INFO: = Progress: 100.00% (15963/15963), Running for 00:03:43, ETA: 00:00:00
[DLManager] INFO:  - Downloaded: 15550.43 MiB, Written: 15700.74 MiB
[DLManager] INFO:  - Cache usage: 0.00 MiB, active tasks: 0
[DLManager] INFO:  + Download	- 0.00 MiB/s (raw) / 0.00 MiB/s (decompressed)
[DLManager] INFO:  + Disk	- 0.00 MiB/s (write) / 0.00 MiB/s (read)
[DLManager] INFO: = Progress: 100.00% (15963/15963), Running for 00:03:44, ETA: 00:00:00
[DLManager] INFO:  - Downloaded: 15550.43 MiB, Written: 15700.74 MiB
[DLManager] INFO:  - Cache usage: 0.00 MiB, active tasks: 0
[DLManager] INFO:  + Download	- 0.00 MiB/s (raw) / 0.00 MiB/s (decompressed)
[DLManager] INFO:  + Disk	- 0.00 MiB/s (write) / 0.00 MiB/s (read)
[DLManager] INFO: Waiting for installation to finish...
[DLManager] INFO: All done! Download manager quitting...
[cli] INFO: Finished installation process in 225.43 seconds.

Legendary update available!
- New version: 0.20.34 - "Direct Intervention"
- Release summary:
 [!] Fixed webview based login
 [*] Fixed a number of bugs and performance issues

See full changelog for additional details.
- Release URL: https://legendary.gl/release/0.20.34
! This update is recommended as it fixes major issues.

- Download URL: https://legendary.gl/release/download/0.20.34/legendary

EOS Overlay update available: 1.2.7++EOSSDK+Release-Overlay-CL-25975892-Windows (Current: 1.2.6++EOSSDK+Release-Overlay-CL-21323361-Windows).
Run "legendary eos-overlay update" to update to the latest version.
