Game Settings: {
	"autoInstallDxvk": false,
	"autoInstallVkd3d": false,
	"preferSystemLibs": false,
	"enableFsync": true,
	"nvidiaPrime": false,
	"enviromentOptions": [],
	"wrapperOptions": [],
	"showFps": false,
	"showMangohud": true,
	"useGameMode": false,
	"language": "",
	"wineVersion": {
		"bin": "/usr/bin/wine",
		"name": "Wine Default - wine-7.7-301-gf91f4348356 ( TkG Staging Esync Fsync )",
		"type": "wine",
		"wineserver": "/usr/bin/wineserver",
		"wineboot": "/usr/bin/wineboot"
	},
	"winePrefix": "/home/zany130/Games/Heroic/Prefixes/GoneHome",
	"altLegendaryBin": "",
	"altGogdlBin": "",
	"addDesktopShortcuts": false,
	"addStartMenuShortcuts": false,
	"customWinePaths": [],
	"darkTrayIcon": false,
	"defaultInstallPath": "/home/zany130/Games/Heroic",
	"defaultWinePrefix": "/home/zany130/Games/Heroic/Prefixes",
	"disableController": false,
	"egsLinkedPath": "",
	"exitToTray": true,
	"maxRecentGames": 5,
	"maxWorkers": 0,
	"minimizeOnLaunch": true,
	"otherOptions": "",
	"showUnrealMarket": false,
	"startInTray": true,
	"wineCrossoverBottle": "Heroic"
}

Game launched at: Sun Apr 09 2023 17:21:17 GMT-0400 (Eastern Daylight Time)

Legendary's config from config.ini (before Heroic's settings):
SyntaxError: Unexpected end of JSON input


Launch Command: LD_PRELOAD= WINEPREFIX=/home/zany130/Games/Heroic/Prefixes/GoneHome WINEDLLOVERRIDES=winemenubuilder= WINEFSYNC=1 ORIG_LD_LIBRARY_PATH= /usr/bin/mangohud --dlsym /opt/Heroic/resources/app.asar.unpacked/build/bin/linux/legendary launch Flier --language en --wine /usr/bin/wine 

Game Log:
[cli] CRITICAL: Install directory "/mnt/GAMES/Games/Heroic/GoneHome" appears to be deleted, cannot launch Flier!
