[PROGRESS] INFO: = Progress: 0.00 0/156163995, Running for: 00:00:00, ETA: 00:00:00
[PROGRESS] INFO: = Downloaded: 0.00 MiB, Written: 0.00 MiB
[PROGRESS] INFO:  + Download	- 0.00 MiB/s (raw) / 0.00 MiB/s (decompressed)
[PROGRESS] INFO:  + Disk	- 0.00 MiB/s (write) / 0.00 MiB/s (read)
[PROGRESS] INFO: = Progress: 12.99 20282696/156163995, Running for: 00:00:01, ETA: 00:00:06
[PROGRESS] INFO: = Downloaded: 26.01 MiB, Written: 19.34 MiB
[PROGRESS] INFO:  + Download	- 27.51 MiB/s (raw) / 28.00 MiB/s (decompressed)
[PROGRESS] INFO:  + Disk	- 19.34 MiB/s (write) / 0.00 MiB/s (read)
[PROGRESS] INFO: = Progress: 12.99 20282696/156163995, Running for: 00:00:02, ETA: 00:00:13
[PROGRESS] INFO: = Downloaded: 26.01 MiB, Written: 19.34 MiB
[PROGRESS] INFO:  + Download	- 0.00 MiB/s (raw) / 0.00 MiB/s (decompressed)
[PROGRESS] INFO:  + Disk	- 0.00 MiB/s (write) / 0.00 MiB/s (read)
[PROGRESS] INFO: = Progress: 12.99 20282696/156163995, Running for: 00:00:03, ETA: 00:00:20
[PROGRESS] INFO: = Downloaded: 30.38 MiB, Written: 19.34 MiB
[PROGRESS] INFO:  + Download	- 2.87 MiB/s (raw) / 2.88 MiB/s (decompressed)
[PROGRESS] INFO:  + Disk	- 0.00 MiB/s (write) / 0.00 MiB/s (read)
[PROGRESS] INFO: = Progress: 12.99 20282696/156163995, Running for: 00:00:04, ETA: 00:00:26
[PROGRESS] INFO: = Downloaded: 30.38 MiB, Written: 19.34 MiB
[PROGRESS] INFO:  + Download	- 0.00 MiB/s (raw) / 0.00 MiB/s (decompressed)
[PROGRESS] INFO:  + Disk	- 0.00 MiB/s (write) / 0.00 MiB/s (read)
[PROGRESS] INFO: = Progress: 12.99 20282696/156163995, Running for: 00:00:05, ETA: 00:00:33
[PROGRESS] INFO: = Downloaded: 30.38 MiB, Written: 19.34 MiB
[PROGRESS] INFO:  + Download	- 0.00 MiB/s (raw) / 0.00 MiB/s (decompressed)
[PROGRESS] INFO:  + Disk	- 0.00 MiB/s (write) / 0.00 MiB/s (read)
[PROGRESS] INFO: = Progress: 22.41 34993088/156163995, Running for: 00:00:06, ETA: 00:00:20
[PROGRESS] INFO: = Downloaded: 32.86 MiB, Written: 33.37 MiB
[PROGRESS] INFO:  + Download	- 2.48 MiB/s (raw) / 2.49 MiB/s (decompressed)
[PROGRESS] INFO:  + Disk	- 14.03 MiB/s (write) / 0.00 MiB/s (read)
[PROGRESS] INFO: = Progress: 22.41 34993088/156163995, Running for: 00:00:07, ETA: 00:00:24
[PROGRESS] INFO: = Downloaded: 32.86 MiB, Written: 33.37 MiB
[PROGRESS] INFO:  + Download	- 0.00 MiB/s (raw) / 0.00 MiB/s (decompressed)
[PROGRESS] INFO:  + Disk	- 0.00 MiB/s (write) / 0.00 MiB/s (read)
[PROGRESS] INFO: = Progress: 22.41 34993088/156163995, Running for: 00:00:08, ETA: 00:00:27
[PROGRESS] INFO: = Downloaded: 32.86 MiB, Written: 33.37 MiB
[PROGRESS] INFO:  + Download	- 0.00 MiB/s (raw) / 0.00 MiB/s (decompressed)
[PROGRESS] INFO:  + Disk	- 0.00 MiB/s (write) / 0.00 MiB/s (read)
[PROGRESS] INFO: = Progress: 22.59 35270426/156163995, Running for: 00:00:09, ETA: 00:00:30
[PROGRESS] INFO: = Downloaded: 33.35 MiB, Written: 33.64 MiB
[PROGRESS] INFO:  + Download	- 0.48 MiB/s (raw) / 0.49 MiB/s (decompressed)
[PROGRESS] INFO:  + Disk	- 0.26 MiB/s (write) / 0.00 MiB/s (read)
[PROGRESS] INFO: = Progress: 22.83 35651325/156163995, Running for: 00:00:10, ETA: 00:00:33
[PROGRESS] INFO: = Downloaded: 33.49 MiB, Written: 34.00 MiB
[PROGRESS] INFO:  + Download	- 0.14 MiB/s (raw) / 0.14 MiB/s (decompressed)
[PROGRESS] INFO:  + Disk	- 0.36 MiB/s (write) / 0.00 MiB/s (read)
[PROGRESS] INFO: = Progress: 22.83 35651325/156163995, Running for: 00:00:11, ETA: 00:00:37
[PROGRESS] INFO: = Downloaded: 33.49 MiB, Written: 34.00 MiB
[PROGRESS] INFO:  + Download	- 0.00 MiB/s (raw) / 0.00 MiB/s (decompressed)
[PROGRESS] INFO:  + Disk	- 0.00 MiB/s (write) / 0.00 MiB/s (read)
[PROGRESS] INFO: = Progress: 22.83 35651325/156163995, Running for: 00:00:12, ETA: 00:00:40
[PROGRESS] INFO: = Downloaded: 33.49 MiB, Written: 34.00 MiB
[PROGRESS] INFO:  + Download	- 0.00 MiB/s (raw) / 0.00 MiB/s (decompressed)
[PROGRESS] INFO:  + Disk	- 0.00 MiB/s (write) / 0.00 MiB/s (read)
[PROGRESS] INFO: = Progress: 22.83 35651325/156163995, Running for: 00:00:13, ETA: 00:00:44
[PROGRESS] INFO: = Downloaded: 33.49 MiB, Written: 34.00 MiB
[PROGRESS] INFO:  + Download	- 0.50 MiB/s (raw) / 0.50 MiB/s (decompressed)
[PROGRESS] INFO:  + Disk	- 0.00 MiB/s (write) / 0.00 MiB/s (read)
[PROGRESS] INFO: = Progress: 23.28 36350369/156163995, Running for: 00:00:14, ETA: 00:00:46
[PROGRESS] INFO: = Downloaded: 34.15 MiB, Written: 34.67 MiB
[PROGRESS] INFO:  + Download	- 0.16 MiB/s (raw) / 0.17 MiB/s (decompressed)
[PROGRESS] INFO:  + Disk	- 0.67 MiB/s (write) / 0.00 MiB/s (read)
[PROGRESS] INFO: = Progress: 23.28 36350369/156163995, Running for: 00:00:15, ETA: 00:00:49
[PROGRESS] INFO: = Downloaded: 34.15 MiB, Written: 34.67 MiB
[PROGRESS] INFO:  + Download	- 0.00 MiB/s (raw) / 0.00 MiB/s (decompressed)
[PROGRESS] INFO:  + Disk	- 0.00 MiB/s (write) / 0.00 MiB/s (read)
[PROGRESS] INFO: = Progress: 23.28 36350369/156163995, Running for: 00:00:16, ETA: 00:00:52
[PROGRESS] INFO: = Downloaded: 34.15 MiB, Written: 34.67 MiB
[PROGRESS] INFO:  + Download	- 0.00 MiB/s (raw) / 0.00 MiB/s (decompressed)
[PROGRESS] INFO:  + Disk	- 0.00 MiB/s (write) / 0.00 MiB/s (read)
[PROGRESS] INFO: = Progress: 23.28 36350369/156163995, Running for: 00:00:17, ETA: 00:00:56
[PROGRESS] INFO: = Downloaded: 34.15 MiB, Written: 34.67 MiB
[PROGRESS] INFO:  + Download	- 0.00 MiB/s (raw) / 0.00 MiB/s (decompressed)
[PROGRESS] INFO:  + Disk	- 0.00 MiB/s (write) / 0.00 MiB/s (read)
[PROGRESS] INFO: = Progress: 23.28 36350369/156163995, Running for: 00:00:18, ETA: 00:00:59
[PROGRESS] INFO: = Downloaded: 34.15 MiB, Written: 34.67 MiB
[PROGRESS] INFO:  + Download	- 0.00 MiB/s (raw) / 0.00 MiB/s (decompressed)
[PROGRESS] INFO:  + Disk	- 0.00 MiB/s (write) / 0.00 MiB/s (read)
[PROGRESS] INFO: = Progress: 23.28 36350369/156163995, Running for: 00:00:19, ETA: 00:01:02
[PROGRESS] INFO: = Downloaded: 34.15 MiB, Written: 34.67 MiB
[PROGRESS] INFO:  + Download	- 0.00 MiB/s (raw) / 0.00 MiB/s (decompressed)
[PROGRESS] INFO:  + Disk	- 0.00 MiB/s (write) / 0.00 MiB/s (read)
[PROGRESS] INFO: = Progress: 23.28 36350369/156163995, Running for: 00:00:20, ETA: 00:01:05
[PROGRESS] INFO: = Downloaded: 34.15 MiB, Written: 34.67 MiB
[PROGRESS] INFO:  + Download	- 0.00 MiB/s (raw) / 0.00 MiB/s (decompressed)
[PROGRESS] INFO:  + Disk	- 0.00 MiB/s (write) / 0.00 MiB/s (read)
[PROGRESS] INFO: = Progress: 74.37 116138347/156163995, Running for: 00:00:21, ETA: 00:00:07
[PROGRESS] INFO: = Downloaded: 108.53 MiB, Written: 110.76 MiB
[PROGRESS] INFO:  + Download	- 96.88 MiB/s (raw) / 98.96 MiB/s (decompressed)
[PROGRESS] INFO:  + Disk	- 76.09 MiB/s (write) / 0.00 MiB/s (read)
[PROGRESS] INFO: = Progress: 100.00 156163995/156163995, Running for: 00:00:22, ETA: 00:00:00
[PROGRESS] INFO: = Downloaded: 146.34 MiB, Written: 148.93 MiB
[PROGRESS] INFO:  + Download	- 15.31 MiB/s (raw) / 15.31 MiB/s (decompressed)
[PROGRESS] INFO:  + Disk	- 38.17 MiB/s (write) / 0.00 MiB/s (read)
[PROGRESS] INFO: = Progress: 100.00 156163995/156163995, Running for: 00:00:22, ETA: 00:00:00
[PROGRESS] INFO: = Downloaded: 146.34 MiB, Written: 148.93 MiB
[PROGRESS] INFO:  + Download	- 0.00 MiB/s (raw) / 0.00 MiB/s (decompressed)
[PROGRESS] INFO:  + Disk	- 0.00 MiB/s (write) / 0.00 MiB/s (read)
Connection failed HTTPSConnectionPool(host='gog-cdn-fastly.gog.com', port=443): Read timed out. (read timeout=10)
Connection failed HTTPSConnectionPool(host='gog-cdn-fastly.gog.com', port=443): Read timed out. (read timeout=10)
Connection failed HTTPSConnectionPool(host='gog-cdn-fastly.gog.com', port=443): Read timed out. (read timeout=10)
Connection failed HTTPSConnectionPool(host='gog-cdn-fastly.gog.com', port=443): Read timed out. (read timeout=10)
Connection failed HTTPSConnectionPool(host='gog-cdn-fastly.gog.com', port=443): Read timed out. (read timeout=10)
Connection failed HTTPSConnectionPool(host='gog-cdn-fastly.gog.com', port=443): Read timed out. (read timeout=10)
Connection failed HTTPSConnectionPool(host='gog-cdn-fastly.gog.com', port=443): Read timed out. (read timeout=10)
Connection failed HTTPSConnectionPool(host='gog-cdn-fastly.gog.com', port=443): Read timed out. (read timeout=10)
Connection failed HTTPSConnectionPool(host='gog-cdn-fastly.gog.com', port=443): Read timed out. (read timeout=10)
Connection failed HTTPSConnectionPool(host='gog-cdn-fastly.gog.com', port=443): Read timed out. (read timeout=10)
Connection failed HTTPSConnectionPool(host='gog-cdn-fastly.gog.com', port=443): Read timed out. (read timeout=10)
