
Unison 2.53.3 (ocaml 5.0.0) log started at 2023-09-09 at 23:23:18


Unison 2.53.3 (ocaml 5.0.0) log started at 2023-09-09 at 23:24:19

Roots:
  /home/zany130/.local/share/yuzu/nand/user/save/0000000000000000/401F0FFA5B1DB4D74AFD0CA8F03ADE42/0100149019460000/
  /home/zany130/.var/app/org.ryujinx.Ryujinx/config/Ryujinx/bis/user/save/0000000000000001/0/


Unison 2.53.3 (ocaml 5.0.0) log started at 2023-09-09 at 23:25:34

Roots:
  /home/zany130/.local/share/yuzu/nand/user/save/0000000000000000/401F0FFA5B1DB4D74AFD0CA8F03ADE42/0100149019460000/
  /home/zany130/.var/app/org.ryujinx.Ryujinx/config/Ryujinx/bis/user/save/0000000000000001/0/



Unison 2.53.3 (ocaml 5.0.0) started propagating changes at 23:27:13.34 on 09 Sep 2023
[BGN] Copying test.txt from /home/zany130/.local/share/yuzu/nand/user/save/0000000000000000/401F0FFA5B1DB4D74AFD0CA8F03ADE42/0100149019460000 to /home/zany130/.var/app/org.ryujinx.Ryujinx/config/Ryujinx/bis/user/save/0000000000000001/0
[END] Copying test.txt
Unison 2.53.3 (ocaml 5.0.0) finished propagating changes at 23:27:13.34 on 09 Sep 2023, 0.000 s



Unison 2.53.3 (ocaml 5.0.0) log started at 2023-09-09 at 23:27:23

Roots:
  /home/zany130/.local/share/yuzu/nand/user/save/0000000000000000/401F0FFA5B1DB4D74AFD0CA8F03ADE42/0100149019460000/
  /home/zany130/.var/app/org.ryujinx.Ryujinx/config/Ryujinx/bis/user/save/0000000000000001/0/


Unison 2.53.3 (ocaml 5.0.0) log started at 2023-09-09 at 23:27:54

Roots:
  /home/zany130/.local/share/yuzu/nand/user/save/0000000000000000/401F0FFA5B1DB4D74AFD0CA8F03ADE42/0100149019460000/
  /home/zany130/.var/app/org.ryujinx.Ryujinx/config/Ryujinx/bis/user/save/0000000000000001/0/


1 items will be synced, 0 skipped
0 B to be synced from 0100149019460000 to 0
0 B to be synced from 0 to 0100149019460000


Unison 2.53.3 (ocaml 5.0.0) started propagating changes at 23:28:11.94 on 09 Sep 2023
[BGN] Deleting test.txt from /home/zany130/.var/app/org.ryujinx.Ryujinx/config/Ryujinx/bis/user/save/0000000000000001/0
[END] Deleting test.txt
Unison 2.53.3 (ocaml 5.0.0) finished propagating changes at 23:28:11.94 on 09 Sep 2023, 0.000 s


Synchronization complete at 23:28:11  (1 item transferred, 0 skipped, 0 failed)

Unison 2.53.3 (ocaml 5.0.0) log started at 2023-09-09 at 23:36:32

Roots:
  /home/zany130/.local/share/yuzu/nand/user/save/0000000000000000/401F0FFA5B1DB4D74AFD0CA8F03ADE42/0100149019460000/
  /home/zany130/.var/app/org.ryujinx.Ryujinx/config/Ryujinx/bis/user/save/0000000000000001/0/


Unison 2.53.3 (ocaml 5.0.0) log started at 2023-09-09 at 23:37:32

Roots:
  /home/zany130/.local/share/yuzu/nand/user/save/0000000000000000/401F0FFA5B1DB4D74AFD0CA8F03ADE42/0100149019460000/
  /home/zany130/.var/app/org.ryujinx.Ryujinx/config/Ryujinx/bis/user/save/0000000000000001/0/
  /home/zany130/.local/share/yuzu/nand/user/save/0000000000000000/401F0FFA5B1DB4D74AFD0CA8F03ADE42/0100149019460000/

Wrong number of roots: 2 expected, but 3 provided (/home/zany130/.local/share/yuzu/nand/user/save/0000000000000000/401F0FFA5B1DB4D74AFD0CA8F03ADE42/0100149019460000/, /home/zany130/.var/app/org.ryujinx.Ryujinx/config/Ryujinx/bis/user/save/0000000000000001/0/, /home/zany130/.local/share/yuzu/nand/user/save/0000000000000000/401F0FFA5B1DB4D74AFD0CA8F03ADE42/0100149019460000/)
(Maybe you specified roots both on the command line and in the profile?)

Unison 2.53.3 (ocaml 5.0.0) log started at 2023-09-09 at 23:44:50

Roots:
  /home/zany130/.var/app/org.ryujinx.Ryujinx/config/Ryujinx/bis/user/save/0000000000000001/0/
  /home/zany130/.config/Ryujinx/bis/user/save/0000000000000001/0/



Unison 2.53.3 (ocaml 5.0.0) started propagating changes at 23:44:50.80 on 09 Sep 2023
[CONFLICT] Skipping AutoSave00
  contents changed on both sides
[CONFLICT] Skipping AutoSave01
  contents changed on both sides
[CONFLICT] Skipping SystemSave
  contents changed on both sides
[BGN] Copying Save00 from /home/zany130/.var/app/org.ryujinx.Ryujinx/config/Ryujinx/bis/user/save/0000000000000001/0 to /home/zany130/.config/Ryujinx/bis/user/save/0000000000000001/0
[END] Copying Save00
[BGN] Copying Save01 from /home/zany130/.var/app/org.ryujinx.Ryujinx/config/Ryujinx/bis/user/save/0000000000000001/0 to /home/zany130/.config/Ryujinx/bis/user/save/0000000000000001/0
[END] Copying Save01
[BGN] Copying Save02 from /home/zany130/.var/app/org.ryujinx.Ryujinx/config/Ryujinx/bis/user/save/0000000000000001/0 to /home/zany130/.config/Ryujinx/bis/user/save/0000000000000001/0
[END] Copying Save02
[BGN] Copying Save03 from /home/zany130/.var/app/org.ryujinx.Ryujinx/config/Ryujinx/bis/user/save/0000000000000001/0 to /home/zany130/.config/Ryujinx/bis/user/save/0000000000000001/0
[END] Copying Save03
[BGN] Copying Save04 from /home/zany130/.var/app/org.ryujinx.Ryujinx/config/Ryujinx/bis/user/save/0000000000000001/0 to /home/zany130/.config/Ryujinx/bis/user/save/0000000000000001/0
[END] Copying Save04
[BGN] Copying Save05 from /home/zany130/.var/app/org.ryujinx.Ryujinx/config/Ryujinx/bis/user/save/0000000000000001/0 to /home/zany130/.config/Ryujinx/bis/user/save/0000000000000001/0
[END] Copying Save05
[BGN] Copying Save06 from /home/zany130/.var/app/org.ryujinx.Ryujinx/config/Ryujinx/bis/user/save/0000000000000001/0 to /home/zany130/.config/Ryujinx/bis/user/save/0000000000000001/0
[END] Copying Save06
Unison 2.53.3 (ocaml 5.0.0) finished propagating changes at 23:44:50.81 on 09 Sep 2023, 0.007 s



Unison 2.53.3 (ocaml 5.0.0) log started at 2023-09-09 at 23:45:52

Roots:
  /home/zany130/.var/app/org.ryujinx.Ryujinx/config/Ryujinx/bis/user/save/0000000000000001/0/
  /home/zany130/.config/Ryujinx/bis/user/save/0000000000000001/0/



Unison 2.53.3 (ocaml 5.0.0) started propagating changes at 23:46:25.38 on 09 Sep 2023
[BGN] Updating file AutoSave00 from /home/zany130/.var/app/org.ryujinx.Ryujinx/config/Ryujinx/bis/user/save/0000000000000001/0 to /home/zany130/.config/Ryujinx/bis/user/save/0000000000000001/0
[END] Updating file AutoSave00
[BGN] Updating file AutoSave01 from /home/zany130/.var/app/org.ryujinx.Ryujinx/config/Ryujinx/bis/user/save/0000000000000001/0 to /home/zany130/.config/Ryujinx/bis/user/save/0000000000000001/0
[END] Updating file AutoSave01
[BGN] Updating file SystemSave from /home/zany130/.var/app/org.ryujinx.Ryujinx/config/Ryujinx/bis/user/save/0000000000000001/0 to /home/zany130/.config/Ryujinx/bis/user/save/0000000000000001/0
[END] Updating file SystemSave
Unison 2.53.3 (ocaml 5.0.0) finished propagating changes at 23:46:25.39 on 09 Sep 2023, 0.007 s



Unison 2.53.3 (ocaml 5.0.0) log started at 2023-09-09 at 23:51:31

Roots:
  /home/zany130/.local/share/yuzu/nand/user/save/0000000000000000/401F0FFA5B1DB4D74AFD0CA8F03ADE42/0100149019460000
  /home/zany130/.var/app/org.ryujinx.Ryujinx/config/Ryujinx/bis/user/save/0000000000000001/0


Unison 2.53.3 (ocaml 5.0.0) log started at 2023-09-09 at 23:51:42

Roots:
  /home/zany130/.var/app/org.ryujinx.Ryujinx/config/Ryujinx/bis/user/save/0000000000000001/0
  /home/zany130/.config/Ryujinx/bis/user/save/0000000000000001/0


Unison 2.53.3 (ocaml 5.0.0) log started at 2023-09-24 at 12:35:15

Roots:
  /home/zany130/.local/share/yuzu/nand/user/save/0000000000000000/401F0FFA5B1DB4D74AFD0CA8F03ADE42/0100149019460000
  /home/zany130/.var/app/org.ryujinx.Ryujinx/config/Ryujinx/bis/user/save/0000000000000001/0

Cannot find canonical name of /home/zany130/.local/share/yuzu/nand/user/save/0000000000000000/401F0FFA5B1DB4D74AFD0CA8F03ADE42/0100149019460000: unable to cd either to it (/home/zany130/.local/share/yuzu/nand/user/save/0000000000000000/401F0FFA5B1DB4D74AFD0CA8F03ADE42/0100149019460000: No such file or directory)
or to its parent /home/zany130/.local/share/yuzu/nand/user/save/0000000000000000/401F0FFA5B1DB4D74AFD0CA8F03ADE42
(/home/zany130/.local/share/yuzu/nand/user/save/0000000000000000/401F0FFA5B1DB4D74AFD0CA8F03ADE42: No such file or directory)

Unison 2.53.3 (ocaml 5.0.0) log started at 2023-09-24 at 12:39:48

Roots:
  /home/zany130/.local/share/yuzu/nand/user/save/0000000000000000/FC9EB4667A39C06EEC73881C7AEAA2E0
  /home/zany130/.config/Ryujinx/bis/user/save/0000000000000001/0



Unison 2.53.3 (ocaml 5.0.0) started propagating changes at 12:40:18.72 on 24 Sep 2023
[BGN] Copying AutoSave00 from /home/zany130/.config/Ryujinx/bis/user/save/0000000000000001/0 to /home/zany130/.local/share/yuzu/nand/user/save/0000000000000000/FC9EB4667A39C06EEC73881C7AEAA2E0
[END] Copying AutoSave00
[BGN] Copying AutoSave01 from /home/zany130/.config/Ryujinx/bis/user/save/0000000000000001/0 to /home/zany130/.local/share/yuzu/nand/user/save/0000000000000000/FC9EB4667A39C06EEC73881C7AEAA2E0
[END] Copying AutoSave01
[BGN] Copying Save00 from /home/zany130/.config/Ryujinx/bis/user/save/0000000000000001/0 to /home/zany130/.local/share/yuzu/nand/user/save/0000000000000000/FC9EB4667A39C06EEC73881C7AEAA2E0
[END] Copying Save00
[BGN] Copying Save01 from /home/zany130/.config/Ryujinx/bis/user/save/0000000000000001/0 to /home/zany130/.local/share/yuzu/nand/user/save/0000000000000000/FC9EB4667A39C06EEC73881C7AEAA2E0
[END] Copying Save01
[BGN] Copying Save02 from /home/zany130/.config/Ryujinx/bis/user/save/0000000000000001/0 to /home/zany130/.local/share/yuzu/nand/user/save/0000000000000000/FC9EB4667A39C06EEC73881C7AEAA2E0
[END] Copying Save02
[BGN] Copying Save03 from /home/zany130/.config/Ryujinx/bis/user/save/0000000000000001/0 to /home/zany130/.local/share/yuzu/nand/user/save/0000000000000000/FC9EB4667A39C06EEC73881C7AEAA2E0
[END] Copying Save03
[BGN] Copying Save04 from /home/zany130/.config/Ryujinx/bis/user/save/0000000000000001/0 to /home/zany130/.local/share/yuzu/nand/user/save/0000000000000000/FC9EB4667A39C06EEC73881C7AEAA2E0
[END] Copying Save04
[BGN] Copying Save05 from /home/zany130/.config/Ryujinx/bis/user/save/0000000000000001/0 to /home/zany130/.local/share/yuzu/nand/user/save/0000000000000000/FC9EB4667A39C06EEC73881C7AEAA2E0
[END] Copying Save05
[BGN] Copying Save06 from /home/zany130/.config/Ryujinx/bis/user/save/0000000000000001/0 to /home/zany130/.local/share/yuzu/nand/user/save/0000000000000000/FC9EB4667A39C06EEC73881C7AEAA2E0
[END] Copying Save06
[BGN] Copying Save07 from /home/zany130/.config/Ryujinx/bis/user/save/0000000000000001/0 to /home/zany130/.local/share/yuzu/nand/user/save/0000000000000000/FC9EB4667A39C06EEC73881C7AEAA2E0
[END] Copying Save07
[BGN] Copying Save08 from /home/zany130/.config/Ryujinx/bis/user/save/0000000000000001/0 to /home/zany130/.local/share/yuzu/nand/user/save/0000000000000000/FC9EB4667A39C06EEC73881C7AEAA2E0
[END] Copying Save08
[BGN] Copying Save09 from /home/zany130/.config/Ryujinx/bis/user/save/0000000000000001/0 to /home/zany130/.local/share/yuzu/nand/user/save/0000000000000000/FC9EB4667A39C06EEC73881C7AEAA2E0
[END] Copying Save09
[BGN] Copying SystemSave from /home/zany130/.config/Ryujinx/bis/user/save/0000000000000001/0 to /home/zany130/.local/share/yuzu/nand/user/save/0000000000000000/FC9EB4667A39C06EEC73881C7AEAA2E0
[END] Copying SystemSave
[BGN] Deleting 0100149019460000 from /home/zany130/.local/share/yuzu/nand/user/save/0000000000000000/FC9EB4667A39C06EEC73881C7AEAA2E0
[END] Deleting 0100149019460000
Unison 2.53.3 (ocaml 5.0.0) finished propagating changes at 12:40:18.74 on 24 Sep 2023, 0.023 s


